[0.000000, 0.000000, 0.000000]
[0.019454, 0.016086, 0.007056]
[0.052906, 0.049260, -0.010855]
[0.066616, 0.070895, -0.066265]
[0.030524, 0.067930, -0.123091]
[0.077809, 0.103457, -0.127087]
[0.101249, 0.119797, -0.179340]
[0.094459, 0.143668, -0.145875]
[0.122795, 0.201567, -0.178492]
[0.156676, 0.197303, -0.187974]
[0.163522, 0.252319, -0.226263]
[0.167413, 0.290538, -0.206386]
[0.191152, 0.310759, -0.230642]
[0.220611, 0.300452, -0.268664]
[0.221359, 0.311884, -0.292448]
[0.218793, 0.333329, -0.299676]
[0.246900, 0.332043, -0.308247]
[0.246290, 0.305303, -0.319876]
[0.283433, 0.311422, -0.321298]
[0.323916, 0.318110, -0.344604]
[0.343099, 0.341257, -0.418865]
[0.324534, 0.341658, -0.448748]
[0.321501, 0.349572, -0.452586]
[0.325751, 0.374160, -0.442051]
[0.348073, 0.401565, -0.466084]
[0.363825, 0.385124, -0.484719]
[0.413841, 0.384106, -0.544516]
[0.462625, 0.438879, -0.528290]
[0.447969, 0.476490, -0.560216]
[0.433487, 0.511644, -0.612905]
[0.438219, 0.539205, -0.607497]
[0.482467, 0.576354, -0.552591]
[0.511049, 0.623157, -0.581779]
[0.524173, 0.638912, -0.632546]
[0.528143, 0.631748, -0.665613]
[0.523000, 0.636572, -0.683138]
[0.545742, 0.651475, -0.693192]
[0.589590, 0.673829, -0.724730]
[0.615325, 0.665146, -0.739724]
[0.624756, 0.670747, -0.752731]
[0.626051, 0.724093, -0.744168]
[0.617054, 0.752918, -0.718273]
[0.631489, 0.748713, -0.733234]
[0.651642, 0.766796, -0.719203]
[0.675745, 0.769308, -0.716074]
[0.681674, 0.828385, -0.792915]
[0.681978, 0.828258, -0.814024]
[0.655599, 0.843472, -0.861338]
[0.654356, 0.849282, -0.877053]
[0.660988, 0.841518, -0.911505]
[0.656154, 0.854774, -0.960014]
[0.678064, 0.886825, -0.978219]
[0.716298, 0.914549, -0.975434]
[0.739889, 0.971667, -0.972521]
[0.715680, 0.963978, -1.034635]
[0.740694, 0.999824, -1.085752]
[0.748696, 1.036675, -1.124483]
[0.760374, 1.070484, -1.171610]
[0.790345, 1.064140, -1.209020]
[0.811865, 1.053795, -1.205130]
[0.831854, 1.115883, -1.237953]
[0.848623, 1.164778, -1.249771]
[0.856684, 1.191580, -1.316478]
[0.867709, 1.205632, -1.319390]
[0.853629, 1.226742, -1.345158]
[0.890163, 1.227263, -1.386750]
[0.891765, 1.232345, -1.410434]
[0.948952, 1.251611, -1.433983]
[0.965524, 1.249415, -1.382826]
[0.978573, 1.268291, -1.386592]
[0.988337, 1.280145, -1.423331]
[1.006532, 1.286406, -1.441613]
[0.995758, 1.303379, -1.479997]
[1.008461, 1.358651, -1.475228]
[1.009494, 1.371316, -1.470812]
[0.993892, 1.412798, -1.473388]
[0.966796, 1.425131, -1.509504]
[0.937876, 1.473093, -1.527866]
[0.946088, 1.520336, -1.555087]
[0.955499, 1.559070, -1.562861]
[0.950419, 1.584765, -1.586229]
[0.932273, 1.579428, -1.575331]
[0.951507, 1.593090, -1.611594]
[0.946054, 1.627020, -1.636208]
[0.964474, 1.653989, -1.724200]
[0.965699, 1.671157, -1.782047]
[0.974701, 1.653912, -1.789407]
[0.983664, 1.650394, -1.761093]
[0.963569, 1.628871, -1.759815]
[0.988145, 1.661775, -1.766693]
[0.997161, 1.683028, -1.795463]
[1.002525, 1.690132, -1.820921]
[0.993411, 1.719668, -1.845488]
[0.984741, 1.762523, -1.900846]
[0.973092, 1.785228, -1.940219]
[0.965296, 1.814650, -1.946521]
[0.985437, 1.817058, -1.942230]
[1.010350, 1.849338, -1.961514]
[1.037151, 1.868631, -1.994076]
[1.013452, 1.864222, -2.007349]
[1.000127, 1.870656, -2.002146]
[1.012283, 1.859563, -2.034979]
[1.028851, 1.889069, -2.044987]
[1.055663, 1.892693, -2.062823]
[1.067580, 1.913824, -2.089520]
[1.115883, 1.905079, -2.064238]
[1.113583, 1.957388, -2.104406]
[1.101448, 1.992733, -2.132530]
[1.122440, 2.004179, -2.152542]
[1.071577, 2.061042, -2.133539]
[1.040740, 2.085189, -2.181641]
[1.028325, 2.102307, -2.211847]
[1.028134, 2.139994, -2.226568]
[1.042840, 2.168343, -2.278509]
[1.032557, 2.175933, -2.310926]
[1.004960, 2.218573, -2.319109]
[1.027564, 2.249315, -2.344660]
[1.046298, 2.258338, -2.339280]
[1.016285, 2.257920, -2.360990]
[1.019769, 2.313958, -2.421872]
[1.054148, 2.306510, -2.434237]
[1.060226, 2.345408, -2.463683]
[1.077546, 2.378609, -2.474534]
[1.099669, 2.426849, -2.417805]
[1.114406, 2.451561, -2.386438]
[1.119402, 2.484206, -2.381645]
[1.092899, 2.500239, -2.413509]
[1.096009, 2.537048, -2.382215]
[1.099464, 2.537469, -2.379776]
[1.102981, 2.556647, -2.407439]
[1.120050, 2.569447, -2.478202]
[1.094508, 2.603461, -2.501116]
[1.077865, 2.641501, -2.541983]
[1.112545, 2.633947, -2.560023]
[1.090191, 2.629750, -2.600481]
[1.089368, 2.616733, -2.583153]
[1.098920, 2.615493, -2.576408]
[1.117586, 2.668086, -2.621565]
[1.130140, 2.723077, -2.645712]
[1.159353, 2.769770, -2.646162]
[1.147054, 2.786054, -2.618029]
[1.131884, 2.803462, -2.603820]
[1.136070, 2.839071, -2.634579]
[1.146176, 2.842217, -2.659394]
[1.173073, 2.885803, -2.688720]
[1.212408, 2.903599, -2.675512]
[1.212576, 2.907107, -2.644980]
[1.227788, 2.941442, -2.674009]
[1.207721, 2.953730, -2.673030]
[1.233219, 2.978472, -2.702625]
[1.222431, 2.952142, -2.704444]
[1.214336, 2.965983, -2.747994]
[1.253004, 2.979973, -2.810868]
[1.243705, 3.017448, -2.782471]
[1.262396, 3.024946, -2.782254]
[1.244383, 3.070069, -2.816809]
[1.233454, 3.122445, -2.862017]
[1.233166, 3.157001, -2.897075]
[1.224295, 3.174708, -2.895458]
[1.241985, 3.244910, -2.933628]
[1.258823, 3.297828, -2.971139]
[1.262406, 3.341515, -3.029427]
[1.263066, 3.364529, -3.060423]
[1.227529, 3.395602, -3.085905]
[1.246877, 3.456516, -3.092387]
[1.237116, 3.514018, -3.142901]
[1.255152, 3.553087, -3.151580]
[1.302959, 3.543820, -3.143470]
[1.333588, 3.563296, -3.171924]
[1.327733, 3.568309, -3.156657]
[1.320290, 3.615491, -3.119585]
[1.350375, 3.639186, -3.117005]
[1.348585, 3.657845, -3.135217]
[1.328657, 3.650604, -3.164911]
[1.323746, 3.678304, -3.205643]
[1.353527, 3.660734, -3.201872]
[1.351433, 3.698955, -3.229358]
[1.368480, 3.688308, -3.225006]
[1.358017, 3.700464, -3.219020]
[1.381802, 3.701608, -3.240155]
[1.419751, 3.758268, -3.297545]
[1.434746, 3.784274, -3.304242]
[1.428059, 3.818350, -3.334985]
[1.426077, 3.829446, -3.360142]
[1.459286, 3.853637, -3.382822]
[1.478018, 3.883400, -3.400207]
[1.487662, 3.966252, -3.393268]
[1.459415, 4.006618, -3.403174]
[1.450675, 4.024399, -3.464027]
[1.443702, 4.068908, -3.527249]
[1.457905, 4.118940, -3.592934]
[1.443811, 4.134659, -3.577848]
[1.425181, 4.193974, -3.586462]
[1.448338, 4.222066, -3.563716]
[1.462184, 4.247321, -3.581843]
[1.501973, 4.260098, -3.621102]
[1.536735, 4.306615, -3.644172]
[1.558926, 4.324403, -3.635483]
[1.619541, 4.373046, -3.601401]
[1.629669, 4.426853, -3.582665]
[1.637341, 4.443509, -3.572078]
[1.624397, 4.466780, -3.602259]
[1.632272, 4.487596, -3.615995]
[1.665016, 4.486137, -3.637500]
[1.708656, 4.522150, -3.619665]
[1.729333, 4.554555, -3.629883]
[1.750052, 4.577049, -3.612266]
[1.755424, 4.612472, -3.641573]
[1.806399, 4.609539, -3.636360]
[1.804505, 4.687918, -3.673485]
[1.843948, 4.705978, -3.702193]
[1.861737, 4.739998, -3.717769]
[1.863363, 4.759453, -3.702650]
[1.863690, 4.804390, -3.674037]
[1.866841, 4.829506, -3.704234]
[1.880718, 4.859213, -3.693687]
[1.899884, 4.891599, -3.715580]
[1.892751, 4.937535, -3.757309]
[1.888522, 4.962222, -3.811845]
[1.921109, 4.972276, -3.840650]
[1.955215, 5.017459, -3.823118]
[2.001611, 5.073947, -3.831878]
[2.031142, 5.121221, -3.844072]
[2.042074, 5.116175, -3.882857]
[2.044563, 5.131536, -3.928245]
[2.047144, 5.147016, -3.999901]
[2.078055, 5.179880, -4.012645]
[2.112449, 5.185104, -4.039515]
[2.152117, 5.221235, -4.026654]
[2.162984, 5.274003, -4.031236]
[2.155053, 5.271859, -4.040214]
[2.191481, 5.307283, -4.075877]
[2.214881, 5.383516, -4.052437]
[2.237930, 5.442073, -4.051462]
[2.280525, 5.462032, -4.070936]
[2.289179, 5.463095, -4.089224]
[2.312593, 5.465768, -4.094252]
[2.325946, 5.495408, -4.131515]
[2.346435, 5.511478, -4.161991]
[2.359138, 5.527275, -4.198796]
[2.379901, 5.532998, -4.195356]
[2.393751, 5.563420, -4.225659]
[2.411208, 5.564402, -4.234132]
[2.460961, 5.605138, -4.268473]
[2.474985, 5.622691, -4.291437]
[2.471040, 5.674516, -4.327147]
[2.476890, 5.681493, -4.386501]
[2.468341, 5.720881, -4.401081]
[2.468171, 5.750870, -4.428139]
[2.439607, 5.765504, -4.418704]
[2.423781, 5.832182, -4.438831]
[2.427821, 5.902772, -4.463566]
[2.442477, 5.942063, -4.491971]
[2.483314, 5.960865, -4.504588]
[2.483115, 5.989812, -4.527732]
[2.529714, 6.003934, -4.542926]
[2.546254, 5.993856, -4.540737]
[2.555532, 5.990244, -4.503050]
[2.562946, 6.014678, -4.489778]
[2.591633, 6.044324, -4.476822]
[2.637996, 6.056841, -4.513610]
[2.660453, 6.069297, -4.521670]
[2.696163, 6.107198, -4.494144]
[2.694604, 6.169358, -4.507761]
[2.715636, 6.194124, -4.542655]
[2.685608, 6.234210, -4.552094]
[2.670211, 6.271451, -4.626234]
[2.687860, 6.290401, -4.652310]
[2.691964, 6.323945, -4.665422]
[2.716631, 6.343589, -4.678298]
[2.709098, 6.349344, -4.691866]
[2.747222, 6.364687, -4.692725]
[2.749842, 6.368733, -4.736603]
[2.754223, 6.376201, -4.764373]
[2.767448, 6.422583, -4.753472]
[2.787559, 6.418835, -4.779421]
[2.831029, 6.432323, -4.831916]
[2.856417, 6.449148, -4.819386]
[2.849421, 6.497389, -4.822338]
[2.860653, 6.531016, -4.848631]
[2.892084, 6.539534, -4.856905]
[2.903512, 6.532174, -4.833018]
[2.931913, 6.599698, -4.822558]
[2.930125, 6.631070, -4.846530]
[2.910356, 6.689293, -4.878747]
[2.929029, 6.702961, -4.852795]
[2.930475, 6.758253, -4.842504]
[2.967573, 6.803165, -4.859501]
[2.990092, 6.853011, -4.847885]
[3.015307, 6.913560, -4.867273]
[3.045224, 6.921345, -4.891531]
[3.088981, 6.935679, -4.887974]
[3.109624, 6.984818, -4.888658]
[3.136699, 7.009727, -4.895669]
[3.129449, 7.040954, -4.907328]
[3.144012, 7.139413, -4.948123]
[3.155470, 7.176032, -4.922373]
[3.202833, 7.228712, -4.985127]
[3.239628, 7.273614, -5.020244]
[3.260440, 7.282322, -5.011373]
[3.241363, 7.326275, -4.989462]
[3.242282, 7.365063, -4.986065]
[3.269345, 7.422424, -5.043207]
[3.301447, 7.412718, -5.034283]
[3.295628, 7.463128, -5.042513]
[3.293741, 7.491960, -5.018487]
[3.286240, 7.551037, -5.029258]
[3.305374, 7.597960, -5.028000]
[3.333219, 7.589131, -5.048706]
[3.370153, 7.635782, -5.065331]
[3.385983, 7.628513, -5.120824]
[3.385066, 7.671220, -5.125073]
[3.404583, 7.720398, -5.104986]
[3.415839, 7.714518, -5.113902]
[3.403592, 7.740436, -5.129420]
[3.408225, 7.774232, -5.154700]
[3.449833, 7.785361, -5.179544]
[3.494322, 7.832172, -5.181217]
[3.510378, 7.824299, -5.162828]
[3.508622, 7.831073, -5.206254]
[3.509282, 7.877618, -5.238274]
[3.535216, 7.939150, -5.249498]
[3.577627, 7.951662, -5.254341]
[3.614119, 7.963380, -5.294805]
[3.625731, 7.978517, -5.295206]
[3.606230, 7.976579, -5.336821]
[3.620358, 8.010935, -5.352407]
[3.665373, 8.005046, -5.332447]
[3.669529, 8.044633, -5.331653]
[3.669238, 8.092602, -5.307691]
[3.704927, 8.134583, -5.306464]
[3.703853, 8.189390, -5.303595]
[3.695474, 8.218040, -5.292348]
[3.653905, 8.223887, -5.313463]
[3.655767, 8.264622, -5.319370]
[3.655037, 8.310594, -5.362037]
[3.638561, 8.349926, -5.363734]
[3.666636, 8.397149, -5.393082]
[3.691996, 8.441286, -5.410307]
[3.725974, 8.472301, -5.383493]
[3.728838, 8.500044, -5.399718]
[3.716487, 8.527030, -5.397705]
[3.752442, 8.503878, -5.347908]
[3.781439, 8.514210, -5.373919]
[3.806136, 8.537721, -5.401277]
[3.827102, 8.580441, -5.376016]
[3.862305, 8.623647, -5.351880]
[3.882719, 8.620115, -5.346381]
[3.883668, 8.640061, -5.342107]
[3.925129, 8.688943, -5.333039]
[3.921523, 8.735646, -5.335181]
[3.909276, 8.775522, -5.297523]
[3.936929, 8.782557, -5.268356]
[3.960214, 8.814378, -5.258598]
[3.956465, 8.851349, -5.295093]
[3.974608, 8.893797, -5.309257]
[3.978653, 8.930078, -5.298252]
[4.002088, 8.983120, -5.306001]
[4.030735, 9.021801, -5.358906]
[4.062646, 9.047071, -5.346232]
[4.083592, 9.061763, -5.338130]
[4.101826, 9.089850, -5.342479]
[4.105860, 9.127666, -5.391367]
[4.157570, 9.190208, -5.428913]
[4.173721, 9.223654, -5.451803]
[4.189997, 9.243954, -5.461704]
[4.195631, 9.260201, -5.440885]
[4.180462, 9.301232, -5.455752]
[4.195621, 9.301423, -5.461476]
[4.235651, 9.330340, -5.507669]
[4.248312, 9.352862, -5.529084]
[4.229825, 9.401268, -5.532568]
[4.256141, 9.415762, -5.556455]
[4.283292, 9.447524, -5.586400]
[4.305487, 9.471028, -5.583802]
[4.366590, 9.527015, -5.608297]
[4.378879, 9.558393, -5.620505]
[4.392536, 9.591216, -5.617318]
[4.401158, 9.645378, -5.631959]
[4.405401, 9.665067, -5.646487]
[4.395780, 9.678599, -5.659675]
[4.409509, 9.730778, -5.679350]
[4.401358, 9.759894, -5.670623]
[4.393208, 9.749268, -5.680530]
[4.413717, 9.773012, -5.652568]
[4.435524, 9.813582, -5.667259]
[4.448274, 9.828446, -5.686428]
[4.470670, 9.867184, -5.729206]
[4.460036, 9.951016, -5.750051]
[4.500022, 9.996832, -5.751910]
[4.516890, 10.016203, -5.774314]
[4.537440, 10.018871, -5.794000]
[4.582677, 10.071088, -5.786225]
[4.606283, 10.084544, -5.793246]
[4.608965, 10.111982, -5.787865]
[4.626514, 10.160504, -5.783090]
[4.652839, 10.171800, -5.783668]
[4.663272, 10.189989, -5.788115]
[4.682995, 10.197921, -5.787253]
[4.714124, 10.241164, -5.793760]
[4.752453, 10.294278, -5.802838]
[4.753623, 10.320899, -5.815754]
[4.763420, 10.332988, -5.789448]
[4.784130, 10.351676, -5.829915]
[4.806543, 10.369824, -5.810375]
[4.810907, 10.393697, -5.813684]
[4.821895, 10.443429, -5.863413]
[4.838705, 10.483792, -5.890428]
[4.847802, 10.505762, -5.901955]
[4.845912, 10.502566, -5.918372]
[4.882400, 10.515479, -5.921259]
[4.886142, 10.548755, -5.913904]
[4.900830, 10.551222, -5.934092]
[4.941484, 10.556300, -5.905735]
[4.988312, 10.584406, -5.913124]
[4.983195, 10.596183, -5.885743]
[5.050328, 10.580736, -5.916384]
[5.093458, 10.603326, -5.910950]
[5.121473, 10.630637, -5.939044]
[5.119457, 10.643199, -5.968095]
[5.111053, 10.664693, -5.979460]
[5.088803, 10.733041, -5.994727]
[5.091892, 10.794972, -6.013545]
[5.115453, 10.818452, -6.052735]
[5.137052, 10.852125, -6.046302]
[5.173804, 10.885781, -6.028325]
[5.216926, 10.918208, -6.002254]
[5.260565, 10.966187, -6.043533]
[5.292262, 10.979929, -6.033963]
[5.264201, 11.018095, -6.003785]
[5.247343, 11.024345, -6.001897]
[5.253038, 11.040830, -5.994833]
[5.277079, 11.018196, -5.993916]
[5.311156, 11.006739, -5.959487]
[5.333215, 11.041143, -5.941940]
[5.371245, 11.095016, -5.935539]
[5.368386, 11.161507, -6.001311]
[5.430475, 11.228717, -5.991279]
[5.460032, 11.263158, -6.006524]
[5.506444, 11.318655, -6.033599]
[5.525514, 11.361323, -6.063980]
[5.537934, 11.407530, -6.062509]
[5.543540, 11.498803, -6.105306]
[5.538503, 11.496735, -6.119249]
[5.563536, 11.536422, -6.097604]
[5.600832, 11.574224, -6.142931]
[5.621501, 11.575380, -6.190659]
[5.641903, 11.576125, -6.218865]
[5.671270, 11.618321, -6.223493]
[5.694046, 11.649376, -6.246927]
[5.726782, 11.707399, -6.260322]
[5.762337, 11.761254, -6.267730]
[5.830125, 11.810824, -6.333008]
[5.851410, 11.853290, -6.387018]
[5.880587, 11.859346, -6.406268]
[5.916818, 11.875654, -6.422281]
[5.926312, 11.934046, -6.403756]
[5.942710, 11.985187, -6.396802]
[5.973670, 11.998023, -6.385321]
[5.962532, 12.036526, -6.420925]
[5.986807, 12.056229, -6.498125]
[6.000560, 12.082206, -6.511901]
[6.010548, 12.129830, -6.521644]
[6.048452, 12.213008, -6.549205]
[6.075739, 12.269434, -6.561500]
[6.092586, 12.284579, -6.623916]
[6.127057, 12.298402, -6.579454]
[6.134659, 12.334066, -6.601657]
[6.157771, 12.349903, -6.575491]
[6.148604, 12.392796, -6.600709]
[6.172596, 12.442225, -6.606700]
[6.173541, 12.475400, -6.602049]
[6.099247, 12.508966, -6.608787]
[6.154140, 12.503621, -6.635303]
[6.146177, 12.512260, -6.641118]
[6.143811, 12.517307, -6.657559]
[6.132520, 12.560311, -6.683423]
[6.155241, 12.559114, -6.683469]
[6.128651, 12.583549, -6.690809]
[6.157572, 12.614087, -6.692620]
[6.175807, 12.683673, -6.663640]
[6.227255, 12.745893, -6.701819]
[6.225891, 12.767601, -6.694079]
[6.247941, 12.813751, -6.680984]
[6.303279, 12.815828, -6.673656]
[6.353582, 12.839649, -6.684069]
[6.377409, 12.857304, -6.769650]
[6.411571, 12.903758, -6.771815]
[6.422711, 12.912168, -6.803006]
[6.435791, 12.942819, -6.808928]
[6.443998, 12.979471, -6.849075]
[6.447487, 13.009504, -6.864069]
[6.425298, 13.020548, -6.915479]
[6.422934, 13.035761, -6.942078]
[6.408137, 13.072870, -6.980741]
[6.416999, 13.106415, -7.040350]
[6.428289, 13.133672, -7.041368]
[6.412024, 13.174244, -7.054202]
[6.429220, 13.176503, -7.085203]
[6.447757, 13.194308, -7.108246]
[6.455428, 13.251694, -7.151725]
[6.416914, 13.281956, -7.180061]
[6.434227, 13.313129, -7.163396]
[6.374690, 13.360953, -7.228478]
[6.343443, 13.388179, -7.245159]
[6.333917, 13.420477, -7.237683]
[6.378714, 13.484401, -7.256215]
[6.420337, 13.531148, -7.241930]
[6.409256, 13.544720, -7.245060]
[6.425301, 13.558079, -7.259916]
[6.434486, 13.573801, -7.289445]
[6.455289, 13.628848, -7.315259]
[6.510581, 13.647221, -7.317300]
[6.518250, 13.692180, -7.357232]
[6.549634, 13.726981, -7.383541]
[6.586062, 13.732860, -7.372524]
[6.605944, 13.769420, -7.404642]
[6.644394, 13.772524, -7.420413]
[6.642753, 13.765385, -7.438178]
[6.631262, 13.777176, -7.432381]
[6.635509, 13.803157, -7.487517]
[6.673537, 13.846714, -7.503546]
[6.727984, 13.881231, -7.487463]
[6.743318, 13.891993, -7.475871]
[6.792143, 13.946298, -7.485956]
[6.812076, 13.941413, -7.448091]
[6.809535, 13.944580, -7.486248]
[6.853009, 13.969678, -7.526023]
[6.888129, 13.982506, -7.556756]
[6.878101, 14.009615, -7.563973]
[6.895840, 14.043388, -7.556578]
[6.915881, 14.081970, -7.535010]
[6.915704, 14.127217, -7.567344]
[6.915720, 14.152128, -7.598288]
[6.957843, 14.142665, -7.610356]
[6.949390, 14.167021, -7.598696]
[6.921587, 14.185575, -7.549127]
[6.913323, 14.189422, -7.541873]
[6.931771, 14.217676, -7.586017]
[6.964947, 14.254627, -7.627475]
[6.979168, 14.281230, -7.635015]
[7.002569, 14.321772, -7.638637]
[7.011821, 14.380062, -7.600277]
[7.056432, 14.411171, -7.612300]
[7.079544, 14.413300, -7.602497]
[7.078230, 14.422142, -7.587047]
[7.117210, 14.413502, -7.596153]
[7.148438, 14.410933, -7.576030]
[7.184997, 14.473521, -7.539269]
[7.233623, 14.530468, -7.523262]
[7.253296, 14.543127, -7.507985]
[7.305645, 14.554708, -7.504164]
[7.310143, 14.573600, -7.480676]
[7.329842, 14.609824, -7.480238]
[7.353940, 14.614413, -7.490385]
[7.342752, 14.625488, -7.507399]
[7.343616, 14.687135, -7.507099]
[7.345235, 14.692568, -7.475634]
[7.305878, 14.732531, -7.501616]
[7.292301, 14.775359, -7.564155]
[7.310119, 14.840694, -7.608020]
[7.323215, 14.857041, -7.628048]
[7.311680, 14.898908, -7.620480]
[7.322652, 14.930657, -7.622464]
[7.361636, 14.908775, -7.677780]
[7.325655, 14.937676, -7.719746]
[7.358622, 14.972754, -7.733250]
[7.367792, 14.964655, -7.732669]
[7.384531, 15.033283, -7.726410]
[7.411515, 15.039582, -7.746603]
[7.417816, 15.056604, -7.754094]
[7.401986, 15.040222, -7.796677]
[7.439498, 15.077690, -7.780626]
[7.470426, 15.092787, -7.792726]
[7.476824, 15.114086, -7.784324]
[7.531533, 15.115133, -7.778609]
[7.549820, 15.132202, -7.784116]
[7.555799, 15.117460, -7.789969]
[7.532380, 15.132426, -7.804488]
[7.538194, 15.150064, -7.804895]
[7.559762, 15.187749, -7.800963]
[7.597494, 15.191777, -7.795488]
[7.621161, 15.218230, -7.789229]
[7.616294, 15.258403, -7.804441]
[7.639792, 15.259677, -7.820838]
[7.678026, 15.306829, -7.815829]
[7.666027, 15.332060, -7.802554]
[7.644909, 15.383193, -7.785040]
[7.633604, 15.398099, -7.805847]
[7.613595, 15.456659, -7.844149]
[7.651052, 15.470088, -7.912351]
[7.682960, 15.484283, -7.944108]
[7.663459, 15.532455, -7.952141]
[7.692403, 15.567946, -7.971103]
[7.693494, 15.571131, -7.975616]
[7.717797, 15.631495, -8.014288]
[7.744751, 15.662251, -8.039959]
[7.776757, 15.652896, -8.073503]
[7.818568, 15.662428, -8.076728]
[7.860407, 15.697051, -8.098545]
[7.857821, 15.740993, -8.133305]