[0.000000, 0.000000, 0.000000]
[-0.015512, 0.020964, -0.018105]
[-0.031898, 0.042052, -0.057981]
[-0.035680, 0.062794, -0.069557]
[-0.036826, 0.086745, -0.080787]
[-0.041178, 0.113788, -0.087090]
[-0.049886, 0.128111, -0.099810]
[-0.066158, 0.152058, -0.122843]
[-0.064095, 0.160879, -0.150576]
[-0.081972, 0.178299, -0.169144]
[-0.080141, 0.191020, -0.185075]
[-0.076127, 0.194229, -0.207536]
[-0.089306, 0.211988, -0.228506]
[-0.105351, 0.224021, -0.254289]
[-0.116698, 0.237773, -0.283395]
[-0.129992, 0.257596, -0.314448]
[-0.152683, 0.266993, -0.359598]
[-0.183850, 0.265614, -0.375412]
[-0.207457, 0.287159, -0.404747]
[-0.208604, 0.298391, -0.445540]
[-0.219607, 0.318440, -0.487596]
[-0.231180, 0.337922, -0.520019]
[-0.264984, 0.332304, -0.534344]
[-0.293287, 0.341586, -0.574336]
[-0.317353, 0.337573, -0.616504]
[-0.338207, 0.369430, -0.649964]
[-0.360437, 0.386162, -0.674714]
[-0.370294, 0.401974, -0.695221]
[-0.376940, 0.413204, -0.732122]
[-0.397566, 0.411943, -0.748167]
[-0.425185, 0.415266, -0.767071]
[-0.438823, 0.434173, -0.771543]
[-0.441915, 0.444142, -0.804772]
[-0.478356, 0.462247, -0.837317]
[-0.495545, 0.459842, -0.848890]
[-0.519609, 0.459155, -0.895528]
[-0.541496, 0.477032, -0.916842]
[-0.541839, 0.517027, -0.945378]
[-0.558228, 0.527341, -0.989837]
[-0.582520, 0.543383, -1.028566]
[-0.579773, 0.558510, -1.043804]
[-0.607504, 0.589220, -1.083221]
[-0.649445, 0.609499, -1.120114]
[-0.677295, 0.621186, -1.168814]
[-0.701245, 0.631153, -1.195744]
[-0.730123, 0.652351, -1.225079]
[-0.752126, 0.667708, -1.256817]
[-0.773783, 0.676072, -1.293373]
[-0.814921, 0.706211, -1.347917]
[-0.827869, 0.744144, -1.385616]
[-0.843219, 0.748725, -1.395585]
[-0.879202, 0.781955, -1.409793]
[-0.883213, 0.804759, -1.417125]
[-0.901890, 0.829051, -1.463877]
[-0.914041, 0.845437, -1.512689]
[-0.929740, 0.862512, -1.533889]
[-0.960222, 0.886918, -1.568491]
[-0.969277, 0.915797, -1.604242]
[-0.979592, 0.934706, -1.649623]
[-0.988644, 0.946968, -1.686638]
[-0.984290, 0.953727, -1.729723]
[-0.993000, 0.957282, -1.779458]
[-1.004228, 0.971373, -1.801119]
[-1.029438, 1.000368, -1.843635]
[-1.055907, 1.023746, -1.880306]
[-1.069313, 1.041738, -1.902655]
[-1.082605, 1.043111, -1.933706]
[-1.089480, 1.052277, -1.950207]
[-1.118016, 1.067288, -1.995466]
[-1.159038, 1.087227, -2.006694]
[-1.172330, 1.090891, -2.036143]
[-1.190322, 1.076338, -2.060437]
[-1.200520, 1.088942, -2.084270]
[-1.210261, 1.106702, -2.134578]
[-1.232493, 1.114837, -2.161390]
[-1.252203, 1.115179, -2.191187]
[-1.290019, 1.113002, -2.218117]
[-1.308126, 1.127096, -2.253299]
[-1.318552, 1.132940, -2.291800]
[-1.343306, 1.137520, -2.325722]
[-1.379747, 1.154251, -2.347036]
[-1.394531, 1.171899, -2.377976]
[-1.416078, 1.194245, -2.428399]
[-1.430630, 1.200890, -2.478703]
[-1.455957, 1.227590, -2.508154]
[-1.488388, 1.237101, -2.559490]
[-1.520591, 1.265179, -2.574731]
[-1.532967, 1.279044, -2.613691]
[-1.564822, 1.297606, -2.656666]
[-1.575937, 1.334163, -2.682451]
[-1.586594, 1.365908, -2.710754]
[-1.622001, 1.387801, -2.759798]
[-1.623832, 1.380351, -2.792112]
[-1.665540, 1.385508, -2.856858]
[-1.687426, 1.399368, -2.882413]
[-1.722950, 1.411973, -2.936727]
[-1.761111, 1.433630, -2.956437]
[-1.777726, 1.453795, -2.979467]
[-1.796978, 1.475683, -3.006743]
[-1.820582, 1.519686, -3.019921]
[-1.831011, 1.542834, -3.047652]
[-1.850605, 1.571828, -3.102310]
[-1.875472, 1.603112, -3.142647]
[-1.872951, 1.640011, -3.173010]
[-1.924976, 1.662586, -3.214376]
[-1.951219, 1.676222, -3.239817]
[-1.992586, 1.715291, -3.281756]
[-2.018140, 1.741304, -3.321864]
[-2.046793, 1.767430, -3.348105]
[-2.053211, 1.777057, -3.378014]
[-2.074753, 1.804902, -3.412498]
[-2.099731, 1.852113, -3.427627]
[-2.115888, 1.869071, -3.454902]
[-2.131015, 1.889813, -3.466935]
[-2.173989, 1.900932, -3.515754]
[-2.177428, 1.925574, -3.549562]
[-2.187627, 1.962589, -3.579814]
[-2.199199, 1.993299, -3.611902]
[-2.227160, 2.041658, -3.637687]
[-2.244922, 2.054722, -3.693834]
[-2.250652, 2.075462, -3.741614]
[-2.286289, 2.114078, -3.756281]
[-2.313103, 2.148228, -3.805325]
[-2.350574, 2.164044, -3.851963]
[-2.389075, 2.170922, -3.917049]
[-2.416920, 2.193954, -3.935158]
[-2.445912, 2.241282, -3.963120]
[-2.482239, 2.274859, -3.985003]
[-2.521316, 2.303279, -4.032900]
[-2.545956, 2.317948, -4.062230]
[-2.551229, 2.353700, -4.075977]
[-2.573117, 2.350495, -4.098325]
[-2.582171, 2.382010, -4.126284]
[-2.595004, 2.380752, -4.152408]
[-2.608066, 2.396106, -4.178420]
[-2.647485, 2.445040, -4.221961]
[-2.670633, 2.480795, -4.241438]
[-2.703637, 2.508867, -4.252098]
[-2.720364, 2.519408, -4.274556]
[-2.725407, 2.549661, -4.315459]
[-2.741794, 2.571780, -4.375392]
[-2.759443, 2.600085, -4.401174]
[-2.797832, 2.609715, -4.430508]
[-2.820639, 2.613041, -4.459042]
[-2.861775, 2.638593, -4.501667]
[-2.884580, 2.671135, -4.542800]
[-2.908876, 2.676179, -4.571221]
[-2.934892, 2.700358, -4.617061]
[-2.972939, 2.723276, -4.632074]
[-3.009843, 2.751696, -4.660952]
[-3.011560, 2.759718, -4.702549]
[-3.052242, 2.800052, -4.722375]
[-3.078369, 2.841078, -4.745750]
[-3.105415, 2.859184, -4.779210]
[-3.127647, 2.879697, -4.785167]
[-3.141858, 2.889555, -4.802587]
[-3.188040, 2.926911, -4.851054]
[-3.224710, 2.950631, -4.894939]
[-3.246941, 2.950974, -4.929203]
[-3.274785, 2.955441, -4.975841]
[-3.289226, 2.994172, -5.012052]
[-3.327044, 3.010099, -5.025919]
[-3.353287, 3.019835, -5.051817]
[-3.362799, 3.040577, -5.080923]
[-3.386176, 3.055932, -5.132371]
[-3.407262, 3.098558, -5.161589]
[-3.423418, 3.106354, -5.189430]
[-3.432356, 3.120109, -5.224492]
[-3.461692, 3.133173, -5.280178]
[-3.480601, 3.162050, -5.303099]
[-3.511999, 3.180958, -5.325332]
[-3.543281, 3.195625, -5.365094]
[-3.570098, 3.218888, -5.385608]
[-3.587173, 3.234704, -5.416661]
[-3.612729, 3.257854, -5.437973]
[-3.635992, 3.266450, -5.438089]
[-3.661891, 3.292230, -5.467074]
[-3.654216, 3.308734, -5.491715]
[-3.664873, 3.338411, -5.533193]
[-3.677936, 3.342995, -5.540756]
[-3.668769, 3.347007, -5.596333]
[-3.679997, 3.341964, -5.640682]
[-3.701425, 3.362706, -5.682049]
[-3.709332, 3.375081, -5.704051]
[-3.719071, 3.385741, -5.751949]
[-3.739694, 3.418629, -5.793081]
[-3.761810, 3.446359, -5.836851]
[-3.772695, 3.472948, -5.869851]
[-3.773380, 3.487847, -5.896774]
[-3.802945, 3.505496, -5.942498]
[-3.810165, 3.531050, -5.986041]
[-3.843854, 3.579060, -6.009418]
[-3.860240, 3.605991, -6.032104]
[-3.869865, 3.622153, -6.053185]
[-3.895190, 3.656874, -6.080794]
[-3.933002, 3.665467, -6.121815]
[-3.958559, 3.681279, -6.155843]
[-3.984913, 3.701331, -6.163865]
[-4.005427, 3.729975, -6.220931]
[-4.019524, 3.759654, -6.220591]
[-4.054358, 3.800905, -6.269065]
[-4.074756, 3.810759, -6.272048]
[-4.091257, 3.831267, -6.310547]
[-4.102255, 3.861174, -6.330827]
[-4.124712, 3.888100, -6.354888]
[-4.154506, 3.900705, -6.369555]
[-4.166419, 3.931988, -6.402675]
[-4.172035, 3.953532, -6.423071]
[-4.202288, 3.971636, -6.440830]
[-4.210765, 3.984355, -6.482543]
[-4.223942, 4.001655, -6.501677]
[-4.230244, 4.016324, -6.546820]
[-4.230929, 4.010133, -6.560454]
[-4.251671, 4.026174, -6.576153]
[-4.264620, 4.065702, -6.619236]
[-4.299338, 4.091829, -6.656131]
[-4.328560, 4.117154, -6.669197]
[-4.352622, 4.140188, -6.669769]
[-4.362704, 4.161382, -6.696698]
[-4.381155, 4.161726, -6.730271]
[-4.399601, 4.204353, -6.756855]
[-4.409573, 4.234953, -6.781716]
[-4.438105, 4.254204, -6.802681]
[-4.419656, 4.264635, -6.827317]
[-4.448075, 4.288581, -6.862153]
[-4.464003, 4.301643, -6.888393]
[-4.461827, 4.312528, -6.926093]
[-4.473512, 4.336245, -6.940074]
[-4.490927, 4.344265, -6.957950]
[-4.517970, 4.373714, -6.983038]
[-4.529312, 4.422986, -7.004117]
[-4.549824, 4.454612, -7.024740]
[-4.555207, 4.475582, -7.035399]
[-4.567121, 4.487729, -7.062332]
[-4.564600, 4.510421, -7.083877]
[-4.578465, 4.524857, -7.085825]
[-4.591756, 4.532764, -7.111834]
[-4.604590, 4.542160, -7.147125]
[-4.609286, 4.568397, -7.175200]
[-4.624868, 4.586848, -7.202240]
[-4.664859, 4.621221, -7.244523]
[-4.684684, 4.648493, -7.271453]
[-4.728457, 4.670147, -7.276498]
[-4.731319, 4.667740, -7.296782]
[-4.720088, 4.693866, -7.317173]
[-4.722493, 4.708649, -7.352694]
[-4.742661, 4.720110, -7.381105]
[-4.766953, 4.724235, -7.380074]
[-4.792731, 4.734893, -7.408837]
[-4.804074, 4.760556, -7.455822]
[-4.824694, 4.784502, -7.477251]
[-4.836840, 4.803751, -7.501658]
[-4.868925, 4.804436, -7.516784]
[-4.886571, 4.825522, -7.535575]
[-4.901236, 4.848669, -7.552764]
[-4.920483, 4.862187, -7.571100]
[-4.938476, 4.865051, -7.592185]
[-4.940421, 4.901718, -7.595274]
[-4.954515, 4.916614, -7.616700]
[-4.971131, 4.920625, -7.649928]
[-4.980867, 4.959926, -7.662534]
[-4.990718, 4.972530, -7.692096]
[-5.002060, 4.993499, -7.724178]
[-5.020965, 5.014356, -7.736328]
[-5.059124, 5.021688, -7.769103]
[-5.082613, 5.043688, -7.795573]
[-5.098426, 5.043573, -7.814362]
[-5.128791, 5.047123, -7.828460]
[-5.149303, 5.073246, -7.846562]
[-5.160532, 5.100631, -7.857447]
[-5.165116, 5.115642, -7.887929]
[-5.181045, 5.136725, -7.898931]
[-5.190898, 5.146695, -7.907408]
[-5.193191, 5.142225, -7.923219]
[-5.196856, 5.140965, -7.956338]
[-5.222177, 5.167663, -7.986125]
[-5.213467, 5.194020, -8.005031]
[-5.225611, 5.205361, -7.994146]
[-5.236035, 5.224265, -8.017296]
[-5.276371, 5.239275, -8.050527]
[-5.293671, 5.236634, -8.087193]
[-5.304555, 5.265740, -8.140706]
[-5.296189, 5.283843, -8.156401]
[-5.301803, 5.284990, -8.169575]
[-5.312573, 5.284878, -8.226756]
[-5.347635, 5.309513, -8.244403]
[-5.365738, 5.320854, -8.252423]
[-5.396104, 5.328303, -8.276833]
[-5.417645, 5.355120, -8.296890]
[-5.442399, 5.395798, -8.300554]
[-5.463022, 5.437511, -8.335847]
[-5.488459, 5.452405, -8.348913]
[-5.497170, 5.449196, -8.372859]
[-5.516989, 5.462485, -8.409987]
[-5.528445, 5.486319, -8.420419]
[-5.541050, 5.518745, -8.469580]
[-5.586538, 5.544872, -8.500173]
[-5.595588, 5.547165, -8.519077]
[-5.622860, 5.586471, -8.540162]
[-5.653686, 5.608813, -8.556894]
[-5.671329, 5.630928, -8.584504]
[-5.699860, 5.634480, -8.652339]
[-5.709139, 5.671717, -8.681789]
[-5.721282, 5.692799, -8.726023]
[-5.740189, 5.713538, -8.763840]
[-5.754969, 5.720637, -8.794664]
[-5.768603, 5.744583, -8.835116]
[-5.796562, 5.752029, -8.889891]
[-5.826124, 5.781934, -8.928973]
[-5.839761, 5.792819, -8.928518]
[-5.853281, 5.808173, -8.938252]
[-5.890296, 5.811724, -8.975722]
[-5.904844, 5.827995, -8.986258]
[-5.921344, 5.851712, -9.027397]
[-5.951597, 5.865003, -9.075296]
[-5.970846, 5.887003, -9.122393]
[-5.989980, 5.895823, -9.169835]
[-5.993417, 5.908426, -9.191489]
[-6.030317, 5.915987, -9.246833]
[-6.065495, 5.953113, -9.249354]
[-6.075346, 5.992189, -9.265396]
[-6.098720, 6.019574, -9.298056]
[-6.113271, 6.033553, -9.305964]
[-6.126448, 6.055895, -9.353063]
[-6.158875, 6.051541, -9.366238]
[-6.175372, 6.061739, -9.352033]
[-6.195428, 6.076519, -9.390527]
[-6.217542, 6.075945, -9.448734]
[-6.230606, 6.087176, -9.465120]
[-6.244471, 6.105967, -9.480242]
[-6.258909, 6.101039, -9.505107]
[-6.283542, 6.104363, -9.545097]
[-6.308177, 6.136331, -9.566067]
[-6.330869, 6.160736, -9.575687]
[-6.360663, 6.183309, -9.595627]
[-6.388852, 6.180670, -9.600554]
[-6.422886, 6.200837, -9.619343]
[-6.453939, 6.227993, -9.623697]
[-6.469749, 6.234986, -9.652575]
[-6.486021, 6.267989, -9.651888]
[-6.490259, 6.296291, -9.682716]
[-6.517871, 6.314737, -9.743562]
[-6.541245, 6.324591, -9.764989]
[-6.575047, 6.358397, -9.787444]
[-6.590403, 6.371572, -9.816667]
[-6.619162, 6.399419, -9.833170]
[-6.633942, 6.434942, -9.867548]
[-6.676111, 6.466683, -9.891496]
[-6.705791, 6.486851, -9.916587]
[-6.731914, 6.493382, -9.905354]
[-6.754946, 6.507935, -9.900083]
[-6.760793, 6.521798, -9.920015]
[-6.754720, 6.536123, -9.963905]
[-6.754947, 6.540361, -9.982010]
[-6.773391, 6.540131, -10.005733]
[-6.784729, 6.550214, -10.044924]
[-6.792065, 6.575883, -10.076096]
[-6.828387, 6.599025, -10.099467]
[-6.843973, 6.589743, -10.114478]
[-6.848327, 6.611055, -10.131552]
[-6.855659, 6.624230, -10.146676]
[-6.871929, 6.633966, -10.163181]
[-6.884070, 6.656651, -10.182544]
[-6.906758, 6.646796, -10.210158]
[-6.924980, 6.681401, -10.233187]
[-6.946637, 6.697902, -10.234333]
[-6.961187, 6.708903, -10.271341]
[-6.964167, 6.713026, -10.272832]
[-6.974708, 6.753934, -10.305603]
[-7.000947, 6.774443, -10.323938]
[-7.020998, 6.801709, -10.345824]
[-7.049300, 6.803085, -10.354762]
[-7.038297, 6.820617, -10.389594]
[-7.059495, 6.843074, -10.407349]
[-7.095938, 6.850290, -10.406887]
[-7.121836, 6.868623, -10.432329]
[-7.149223, 6.884203, -10.469805]
[-7.164121, 6.898177, -10.510824]
[-7.179020, 6.922351, -10.548179]
[-7.210994, 6.960395, -10.551502]
[-7.223824, 6.981706, -10.577740]
[-7.236195, 7.028341, -10.645577]
[-7.261863, 7.048965, -10.689005]
[-7.283294, 7.094571, -10.697025]
[-7.318589, 7.115195, -10.710543]
[-7.338300, 7.127455, -10.739074]
[-7.362705, 7.132953, -10.775968]
[-7.390548, 7.137190, -10.797854]
[-7.396851, 7.145555, -10.817448]
[-7.413233, 7.172023, -10.850565]
[-7.422976, 7.189556, -10.882309]
[-7.429964, 7.202391, -10.938798]
[-7.453336, 7.211788, -10.950945]
[-7.483477, 7.242387, -10.980049]
[-7.505128, 7.269313, -10.988183]
[-7.525064, 7.285585, -11.016256]
[-7.544314, 7.305752, -11.025882]
[-7.553477, 7.316294, -11.064729]
[-7.587164, 7.333022, -11.083977]
[-7.609052, 7.357090, -11.092342]
[-7.647783, 7.383903, -11.122136]
[-7.657291, 7.416099, -11.154328]
[-7.674475, 7.436033, -11.170600]
[-7.678710, 7.454937, -11.204171]
[-7.715264, 7.490458, -11.213793]
[-7.734171, 7.501914, -11.206573]
[-7.744709, 7.514977, -11.253778]
[-7.758914, 7.532166, -11.273481]
[-7.795584, 7.552794, -11.312785]
[-7.830880, 7.567346, -11.340631]
[-7.858154, 7.594730, -11.339256]
[-7.885654, 7.623147, -11.356213]
[-7.883708, 7.637815, -11.364691]
[-7.886114, 7.669557, -11.397459]
[-7.891269, 7.686286, -11.412353]
[-7.909483, 7.697056, -11.429659]
[-7.913148, 7.726387, -11.448677]
[-7.936407, 7.752862, -11.450048]
[-7.948321, 7.769249, -11.470673]
[-7.957255, 7.815777, -11.504363]
[-7.949465, 7.855425, -11.516622]
[-7.968028, 7.860239, -11.552254]
[-7.988537, 7.873646, -11.578724]
[-8.028761, 7.898167, -11.612637]
[-8.059353, 7.912265, -11.667522]
[-8.072764, 7.938162, -11.712214]
[-8.106107, 7.966346, -11.732379]
[-8.131083, 7.999692, -11.773517]
[-8.150558, 8.044954, -11.789330]
[-8.170030, 8.070621, -11.826679]
[-8.182517, 8.090215, -11.856009]
[-8.204970, 8.123212, -11.888549]
[-8.221353, 8.154718, -11.925556]
[-8.226507, 8.167663, -11.934381]
[-8.259280, 8.179120, -11.975172]
[-8.271652, 8.198483, -11.998779]
[-8.287580, 8.235610, -12.021930]
[-8.291131, 8.260475, -12.024337]
[-8.319551, 8.292106, -12.046105]
[-8.340865, 8.296230, -12.077961]
[-8.337769, 8.310324, -12.077044]
[-8.356905, 8.343441, -12.119782]
[-8.362980, 8.391338, -12.156448]
[-8.385894, 8.428926, -12.187612]
[-8.396781, 8.446462, -12.202966]
[-8.426229, 8.466283, -12.230117]
[-8.426913, 8.487253, -12.246615]
[-8.424049, 8.517390, -12.271936]
[-8.437683, 8.537332, -12.293249]
[-8.463923, 8.553602, -12.327967]
[-8.485241, 8.572626, -12.353635]
[-8.495896, 8.597150, -12.406230]
[-8.516979, 8.617661, -12.415167]
[-8.513537, 8.631411, -12.449655]
[-8.511703, 8.644358, -12.479218]
[-8.527059, 8.664866, -12.507066]
[-8.550436, 8.710821, -12.540521]
[-8.569341, 8.736374, -12.561259]
[-8.586526, 8.775219, -12.585093]
[-8.581139, 8.783010, -12.614659]
[-8.599580, 8.805930, -12.641929]
[-8.610583, 8.832859, -12.665183]
[-8.620548, 8.854627, -12.693598]
[-8.612296, 8.865849, -12.728435]
[-8.619971, 8.892429, -12.738864]
[-8.632114, 8.898844, -12.770262]
[-8.655604, 8.909157, -12.786421]
[-8.681499, 8.948689, -12.810826]
[-8.706366, 8.972067, -12.850354]
[-8.717937, 8.997160, -12.870634]
[-8.738675, 9.023398, -12.889309]
[-8.764802, 9.025229, -12.910048]
[-8.786342, 9.058573, -12.944082]
[-8.800547, 9.078739, -12.973764]
[-8.818879, 9.118840, -13.008022]
[-8.834464, 9.132130, -13.030826]
[-8.855889, 9.156078, -13.071393]
[-8.851761, 9.181054, -13.085942]
[-8.887397, 9.225287, -13.111386]
[-8.902869, 9.241789, -13.150348]
[-8.937475, 9.276055, -13.164214]
[-8.953979, 9.304242, -13.184838]
[-8.974147, 9.322575, -13.207411]
[-8.985489, 9.325438, -13.234454]
[-9.008405, 9.328188, -13.289798]
[-9.027776, 9.341366, -13.342627]
[-9.049320, 9.340789, -13.362224]
[-9.066851, 9.358665, -13.378954]
[-9.080942, 9.386510, -13.413675]
[-9.084954, 9.398656, -13.429489]
[-9.094460, 9.415616, -13.478302]
[-9.104427, 9.448846, -13.484943]
[-9.125517, 9.455263, -13.486889]
[-9.144656, 9.469120, -13.519199]
[-9.163107, 9.498563, -13.550600]
[-9.198510, 9.507502, -13.567327]
[-9.218905, 9.517239, -13.588294]
[-9.232539, 9.550011, -13.593337]
[-9.240445, 9.576941, -13.637796]
[-9.259122, 9.599863, -13.679159]
[-9.278942, 9.630690, -13.697604]
[-9.280315, 9.656819, -13.726714]
[-9.292459, 9.661289, -13.740808]
[-9.306323, 9.686378, -13.747682]
[-9.315256, 9.704251, -13.740691]
[-9.339090, 9.727403, -13.755816]
[-9.355126, 9.752035, -13.789736]
[-9.342862, 9.768075, -13.829959]
[-9.356376, 9.800159, -13.884847]
[-9.359012, 9.831097, -13.914751]
[-9.352365, 9.841748, -13.938010]
[-9.392929, 9.863522, -13.956571]
[-9.394530, 9.876815, -14.000116]
[-9.415838, 9.893661, -14.042632]
[-9.442993, 9.888733, -14.093054]
[-9.453422, 9.917267, -14.109096]
[-9.478862, 9.931593, -14.129032]
[-9.493071, 9.939725, -14.170858]
[-9.500519, 9.978111, -14.197442]
[-9.509455, 10.000801, -14.230554]
[-9.522512, 10.031623, -14.266422]
[-9.549665, 10.069779, -14.305032]
[-9.564220, 10.099225, -14.333333]
[-9.584384, 10.136467, -14.362784]
[-9.609592, 10.175772, -14.387763]
[-9.616008, 10.184594, -14.427405]
[-9.642476, 10.224128, -14.443215]
[-9.666081, 10.256095, -14.484702]
[-9.671465, 10.268128, -14.506929]
[-9.687615, 10.299068, -14.513230]
[-9.708012, 10.312473, -14.522623]
[-9.741128, 10.331493, -14.541411]
[-9.766226, 10.350173, -14.546913]
[-9.783066, 10.361057, -14.552300]
[-9.798534, 10.390736, -14.575217]
[-9.819964, 10.405859, -14.599283]
[-9.833257, 10.424422, -14.595274]
[-9.844940, 10.449981, -14.634579]
[-9.868317, 10.468081, -14.665289]
[-9.867058, 10.498326, -14.690267]
[-9.880693, 10.498899, -14.701488]
[-9.918281, 10.507836, -14.722690]
[-9.935590, 10.526858, -14.752367]
[-9.946475, 10.579686, -14.778606]
[-9.969392, 10.599507, -14.796023]
[-9.999187, 10.613373, -14.825353]
[-10.032991, 10.655424, -14.884250]
[-10.035172, 10.673643, -14.910724]
[-10.053732, 10.690603, -14.940510]
[-10.058199, 10.702860, -14.951621]
[-10.086732, 10.736662, -14.984851]
[-10.121222, 10.747550, -15.002487]
[-10.139209, 10.781350, -15.016354]
[-10.155591, 10.798537, -15.025288]
[-10.181252, 10.814919, -15.055882]
[-10.218721, 10.824200, -15.085214]
[-10.244962, 10.836687, -15.105732]
[-10.275325, 10.846312, -15.122229]
[-10.286437, 10.863381, -15.134832]
[-10.315770, 10.900506, -15.166913]
[-10.343844, 10.915629, -15.179858]
[-10.365047, 10.937632, -15.213435]
[-10.399425, 10.961929, -15.230858]
[-10.411228, 10.984847, -15.262484]
[-10.412606, 11.022320, -15.286770]
[-10.453512, 11.070680, -15.290668]
[-10.466465, 11.116282, -15.319198]
[-10.489264, 11.146650, -15.354837]
[-10.506106, 11.183552, -15.356433]
[-10.540137, 11.215635, -15.377626]
[-10.573596, 11.224458, -15.405818]
[-10.587230, 11.237172, -15.418997]
[-10.615415, 11.266280, -15.439054]
[-10.645317, 11.282207, -15.444899]
[-10.664794, 11.301800, -15.439284]
[-10.679802, 11.323916, -15.462425]
[-10.701805, 11.367924, -15.484654]
[-10.707766, 11.382935, -15.496120]
[-10.732741, 11.424296, -15.513882]
[-10.769183, 11.462685, -15.536685]
[-10.772159, 11.492019, -15.548482]
[-10.792442, 11.519060, -15.570023]
[-10.812033, 11.559394, -15.594651]
[-10.826583, 11.581854, -15.635333]
[-10.855114, 11.611876, -15.649082]
[-10.867944, 11.629519, -15.684951]
[-10.873098, 11.653926, -15.691819]
[-10.885128, 11.701140, -15.711293]
[-10.891891, 11.718784, -15.716454]
[-10.908848, 11.746400, -15.758738]
[-10.917100, 11.782035, -15.780734]
[-10.946548, 11.822138, -15.824048]
[-10.940249, 11.862356, -15.867138]
[-10.961560, 11.886649, -15.887425]
[-10.974395, 11.919762, -15.906557]
[-10.992957, 11.943712, -15.963616]
[-11.003151, 11.958718, -15.979766]
[-11.040393, 11.994010, -16.001532]
[-11.063766, 12.024262, -16.028790]
[-11.060211, 12.055774, -16.065224]
[-11.063190, 12.079261, -16.089396]