[0.000000, 0.000000, 0.000000]
[0.013984, -0.009087, -0.031722]
[0.030713, 0.002443, -0.030212]
[0.050138, -0.028270, -0.004006]
[0.072400, -0.017100, -0.014075]
[0.099845, -0.026543, -0.028354]
[0.129425, -0.039036, -0.019193]
[0.127474, -0.039336, -0.028700]
[0.145789, -0.044648, -0.037127]
[0.144161, -0.036937, -0.045462]
[0.140288, -0.061160, -0.076500]
[0.150647, -0.080134, -0.052787]
[0.172030, -0.078777, -0.074651]
[0.209831, -0.076457, -0.077350]
[0.214977, -0.088739, -0.062703]
[0.221190, -0.083414, -0.049210]
[0.239053, -0.064793, -0.083472]
[0.231599, -0.057727, -0.056972]
[0.233578, -0.055320, -0.090278]
[0.273191, -0.069727, -0.105332]
[0.271676, -0.045784, -0.110263]
[0.276971, -0.004869, -0.092183]
[0.290831, -0.018189, -0.104514]
[0.304602, 0.001510, -0.112612]
[0.294674, 0.005492, -0.100810]
[0.283585, -0.000545, -0.094979]
[0.285130, -0.016827, -0.083993]
[0.298680, -0.015148, -0.101800]
[0.316329, -0.041073, -0.085110]
[0.320464, -0.029734, -0.062255]
[0.312690, -0.040059, -0.063184]
[0.317097, -0.018996, -0.040779]
[0.331932, -0.036747, -0.057542]
[0.326001, -0.060291, -0.072911]
[0.312944, -0.059716, -0.071682]
[0.328149, -0.052627, -0.034841]
[0.352121, -0.053025, -0.031634]
[0.354240, -0.042793, -0.009991]
[0.372598, -0.051032, -0.011249]
[0.356129, -0.066482, 0.008967]
[0.353905, -0.036122, 0.000714]
[0.357585, -0.043801, 0.017494]
[0.364442, -0.067008, 0.009021]
[0.359411, -0.061535, 0.035770]
[0.400335, -0.046502, 0.060607]
[0.410111, -0.065165, 0.064288]
[0.418390, -0.101143, 0.092234]
[0.423438, -0.107409, 0.149372]
[0.431363, -0.090227, 0.162477]
[0.432096, -0.120236, 0.147316]
[0.432165, -0.115856, 0.134010]
[0.441719, -0.125960, 0.159358]
[0.439036, -0.132773, 0.155298]
[0.471925, -0.127490, 0.192561]
[0.476746, -0.126155, 0.211877]
[0.484048, -0.127464, 0.199284]
[0.493557, -0.108903, 0.182636]
[0.480340, -0.084757, 0.187406]
[0.480828, -0.071256, 0.194059]
[0.495792, -0.054759, 0.196546]
[0.505462, -0.074079, 0.194870]
[0.492322, -0.084669, 0.183652]
[0.498760, -0.085422, 0.211545]
[0.498767, -0.071112, 0.239106]
[0.525264, -0.075284, 0.238850]
[0.534924, -0.085711, 0.253832]
[0.539876, -0.092383, 0.263722]
[0.526843, -0.085991, 0.251221]
[0.522192, -0.101854, 0.237909]
[0.510299, -0.098349, 0.230494]
[0.526415, -0.102331, 0.228600]
[0.527330, -0.091307, 0.249054]
[0.534102, -0.091736, 0.282137]
[0.537704, -0.082291, 0.257586]
[0.518225, -0.039458, 0.251224]
[0.523503, -0.023973, 0.264283]
[0.529133, -0.019568, 0.279017]
[0.539294, -0.030052, 0.275823]
[0.527309, 0.012293, 0.282395]
[0.532399, 0.007202, 0.308189]
[0.536148, 0.015227, 0.328685]
[0.527509, 0.001007, 0.330767]
[0.500656, 0.018463, 0.302382]
[0.506864, 0.033584, 0.339448]
[0.511428, 0.029219, 0.337222]
[0.492460, 0.021470, 0.326588]
[0.487273, 0.028100, 0.319825]
[0.487229, 0.031679, 0.309345]
[0.495183, 0.062788, 0.346216]
[0.493654, 0.074033, 0.368809]
[0.495038, 0.075667, 0.374781]
[0.487538, 0.052462, 0.412948]
[0.484483, 0.070844, 0.413286]
[0.474902, 0.063737, 0.426116]
[0.455384, 0.065123, 0.408343]
[0.458656, 0.076418, 0.389872]
[0.452322, 0.071959, 0.395453]
[0.431812, 0.052018, 0.405101]
[0.428544, 0.040291, 0.370811]
[0.467073, 0.021447, 0.366082]
[0.472983, 0.022241, 0.369224]
[0.470265, 0.011194, 0.335233]
[0.480377, 0.001881, 0.360115]
[0.475059, 0.002281, 0.365239]
[0.457218, -0.012792, 0.337129]
[0.468549, -0.008963, 0.345122]
[0.482080, -0.011107, 0.347664]
[0.487549, -0.009747, 0.361779]
[0.496080, -0.018421, 0.369866]
[0.491808, -0.014405, 0.382946]
[0.486104, 0.006090, 0.389835]
[0.480880, -0.001708, 0.395499]
[0.479685, 0.003220, 0.372684]
[0.474596, 0.016581, 0.376558]
[0.500966, 0.042481, 0.392994]
[0.514843, 0.058905, 0.365555]
[0.528113, 0.065366, 0.351307]
[0.553074, 0.067391, 0.335481]
[0.542752, 0.098773, 0.349510]
[0.538327, 0.101601, 0.377124]
[0.547319, 0.091784, 0.383648]
[0.556370, 0.101613, 0.392617]
[0.575444, 0.103887, 0.440298]
[0.567497, 0.083485, 0.456104]
[0.561027, 0.110450, 0.439912]
[0.541970, 0.122435, 0.399036]
[0.539684, 0.132117, 0.364811]
[0.510384, 0.137471, 0.357446]
[0.514857, 0.138535, 0.381229]
[0.512947, 0.127320, 0.394475]
[0.500909, 0.095917, 0.394198]
[0.497271, 0.114266, 0.385204]
[0.506017, 0.107149, 0.371259]
[0.486417, 0.095218, 0.359134]
[0.470107, 0.096107, 0.354826]
[0.464476, 0.109457, 0.379109]
[0.462288, 0.110118, 0.370393]
[0.455246, 0.105164, 0.350825]
[0.432464, 0.122029, 0.349197]
[0.441474, 0.099785, 0.319833]
[0.435949, 0.103123, 0.312967]
[0.423561, 0.121577, 0.314508]
[0.417415, 0.143925, 0.295035]
[0.399779, 0.155225, 0.303699]
[0.407619, 0.149083, 0.307159]
[0.412569, 0.144806, 0.335241]
[0.419887, 0.150666, 0.352232]
[0.406831, 0.153415, 0.344969]
[0.390501, 0.161413, 0.331330]
[0.366751, 0.161420, 0.315149]
[0.372795, 0.156996, 0.290592]
[0.362302, 0.149380, 0.302797]
[0.343224, 0.171469, 0.286685]
[0.330125, 0.143276, 0.315184]
[0.298292, 0.136680, 0.312916]
[0.289557, 0.124301, 0.325402]
[0.268912, 0.115136, 0.320391]
[0.271567, 0.112101, 0.289410]
[0.275468, 0.103029, 0.247992]
[0.271559, 0.105621, 0.191248]
[0.259395, 0.083010, 0.216281]
[0.256850, 0.089751, 0.235135]
[0.242181, 0.097823, 0.213043]
[0.246995, 0.084151, 0.207570]
[0.241606, 0.084302, 0.198907]
[0.227303, 0.098278, 0.181853]
[0.202196, 0.088921, 0.167617]
[0.212381, 0.084220, 0.197539]
[0.229244, 0.096198, 0.182357]
[0.230803, 0.085335, 0.176028]
[0.218816, 0.070279, 0.182954]
[0.228233, 0.059473, 0.113032]
[0.231641, 0.057532, 0.152337]
[0.221720, 0.055056, 0.168957]
[0.209319, 0.038428, 0.170922]
[0.205561, 0.046774, 0.143912]
[0.204176, 0.050581, 0.145443]
[0.205175, 0.060361, 0.134249]
[0.174739, 0.087029, 0.119921]
[0.173625, 0.097806, 0.116794]
[0.140808, 0.112589, 0.098521]
[0.125148, 0.115372, 0.083876]
[0.096780, 0.123824, 0.061724]
[0.064048, 0.129906, 0.050930]
[0.042697, 0.123407, 0.025588]
[0.037413, 0.117675, 0.044065]
[0.018822, 0.141902, 0.071350]
[0.014449, 0.159453, 0.084773]
[0.029588, 0.152699, 0.089136]
[0.035184, 0.176585, 0.108762]
[0.033467, 0.183671, 0.103920]
[0.032070, 0.192690, 0.090071]
[0.005034, 0.185030, 0.076077]
[0.005335, 0.192156, 0.054398]
[-0.006180, 0.189072, 0.042083]
[-0.017603, 0.190549, 0.015915]
[-0.037028, 0.190549, 0.003839]
[-0.061424, 0.218130, -0.025902]
[-0.051961, 0.233543, -0.016387]
[-0.086283, 0.240957, -0.006414]
[-0.113349, 0.258716, 0.022774]
[-0.146843, 0.249829, 0.049875]
[-0.170298, 0.245163, 0.076944]
[-0.201534, 0.210470, 0.084967]
[-0.226404, 0.217016, 0.078878]
[-0.250352, 0.230540, 0.097279]
[-0.259391, 0.227019, 0.092324]
[-0.249571, 0.230247, 0.104054]
[-0.267795, 0.226428, 0.113603]
[-0.257858, 0.248165, 0.093577]
[-0.267798, 0.242738, 0.073769]
[-0.284535, 0.254081, 0.042984]
[-0.273029, 0.261118, 0.076638]
[-0.279095, 0.254204, 0.065064]
[-0.290692, 0.253948, 0.042121]
[-0.277440, 0.266027, 0.010577]
[-0.291258, 0.263081, 0.025643]
[-0.322025, 0.291837, 0.007099]
[-0.336361, 0.299934, 0.033635]
[-0.331008, 0.301473, 0.043826]
[-0.341914, 0.317298, 0.044187]
[-0.371556, 0.329909, 0.058368]
[-0.414559, 0.305573, 0.068765]
[-0.416989, 0.329109, 0.060322]
[-0.432802, 0.358420, 0.060251]
[-0.450413, 0.385917, 0.038058]
[-0.455269, 0.397624, 0.027331]
[-0.469117, 0.415666, 0.023955]
[-0.464733, 0.414244, 0.045006]
[-0.475845, 0.430300, 0.009540]
[-0.481512, 0.424561, -0.022549]
[-0.501589, 0.423867, -0.044371]
[-0.499858, 0.425937, -0.044534]
[-0.511312, 0.435928, -0.052961]
[-0.511717, 0.430846, -0.042484]
[-0.517939, 0.418606, -0.080520]
[-0.536726, 0.407914, -0.091145]
[-0.565045, 0.431546, -0.136126]
[-0.584187, 0.419106, -0.128856]
[-0.590355, 0.405789, -0.117953]
[-0.601754, 0.421860, -0.129943]
[-0.611381, 0.423084, -0.135631]
[-0.647512, 0.441878, -0.131445]
[-0.680346, 0.454422, -0.161200]
[-0.702421, 0.451666, -0.200701]
[-0.729449, 0.455993, -0.213448]
[-0.738588, 0.465611, -0.187082]
[-0.748926, 0.460642, -0.172489]
[-0.776063, 0.468451, -0.173488]
[-0.785905, 0.474078, -0.173878]
[-0.773597, 0.471124, -0.167628]
[-0.812600, 0.459815, -0.145369]
[-0.817459, 0.477810, -0.139275]
[-0.837980, 0.478036, -0.129413]
[-0.859324, 0.495016, -0.130539]
[-0.864860, 0.502601, -0.165643]
[-0.889081, 0.507586, -0.173930]
[-0.909129, 0.489093, -0.135101]
[-0.903310, 0.468687, -0.147001]
[-0.897366, 0.453648, -0.126485]
[-0.915132, 0.489778, -0.125946]
[-0.951803, 0.500244, -0.132380]
[-0.970909, 0.484438, -0.140227]
[-0.992127, 0.487907, -0.164953]
[-1.002986, 0.529221, -0.163935]
[-0.981039, 0.519217, -0.140444]
[-0.986569, 0.529591, -0.145270]
[-0.996992, 0.567179, -0.168642]
[-1.006918, 0.562053, -0.160067]
[-1.010817, 0.538974, -0.165995]
[-1.020271, 0.531983, -0.161963]
[-1.033439, 0.561854, -0.136613]
[-1.033946, 0.562540, -0.163168]
[-1.040754, 0.567807, -0.169966]
[-1.045233, 0.553390, -0.180706]
[-1.075199, 0.549224, -0.187146]
[-1.074565, 0.562955, -0.184225]
[-1.067743, 0.550050, -0.181689]
[-1.087026, 0.541201, -0.182314]
[-1.095749, 0.552894, -0.192979]
[-1.089874, 0.581044, -0.198943]
[-1.118107, 0.614855, -0.187414]
[-1.141935, 0.611342, -0.197922]
[-1.178474, 0.614767, -0.191684]
[-1.187205, 0.624655, -0.193268]
[-1.168339, 0.637076, -0.218528]
[-1.184069, 0.643795, -0.221417]
[-1.218499, 0.646197, -0.234526]
[-1.221084, 0.641825, -0.243670]
[-1.214770, 0.649731, -0.249675]
[-1.247609, 0.647185, -0.247922]
[-1.257715, 0.665469, -0.251504]
[-1.273004, 0.664058, -0.269952]
[-1.269365, 0.686154, -0.261864]
[-1.293100, 0.689315, -0.276983]
[-1.299612, 0.701145, -0.290487]
[-1.327592, 0.704332, -0.308585]
[-1.327797, 0.727740, -0.334618]
[-1.329203, 0.733435, -0.344821]
[-1.322998, 0.759170, -0.361329]
[-1.343703, 0.754168, -0.338774]
[-1.336035, 0.767858, -0.355119]
[-1.347356, 0.797513, -0.384459]
[-1.365786, 0.784204, -0.405204]
[-1.381122, 0.795142, -0.401387]
[-1.392918, 0.840843, -0.399236]
[-1.412014, 0.852209, -0.413600]
[-1.413076, 0.865251, -0.439403]
[-1.408564, 0.881863, -0.445798]
[-1.431788, 0.895422, -0.475558]
[-1.448627, 0.923970, -0.504134]
[-1.473704, 0.938723, -0.528400]
[-1.497029, 0.960248, -0.530494]
[-1.518331, 0.981425, -0.546856]
[-1.515036, 1.003786, -0.548382]
[-1.525587, 1.006023, -0.553627]
[-1.533166, 1.039822, -0.560551]
[-1.550240, 1.047372, -0.581521]
[-1.562503, 1.050430, -0.606481]
[-1.574047, 1.054822, -0.603843]
[-1.587313, 1.079877, -0.618703]
[-1.614785, 1.115753, -0.614504]
[-1.631529, 1.140523, -0.619668]
[-1.635643, 1.141869, -0.670289]
[-1.623987, 1.141013, -0.676935]
[-1.631700, 1.131396, -0.687842]
[-1.640563, 1.155321, -0.703227]
[-1.674382, 1.158818, -0.709968]
[-1.727691, 1.188321, -0.745044]
[-1.747299, 1.195373, -0.776438]
[-1.767331, 1.212948, -0.787184]
[-1.783404, 1.219119, -0.821063]
[-1.783056, 1.238864, -0.836451]
[-1.780505, 1.244663, -0.874970]
[-1.785126, 1.226351, -0.864712]
[-1.803073, 1.249305, -0.883953]
[-1.847521, 1.267919, -0.905315]
[-1.868670, 1.304690, -0.902472]
[-1.879833, 1.298111, -0.891952]
[-1.891864, 1.317863, -0.912160]
[-1.902955, 1.353057, -0.915938]
[-1.889931, 1.362129, -0.918838]
[-1.894885, 1.381700, -0.922585]
[-1.917827, 1.381971, -0.937216]
[-1.914768, 1.396001, -0.964483]
[-1.938652, 1.408246, -0.961520]
[-1.943350, 1.418334, -0.956168]
[-1.933400, 1.426719, -0.940551]
[-1.946754, 1.467757, -0.928199]
[-1.987808, 1.463223, -0.942934]
[-1.997459, 1.500003, -0.964813]
[-2.009902, 1.476956, -0.942652]
[-2.006731, 1.495015, -0.962049]
[-2.020025, 1.468847, -0.955897]
[-2.034513, 1.448769, -0.938924]
[-2.032951, 1.450441, -0.936775]
[-2.042083, 1.427069, -0.963277]
[-2.056520, 1.411807, -0.956251]
[-2.094146, 1.401977, -0.972799]
[-2.104100, 1.413475, -0.971550]
[-2.107681, 1.407843, -1.005766]
[-2.131855, 1.412953, -1.037846]
[-2.144974, 1.416813, -1.060844]
[-2.136665, 1.406348, -1.051458]
[-2.155060, 1.403051, -1.043555]
[-2.157542, 1.403058, -1.055537]
[-2.178631, 1.393459, -1.063547]
[-2.208190, 1.395499, -1.054788]
[-2.229545, 1.443579, -1.051796]
[-2.203613, 1.438071, -1.069929]
[-2.210102, 1.447191, -1.083508]
[-2.214665, 1.441704, -1.103361]
[-2.252485, 1.457896, -1.124898]
[-2.296061, 1.474196, -1.140176]
[-2.340231, 1.495570, -1.123060]
[-2.360274, 1.506405, -1.106796]
[-2.389105, 1.489578, -1.089524]
[-2.401386, 1.524222, -1.096017]
[-2.437068, 1.536230, -1.089684]
[-2.456922, 1.549444, -1.071867]
[-2.470273, 1.553044, -1.094685]
[-2.472813, 1.563754, -1.100388]
[-2.464381, 1.579524, -1.114276]
[-2.487284, 1.592475, -1.129242]
[-2.500602, 1.590611, -1.134915]
[-2.526711, 1.592976, -1.142692]
[-2.531122, 1.602055, -1.126336]
[-2.549898, 1.591148, -1.121056]
[-2.577094, 1.572845, -1.136224]
[-2.564399, 1.570108, -1.141604]
[-2.595789, 1.593633, -1.120632]
[-2.616494, 1.569437, -1.152691]
[-2.620558, 1.545698, -1.162069]
[-2.651177, 1.577265, -1.168799]
[-2.661918, 1.574770, -1.175992]
[-2.677308, 1.587169, -1.177171]
[-2.691223, 1.595302, -1.191769]
[-2.722576, 1.584518, -1.198068]
[-2.733791, 1.577546, -1.221550]
[-2.735010, 1.590984, -1.226673]
[-2.773284, 1.609390, -1.224361]
[-2.769893, 1.624076, -1.226019]
[-2.768727, 1.634478, -1.254666]
[-2.777197, 1.649178, -1.281516]
[-2.812702, 1.628714, -1.260567]
[-2.806608, 1.637003, -1.248053]
[-2.802630, 1.631525, -1.271386]
[-2.826753, 1.638899, -1.300543]
[-2.821190, 1.607291, -1.311829]
[-2.820577, 1.626956, -1.301748]
[-2.833180, 1.618746, -1.284776]
[-2.842422, 1.621832, -1.300224]
[-2.882952, 1.610366, -1.296331]
[-2.909256, 1.609888, -1.310709]
[-2.921395, 1.581542, -1.313209]
[-2.936821, 1.574240, -1.279063]
[-2.956209, 1.571889, -1.287879]
[-2.950106, 1.597834, -1.321677]
[-2.955850, 1.594353, -1.343584]
[-2.986242, 1.604638, -1.325033]
[-2.976474, 1.586629, -1.311139]
[-2.992374, 1.592195, -1.321310]
[-3.023925, 1.601025, -1.322620]
[-3.046013, 1.618493, -1.337884]
[-3.043018, 1.627369, -1.338262]
[-3.048042, 1.627167, -1.354277]
[-3.055668, 1.607635, -1.346107]
[-3.068169, 1.620059, -1.364594]
[-3.105022, 1.637730, -1.396740]
[-3.101850, 1.657009, -1.426687]
[-3.130529, 1.642905, -1.447147]
[-3.134686, 1.642739, -1.462480]
[-3.163861, 1.627435, -1.467422]
[-3.169873, 1.639495, -1.494777]
[-3.197664, 1.629601, -1.513237]
[-3.214398, 1.634030, -1.494030]
[-3.240016, 1.660679, -1.510486]
[-3.258269, 1.666494, -1.545999]
[-3.269834, 1.677217, -1.555920]
[-3.276635, 1.698966, -1.539158]
[-3.291043, 1.697432, -1.562950]
[-3.320019, 1.713225, -1.569244]
[-3.316167, 1.696777, -1.629420]
[-3.319628, 1.724938, -1.625536]
[-3.327139, 1.729451, -1.638677]
[-3.344173, 1.716791, -1.654128]
[-3.376465, 1.697466, -1.646182]
[-3.397041, 1.694819, -1.665179]
[-3.414871, 1.676078, -1.684263]
[-3.433171, 1.672894, -1.701051]
[-3.453364, 1.691833, -1.713790]
[-3.473246, 1.705481, -1.715359]
[-3.515570, 1.709992, -1.672622]
[-3.518928, 1.716458, -1.706262]
[-3.508620, 1.731559, -1.732242]
[-3.531486, 1.716699, -1.723137]
[-3.550799, 1.707347, -1.764731]
[-3.578300, 1.685397, -1.785001]
[-3.583325, 1.679281, -1.794006]
[-3.588721, 1.688668, -1.788807]
[-3.574733, 1.677486, -1.744527]
[-3.594467, 1.677225, -1.721041]
[-3.595697, 1.676547, -1.747906]
[-3.593218, 1.669084, -1.747263]
[-3.596965, 1.661412, -1.755513]
[-3.585721, 1.710814, -1.749672]
[-3.572727, 1.716389, -1.763618]
[-3.580878, 1.724915, -1.797838]
[-3.583177, 1.740452, -1.787854]
[-3.580594, 1.724885, -1.804895]
[-3.605225, 1.693838, -1.830568]
[-3.598179, 1.670072, -1.839725]
[-3.587752, 1.653073, -1.842898]
[-3.600034, 1.680838, -1.843814]
[-3.579475, 1.686235, -1.849795]
[-3.601546, 1.666515, -1.858522]
[-3.609301, 1.681856, -1.857718]
[-3.607418, 1.675649, -1.885064]
[-3.597829, 1.668883, -1.890241]
[-3.572341, 1.665049, -1.864350]
[-3.585942, 1.661708, -1.872401]
[-3.583847, 1.659292, -1.856465]
[-3.603604, 1.683853, -1.848999]
[-3.619299, 1.679925, -1.868614]
[-3.606434, 1.661068, -1.870506]
[-3.617842, 1.673953, -1.883027]
[-3.633891, 1.689814, -1.918594]
[-3.635081, 1.676916, -1.935931]
[-3.656766, 1.668147, -1.937828]
[-3.658614, 1.666266, -1.957536]
[-3.679882, 1.663287, -1.984831]
[-3.694609, 1.665986, -2.002281]
[-3.692736, 1.658271, -2.008667]
[-3.681334, 1.666916, -2.026042]
[-3.702268, 1.683082, -2.043941]
[-3.718718, 1.687755, -2.043412]
[-3.701912, 1.692712, -2.028864]
[-3.738405, 1.701510, -2.035457]
[-3.742589, 1.693255, -2.038077]
[-3.763366, 1.670609, -2.034790]
[-3.786307, 1.687708, -2.045024]
[-3.808073, 1.704399, -2.064348]
[-3.803440, 1.710811, -2.076337]
[-3.799076, 1.701279, -2.053074]
[-3.808011, 1.703423, -2.037345]
[-3.835438, 1.720968, -2.026597]
[-3.821131, 1.708725, -2.025400]
[-3.827592, 1.700599, -2.039612]
[-3.859863, 1.710064, -2.054046]
[-3.859545, 1.711357, -2.056655]
[-3.866067, 1.707947, -2.084160]
[-3.853468, 1.724365, -2.111495]
[-3.849931, 1.716966, -2.140395]
[-3.818695, 1.717301, -2.140019]
[-3.813380, 1.737925, -2.163756]
[-3.828681, 1.739286, -2.175951]
[-3.833359, 1.721208, -2.181581]
[-3.852526, 1.719715, -2.168900]
[-3.869292, 1.720477, -2.177200]
[-3.872626, 1.704096, -2.217423]
[-3.862551, 1.694293, -2.212741]
[-3.846957, 1.700891, -2.239627]
[-3.858558, 1.701197, -2.265542]
[-3.851917, 1.702699, -2.283427]
[-3.853698, 1.693778, -2.277805]
[-3.850523, 1.713699, -2.292698]
[-3.853566, 1.694968, -2.326129]
[-3.867607, 1.719788, -2.347354]
[-3.901364, 1.724662, -2.322858]
[-3.928662, 1.737776, -2.332512]
[-3.929344, 1.736101, -2.335299]
[-3.950127, 1.736905, -2.349549]
[-3.957632, 1.737755, -2.356129]
[-3.949374, 1.726549, -2.335637]
[-3.947550, 1.715236, -2.363688]
[-3.944077, 1.707613, -2.349821]
[-3.939648, 1.687476, -2.354885]
[-3.934050, 1.681689, -2.368006]
[-3.957388, 1.677668, -2.363857]
[-3.940257, 1.685530, -2.398414]
[-3.932376, 1.679921, -2.408875]
[-3.937227, 1.678255, -2.408965]
[-3.945506, 1.688280, -2.421117]
[-3.930832, 1.703903, -2.400884]
[-3.944768, 1.712371, -2.387875]
[-3.953642, 1.713655, -2.395032]
[-3.966369, 1.707372, -2.377159]
[-3.963681, 1.707853, -2.374969]
[-3.970706, 1.709009, -2.345307]
[-3.990998, 1.699578, -2.352297]
[-3.968601, 1.711948, -2.357268]
[-3.959401, 1.707235, -2.342902]
[-3.970419, 1.694184, -2.361115]
[-3.995990, 1.691925, -2.368144]
[-4.026952, 1.696745, -2.380648]
[-4.037487, 1.695394, -2.376638]
[-4.021217, 1.697124, -2.376580]
[-4.016140, 1.715306, -2.392694]
[-4.009924, 1.732542, -2.404240]
[-4.035039, 1.748076, -2.431004]
[-4.036219, 1.744623, -2.425880]
[-4.036638, 1.730600, -2.447749]
[-4.027675, 1.755557, -2.454063]
[-4.018233, 1.748952, -2.468184]
[-4.015612, 1.736015, -2.480412]
[-4.024894, 1.720598, -2.510500]
[-4.050792, 1.735899, -2.521194]
[-4.064004, 1.740819, -2.520972]
[-4.064333, 1.781407, -2.510723]
[-4.069837, 1.786624, -2.530139]
[-4.081849, 1.774121, -2.529345]
[-4.079483, 1.747826, -2.520170]
[-4.086320, 1.751644, -2.500558]
[-4.094324, 1.769087, -2.493094]
[-4.108367, 1.775773, -2.486204]
[-4.120514, 1.770380, -2.481670]
[-4.135240, 1.767814, -2.504510]
[-4.133447, 1.763466, -2.525446]
[-4.158981, 1.724883, -2.564466]
[-4.166244, 1.745317, -2.584478]
[-4.164542, 1.740722, -2.577643]
[-4.177042, 1.779704, -2.558377]
[-4.185455, 1.797738, -2.561601]
[-4.170108, 1.800194, -2.548464]
[-4.189984, 1.801668, -2.535465]
[-4.198637, 1.838301, -2.512178]
[-4.221281, 1.805993, -2.557543]
[-4.224014, 1.795625, -2.573829]
[-4.204390, 1.797784, -2.614353]
[-4.236409, 1.801850, -2.611663]
[-4.279732, 1.783513, -2.609060]
[-4.326859, 1.788211, -2.636932]
[-4.350330, 1.791543, -2.662077]
[-4.367306, 1.764143, -2.628033]
[-4.383792, 1.779698, -2.625311]
[-4.409603, 1.789819, -2.630132]
[-4.398699, 1.805090, -2.624895]
[-4.398296, 1.815706, -2.624642]
[-4.401444, 1.829393, -2.637894]
[-4.417319, 1.853415, -2.635972]
[-4.424168, 1.871070, -2.632111]