[0.000000, 0.000000, 0.000000]
[0.024275, 0.007811, 0.016902]
[0.036309, 0.053361, 0.027787]
[0.090738, 0.075131, 0.072477]
[0.119386, 0.103494, 0.106568]
[0.163505, 0.139016, 0.121751]
[0.198456, 0.167380, 0.145528]
[0.236559, 0.185144, 0.200818]
[0.263489, 0.212074, 0.218298]
[0.300445, 0.258771, 0.225171]
[0.332818, 0.264212, 0.279028]
[0.397561, 0.263353, 0.317414]
[0.430794, 0.266217, 0.354372]
[0.454286, 0.281403, 0.365259]
[0.490667, 0.311197, 0.418545]
[0.543090, 0.322944, 0.440030]
[0.576896, 0.328102, 0.458362]
[0.602679, 0.350447, 0.490732]
[0.624164, 0.358757, 0.515945]
[0.657681, 0.380526, 0.506204]
[0.699794, 0.374510, 0.519669]
[0.717556, 0.398287, 0.584415]
[0.753366, 0.428367, 0.592437]
[0.782303, 0.421776, 0.645431]
[0.840460, 0.431231, 0.660329]
[0.872546, 0.473628, 0.665485]
[0.908931, 0.487380, 0.664054]
[0.964794, 0.511730, 0.704733]
[0.994877, 0.524625, 0.719344]
[1.001463, 0.519469, 0.740827]
[1.022944, 0.525770, 0.794685]
[1.075656, 0.548402, 0.793252]
[1.095998, 0.577338, 0.800986]
[1.134386, 0.591378, 0.831352]
[1.171632, 0.590519, 0.849976]
[1.195696, 0.634061, 0.869454]
[1.214889, 0.700524, 0.872315]
[1.231503, 0.705683, 0.898956]
[1.250411, 0.720006, 0.909842]
[1.305413, 0.725165, 0.969717]
[1.326615, 0.738342, 1.018420]
[1.356407, 0.762695, 1.043917]
[1.391644, 0.758398, 1.038481]
[1.442354, 0.771862, 1.065413]
[1.452382, 0.797644, 1.065130]
[1.502805, 0.807673, 1.099508]
[1.557809, 0.809681, 1.099225]
[1.638880, 0.854944, 1.148214]
[1.678991, 0.888462, 1.201215]
[1.698757, 0.898491, 1.226140]
[1.722821, 0.932006, 1.235589]
[1.759776, 0.953776, 1.256215]
[1.790714, 0.959223, 1.300333]
[1.813634, 0.963519, 1.343596]
[1.850588, 0.959508, 1.378546]
[1.895854, 0.991308, 1.380262]
[1.950285, 1.000188, 1.406614]
[1.962603, 0.979564, 1.405475]
[2.002712, 0.987871, 1.443577]
[2.011881, 1.020526, 1.492852]
[2.065735, 1.043729, 1.538973]
[2.124175, 1.054327, 1.575073]
[2.145664, 1.078396, 1.580228]
[2.179755, 1.060923, 1.605154]
[2.193511, 1.088997, 1.646118]
[2.222443, 1.130248, 1.714874]
[2.249945, 1.146576, 1.760139]
[2.290336, 1.166627, 1.789359]
[2.351644, 1.179802, 1.770163]
[2.398055, 1.208736, 1.824878]
[2.437875, 1.215611, 1.867277]
[2.483710, 1.240818, 1.855815]
[2.524387, 1.265743, 1.872432]
[2.582828, 1.296684, 1.914827]
[2.591136, 1.304132, 1.964103]
[2.633822, 1.318738, 1.982150]
[2.700571, 1.335066, 1.997620]
[2.729506, 1.341082, 2.031717]
[2.773621, 1.338790, 2.066379]
[2.836648, 1.340224, 2.085571]
[2.861858, 1.366581, 2.114794]
[2.875035, 1.405543, 2.180970]
[2.916862, 1.400966, 2.158910]
[2.956970, 1.432763, 2.175812]
[2.988196, 1.437349, 2.181827]
[3.023720, 1.440498, 2.203313]
[3.065543, 1.436488, 2.190707]
[3.115390, 1.453390, 2.218782]
[3.155780, 1.454248, 2.234538]
[3.207636, 1.453676, 2.281811]
[3.221964, 1.494927, 2.293268]
[3.252044, 1.510399, 2.346267]
[3.271527, 1.520136, 2.356006]
[3.324524, 1.549068, 2.369184]
[3.330827, 1.578866, 2.389236]
[3.400726, 1.591759, 2.426193]
[3.460886, 1.596915, 2.473461]
[3.511595, 1.622983, 2.502683]
[3.560873, 1.615250, 2.546515]
[3.609577, 1.625567, 2.574874]
[3.635360, 1.603795, 2.605816]
[3.687212, 1.599786, 2.671134]
[3.695809, 1.615543, 2.699491]
[3.703829, 1.614395, 2.741599]
[3.725032, 1.612968, 2.768527]
[3.782903, 1.641901, 2.788584]
[3.801239, 1.682008, 2.806344]
[3.838480, 1.681442, 2.827542]
[3.850512, 1.689463, 2.843014]
[3.869421, 1.684881, 2.861923]
[3.914685, 1.684306, 2.922654]
[3.948200, 1.688318, 2.969924]
[3.970834, 1.724416, 3.011464]
[4.037295, 1.745328, 3.014616]
[4.068807, 1.731576, 3.009172]
[4.117223, 1.736160, 3.051858]
[4.119804, 1.749624, 3.078218]
[4.144724, 1.769967, 3.112308]
[4.186260, 1.801192, 3.115747]
[4.215771, 1.805201, 3.134371]
[4.265332, 1.822391, 3.127213]
[4.311171, 1.861352, 3.124350]
[4.342684, 1.892577, 3.133231]
[4.381360, 1.936121, 3.142686]
[4.397692, 1.959613, 3.175629]
[4.425771, 2.000295, 3.214304]
[4.474759, 2.000012, 3.264152]
[4.483356, 2.026653, 3.308272]
[4.516015, 2.061033, 3.319731]
[4.540942, 2.100275, 3.360123]
[4.574172, 2.120615, 3.398224]
[4.601388, 2.138091, 3.464120]
[4.609983, 2.195387, 3.494200]
[4.656964, 2.220599, 3.513681]
[4.700797, 2.246954, 3.532303]
[4.723431, 2.266434, 3.556941]
[4.756375, 2.277033, 3.599056]
[4.781296, 2.276748, 3.618539]
[4.801922, 2.299665, 3.638875]
[4.809656, 2.311408, 3.659500]
[4.805646, 2.312842, 3.659786]
[4.794187, 2.352088, 3.692161]
[4.816247, 2.361543, 3.724531]
[4.853776, 2.387322, 3.756903]
[4.882999, 2.426855, 3.781254]
[4.914227, 2.431437, 3.795865]
[4.943731, 2.469539, 3.780972]
[4.982693, 2.509359, 3.793576]
[5.001028, 2.544593, 3.813917]
[5.065198, 2.557196, 3.854313]
[5.059184, 2.579829, 3.918483]
[5.071785, 2.606183, 3.913328]
[5.083818, 2.638264, 3.960309]
[5.126503, 2.660897, 3.999272]
[5.169762, 2.691553, 4.024197]
[5.174347, 2.741113, 4.056568]
[5.198981, 2.771766, 4.053992]
[5.226194, 2.800987, 4.060580]
[5.265443, 2.831063, 4.070896]
[5.295524, 2.834219, 4.063735]
[5.319306, 2.875473, 4.092669]
[5.358554, 2.906987, 4.138794]
[5.374025, 2.930763, 4.198382]
[5.415564, 2.948527, 4.248804]
[5.470856, 2.967435, 4.274583]
[5.512683, 2.972304, 4.320988]
[5.568830, 3.020716, 4.340183]
[5.600054, 3.046214, 4.348779]
[5.641593, 3.065692, 4.401486]
[5.643599, 3.084598, 4.435865]
[5.638158, 3.107517, 4.435295]
[5.656779, 3.128430, 4.451336]
[5.660790, 3.147052, 4.506628]
[5.690011, 3.169400, 4.511498]
[5.724962, 3.177708, 4.533268]
[5.759049, 3.188020, 4.602021]
[5.792852, 3.234720, 4.626374]
[5.834677, 3.267670, 4.633822]
[5.888253, 3.274545, 4.616635]
[5.939534, 3.282852, 4.657027]
[5.966465, 3.297464, 4.670497]
[5.966753, 3.368220, 4.696854]
[5.984227, 3.413770, 4.705452]
[6.017744, 3.419791, 4.726077]
[6.050403, 3.463620, 4.741834]
[6.072175, 3.507736, 4.775348]
[6.109990, 3.518334, 4.784229]
[6.131474, 3.515468, 4.816314]
[6.160697, 3.518335, 4.876185]
[6.204246, 3.553854, 4.900536]
[6.241201, 3.547551, 4.918870]
[6.274719, 3.541820, 4.955825]
[6.332301, 3.544973, 4.990776]
[6.378139, 3.548405, 5.035751]
[6.402203, 3.587653, 5.028874]
[6.417960, 3.601116, 5.028012]
[6.459785, 3.602834, 5.055224]
[6.493018, 3.613434, 5.116529]
[6.527681, 3.605125, 5.170959]
[6.557190, 3.618586, 5.191298]
[6.594429, 3.626319, 5.222238]
[6.604170, 3.646658, 5.269794]
[6.624796, 3.668430, 5.293284]
[6.638546, 3.663845, 5.308753]
[6.672636, 3.706813, 5.315629]
[6.709016, 3.706813, 5.300157]
[6.729639, 3.702806, 5.338254]
[6.776045, 3.734889, 5.366038]
[6.790367, 3.733745, 5.393538]
[6.826177, 3.714840, 5.400126]
[6.896361, 3.742913, 5.424477]
[6.919851, 3.757236, 5.466590]
[6.967120, 3.767550, 5.513860]
[6.969987, 3.792475, 5.547093]
[7.016397, 3.810811, 5.535348]
[7.054500, 3.831723, 5.574880]
[7.131275, 3.856646, 5.633605]
[7.165366, 3.870396, 5.635895]
[7.166513, 3.853494, 5.661107]
[7.163074, 3.865808, 5.686319]
[7.192007, 3.857501, 5.712674]
[7.262195, 3.884430, 5.702075]
[7.299722, 3.883570, 5.721842]
[7.327797, 3.912218, 5.775698]
[7.348424, 3.911357, 5.817241]
[7.378219, 3.920522, 5.873100]
[7.395694, 3.967504, 5.863933]
[7.414602, 3.975814, 5.873960]
[7.446115, 3.993002, 5.881120]
[7.499972, 4.009619, 5.915209]
[7.556406, 4.009043, 5.941278]
[7.573595, 4.003888, 5.958177]
[7.618857, 3.999876, 5.965339]
[7.623442, 4.024512, 5.992268]
[7.681022, 4.036546, 5.993130]
[7.700217, 4.025088, 6.015473]
[7.703939, 4.040560, 6.026648]
[7.752925, 4.048584, 6.005456]
[7.767537, 4.053455, 6.042411]
[7.792747, 4.058325, 6.063037]
[7.825118, 4.047151, 6.076791]
[7.826264, 4.096139, 6.094553]
[7.858351, 4.150283, 6.140105]
[7.863506, 4.194975, 6.167607]
[7.897023, 4.208436, 6.212010]
[7.942286, 4.282348, 6.237511]
[7.957761, 4.336779, 6.253556]
[8.005316, 4.364855, 6.267020]
[8.025661, 4.393792, 6.271601]
[8.048866, 4.412987, 6.266732]
[8.069206, 4.442208, 6.261862]
[8.091551, 4.439345, 6.287069]
[8.119053, 4.463409, 6.326031]
[8.147417, 4.532445, 6.389922]
[8.188670, 4.565961, 6.401095]
[8.199554, 4.608357, 6.396228]
[8.251978, 4.626406, 6.382473]
[8.240805, 4.643308, 6.403959]
[8.251118, 4.663648, 6.393363]
[8.276901, 4.695730, 6.428885]
[8.319009, 4.742711, 6.418574]
[8.337916, 4.766202, 6.432037]
[8.371432, 4.802871, 6.455815]
[8.396071, 4.800009, 6.471858]
[8.424714, 4.806028, 6.497925]
[8.454223, 4.829519, 6.498790]
[8.478285, 4.821786, 6.495928]
[8.468830, 4.818634, 6.548063]
[8.490315, 4.859598, 6.567543]
[8.506361, 4.898275, 6.603065]
[8.534719, 4.883096, 6.605359]
[8.558212, 4.865905, 6.585593]
[8.581704, 4.892265, 6.576421]
[8.631842, 4.908598, 6.621111]
[8.666220, 4.934379, 6.621115]
[8.706614, 4.956720, 6.679558]
[8.747008, 4.994537, 6.714510]
[8.778236, 4.999979, 6.736857]
[8.795714, 5.017738, 6.756623]
[8.820640, 5.018599, 6.799023]
[8.859024, 5.032063, 6.841992]
[8.880224, 5.060713, 6.863480]
[8.898273, 5.090223, 6.906450]
[8.901997, 5.119448, 6.907024]
[8.924630, 5.159555, 6.937392]
[8.943538, 5.188490, 6.943406]
[8.957004, 5.181330, 6.977787]
[9.015161, 5.206824, 6.998412]
[9.030919, 5.227451, 6.980079]
[9.058709, 5.245787, 6.990394]
[9.074463, 5.276439, 6.995837]
[9.081052, 5.305664, 7.024768]
[9.116861, 5.326289, 7.055706]
[9.149523, 5.353506, 7.076044]
[9.166713, 5.364103, 7.086644]
[9.182755, 5.363816, 7.117872]
[9.215127, 5.352930, 7.125031]
[9.234602, 5.381864, 7.102402]
[9.268977, 5.393322, 7.090652]
[9.290463, 5.407359, 7.131328]
[9.316818, 5.440299, 7.184898]
[9.316534, 5.450041, 7.199512]
[9.325130, 5.442309, 7.224151]
[9.343750, 5.482416, 7.278290]
[9.358936, 5.525960, 7.284307]
[9.399045, 5.569217, 7.320686]
[9.418527, 5.589556, 7.312667]
[9.458632, 5.618777, 7.324412]
[9.452903, 5.633959, 7.338452]
[9.485847, 5.607033, 7.336444]
[9.481267, 5.621352, 7.325844]
[9.504760, 5.655730, 7.339599]
[9.523667, 5.701567, 7.332722]
[9.560908, 5.714457, 7.367383]
[9.619349, 5.734800, 7.434702]
[9.637114, 5.743678, 7.453894]
[9.659457, 5.736522, 7.469934]
[9.693259, 5.743110, 7.506889]
[9.720186, 5.789806, 7.524077]
[9.769459, 5.796679, 7.514624]
[9.811857, 5.844807, 7.533244]
[9.847095, 5.885777, 7.567337]
[9.883189, 5.891506, 7.590252]
[9.916994, 5.909837, 7.586530]
[9.941630, 5.934476, 7.599135]
[9.962255, 5.960545, 7.620337]
[10.005225, 5.969426, 7.668750]
[10.018692, 6.010962, 7.700549]
[10.060804, 5.987760, 7.726043]
[10.092035, 5.986327, 7.751256]
[10.116385, 5.993775, 7.763001]
[10.126125, 5.999788, 7.822586]
[10.149903, 6.006091, 7.851523]
[10.166524, 6.019552, 7.889620]
[10.193737, 5.991478, 7.905952]
[10.220669, 5.982026, 7.930880]
[10.242442, 5.995205, 7.945204]
[10.249318, 5.975152, 7.936041]
[10.267938, 5.982886, 7.958959]
[10.287993, 6.015543, 7.986744]
[10.304896, 5.990046, 7.976718]
[10.319795, 6.006947, 7.976428]
[10.328104, 6.044194, 7.992179]
[10.378524, 6.078285, 8.014238]
[10.396286, 6.088314, 8.004213]
[10.418058, 6.113237, 8.036584]
[10.438115, 6.145610, 8.074398]
[10.470197, 6.165663, 8.107630]
[10.483376, 6.186576, 8.120811]
[10.494264, 6.196600, 8.105913]
[10.559867, 6.200611, 8.122813]
[10.621743, 6.194308, 8.122523]
[10.673594, 6.208922, 8.159478]
[10.683910, 6.211217, 8.181826]
[10.692793, 6.243304, 8.209904]
[10.704259, 6.253617, 8.217353]
[10.745226, 6.252470, 8.223657]
[10.776742, 6.247031, 8.240554]
[10.815990, 6.237007, 8.282092]
[10.839195, 6.238153, 8.309876]
[10.859533, 6.254767, 8.310740]
[10.945184, 6.265654, 8.315325]
[10.976699, 6.290006, 8.351422]
[11.011647, 6.319798, 8.390100]
[11.030843, 6.353316, 8.403566]
[11.047750, 6.371937, 8.445104]
[11.091293, 6.397436, 8.459143]
[11.123667, 6.375950, 8.454273]
[11.146299, 6.404025, 8.470602]
[11.190704, 6.400587, 8.487507]
[11.213337, 6.460746, 8.495522]
[11.226517, 6.487674, 8.526746]
[11.246282, 6.486812, 8.564841]
[11.269201, 6.505720, 8.574011]
[11.307587, 6.518036, 8.584898]
[11.369180, 6.543818, 8.604091]
[11.384654, 6.553273, 8.631591]
[11.416453, 6.551558, 8.661954]
[11.434502, 6.571037, 8.686876]
[11.427909, 6.583935, 8.698046]
[11.465433, 6.570187, 8.724684]
[11.498376, 6.592531, 8.732130]
[11.518143, 6.592816, 8.761639]
[11.561397, 6.619171, 8.796297]
[11.609810, 6.656983, 8.768512]
[11.682861, 6.679040, 8.787131]
[11.707501, 6.717430, 8.815779]
[11.719248, 6.741495, 8.846715]
[11.751334, 6.759542, 8.911459]
[11.799747, 6.745789, 8.917474]
[11.814644, 6.773572, 8.980216]
[11.812637, 6.804509, 9.008006]
[11.857610, 6.822843, 9.026341]
[11.880241, 6.839746, 9.069600]
[11.920919, 6.836021, 9.089656]
[11.940687, 6.891883, 9.135202]
[11.973919, 6.902195, 9.162129]
[12.004287, 6.913079, 9.189919]
[12.032936, 6.987273, 9.207397]
[12.071610, 7.027381, 9.225447]
[12.091381, 7.032255, 9.220862]
[12.120315, 7.070356, 9.212841]
[12.148391, 7.082386, 9.222868]
[12.198524, 7.097566, 9.227741]
[12.224020, 7.108455, 9.247218]
[12.251242, 7.131374, 9.310244]
[12.296505, 7.145411, 9.342615]
[12.357814, 7.135954, 9.374988]
[12.387034, 7.133663, 9.402200]
[12.443186, 7.147704, 9.414516]
[12.474127, 7.139400, 9.447173]
[12.493033, 7.138252, 9.447172]
[12.517959, 7.152287, 9.427124]
[12.567232, 7.184090, 9.429707]
[12.591298, 7.175211, 9.457783]
[12.636847, 7.181509, 9.496457]
[12.643437, 7.216456, 9.499894]
[12.671225, 7.241955, 9.524815]
[12.752872, 7.253418, 9.541428]
[12.808735, 7.289804, 9.547733]
[12.829650, 7.292383, 9.558042]
[12.847127, 7.319024, 9.589837]
[12.872910, 7.329908, 9.607028]
[12.894969, 7.317871, 9.632235]
[12.901560, 7.338211, 9.678070]
[12.936511, 7.366282, 9.706146]
[12.957994, 7.358544, 9.728491]
[13.004403, 7.386621, 9.760863]
[13.005834, 7.390630, 9.795239]
[13.053675, 7.392919, 9.800679]
[13.077168, 7.412403, 9.801828]
[13.130738, 7.409250, 9.833914]
[13.160824, 7.433600, 9.884045]
[13.180303, 7.442482, 9.908399]
[13.167980, 7.471416, 9.892064]
[13.172563, 7.480298, 9.902663]
[13.211523, 7.518682, 9.945059]
[13.268819, 7.543034, 9.946780]
[13.299472, 7.519827, 9.980874]
[13.328407, 7.507795, 10.000633]
[13.354762, 7.515819, 10.005790]
[13.373380, 7.562803, 10.032715]
[13.407187, 7.582001, 10.061358]
[13.453020, 7.619815, 10.128680]
[13.466199, 7.637288, 10.152463]
[13.500003, 7.654477, 10.170510]
[13.526075, 7.651899, 10.211765]
[13.588812, 7.622676, 10.232678]
[13.636077, 7.634991, 10.261898]
[13.640663, 7.675381, 10.306587]
[13.674466, 7.697157, 10.326356]
[13.705118, 7.680828, 10.316328]
[13.748090, 7.676817, 10.296272]
[13.810829, 7.712625, 10.325210]
[13.828593, 7.763621, 10.353862]
[13.868987, 7.800580, 10.357873]
[13.902790, 7.836678, 10.383660]
[13.905939, 7.863615, 10.416604]
[13.917115, 7.902577, 10.414028]
[13.942895, 7.944975, 10.477337]
[13.970682, 7.945548, 10.512577]
[13.995324, 7.958439, 10.547236]
[14.027408, 7.980213, 10.579036]
[14.034282, 8.000269, 10.601384]
[14.072098, 8.021756, 10.630035]
[14.107050, 8.047253, 10.645506]
[14.141141, 8.056418, 10.703946]
[14.204165, 8.028633, 10.725718]
[14.230238, 8.061007, 10.738898]
[14.252015, 8.100545, 10.750932]
[14.279231, 8.115156, 10.754945]
[14.313034, 8.099687, 10.767262]
[14.335954, 8.115158, 10.791329]
[14.350852, 8.129198, 10.824850]
[14.364607, 8.138655, 10.838317]
[14.388668, 8.137222, 10.874414]
[14.412164, 8.127195, 10.863534]
[14.419897, 8.157848, 10.863245]
[14.486357, 8.150113, 10.848918]
[14.531615, 8.164723, 10.866681]
[14.568285, 8.191654, 10.855511]
[14.608395, 8.185637, 10.875280]
[14.664259, 8.175609, 10.919971]
[14.673430, 8.211701, 10.953484]
[14.723847, 8.246650, 11.018798]
[14.763382, 8.258401, 11.031119]
[14.788877, 8.299938, 11.047732]
[14.816380, 8.317700, 11.056615]
[14.818103, 8.338614, 11.085262]
[14.858496, 8.344917, 11.152587]
[14.892873, 8.368406, 11.121936]
[14.928396, 8.391897, 11.143425]
[14.973370, 8.397054, 11.175230]
[15.002015, 8.429141, 11.175804]
[15.000012, 8.464092, 11.200729]
[15.035533, 8.472402, 11.239979]
[15.050714, 8.474121, 11.223937]
[15.086811, 8.453498, 11.219064]
[15.119473, 8.468969, 11.244849]
[15.175617, 8.500767, 11.243992]
[15.202830, 8.511653, 11.279227]
[15.221743, 8.528837, 11.332797]
[15.263577, 8.550323, 11.325347]
[15.305404, 8.562640, 11.360009]
[15.336632, 8.569514, 11.376625]
[15.370436, 8.584126, 11.378343]
[15.424868, 8.631110, 11.418447]
[15.474144, 8.656892, 11.429620]
[15.493907, 8.667776, 11.471729]
[15.549199, 8.672650, 11.491212]
[15.564386, 8.633121, 11.513554]
[15.591889, 8.639135, 11.542490]
[15.610224, 8.695859, 11.517851]
[15.664655, 8.715629, 11.521857]
[15.696168, 8.722218, 11.543058]
[15.724530, 8.712478, 11.566262]
[15.783542, 8.726515, 11.575717]
[15.817916, 8.721932, 11.575145]
[15.867473, 8.759459, 11.611808]
[15.935078, 8.789543, 11.643320]
[15.999820, 8.774362, 11.655066]
[16.052818, 8.792692, 11.648766]
[16.074593, 8.809022, 11.690303]
[16.121288, 8.776650, 11.699185]
[16.159384, 8.796420, 11.749890]
[16.210663, 8.808743, 11.765366]
[16.232723, 8.818487, 11.785995]
[16.276554, 8.870340, 11.797455]
[16.296034, 8.888390, 11.830403]
[16.309217, 8.922764, 11.882548]
[16.333569, 8.943963, 11.871091]
[16.367079, 8.926489, 11.891709]
[16.406040, 8.917034, 11.907748]
[16.416357, 8.947973, 11.915483]
[16.444433, 8.941667, 11.917772]
[16.480814, 8.960574, 11.926937]
[16.494282, 8.969744, 11.932384]
[16.539543, 8.979773, 11.981087]
[16.556448, 8.971179, 11.998844]
[16.579075, 8.982638, 12.008583]
[16.633507, 8.975478, 12.059863]
[16.691946, 8.980916, 12.070174]
[16.728050, 8.987792, 12.074760]
[16.744669, 8.996958, 12.081351]
[16.755842, 9.010711, 12.122601]
[16.776474, 9.043945, 12.119742]
[16.809706, 9.072882, 12.150969]
[16.860130, 9.084914, 12.172167]
[16.888777, 9.088351, 12.192507]
[16.930882, 9.141635, 12.181336]
[16.977291, 9.126164, 12.171310]
[16.983593, 9.150513, 12.196806]
[17.004793, 9.199789, 12.232900]
[17.033157, 9.198643, 12.279309]
[17.041464, 9.225000, 12.312249]
[17.093315, 9.240466, 12.326571]
[17.140013, 9.302917, 12.319411]
[17.183847, 9.322401, 12.330869]
[17.256899, 9.329275, 12.357221]
[17.276957, 9.349613, 12.378706]
[17.287268, 9.381418, 12.397614]
[17.295862, 9.409782, 12.433426]
[17.351149, 9.416946, 12.472962]
[17.388391, 9.428118, 12.517938]
[17.419336, 9.441582, 12.566066]
[17.447414, 9.418955, 12.648286]
[17.452864, 9.473955, 12.695840]
[17.477503, 9.497740, 12.690683]
[17.531357, 9.507480, 12.723623]
[17.559713, 9.510633, 12.711594]
[17.588932, 9.542720, 12.710448]
[17.604975, 9.573947, 12.708151]
[17.633335, 9.594571, 12.750259]
[17.676880, 9.633531, 12.751406]
[17.718990, 9.649572, 12.743959]
[17.729303, 9.673637, 12.764589]
[17.766260, 9.671918, 12.741380]
[17.809515, 9.683094, 12.769454]
[17.857925, 9.727783, 12.768883]
[17.881992, 9.758147, 12.787502]
[17.894024, 9.771898, 12.827610]
[17.942440, 9.785361, 12.843654]
[18.012627, 9.804843, 12.896364]
[18.026953, 9.845236, 12.909542]
[18.042137, 9.882477, 12.927877]
[18.077091, 9.914563, 12.960533]
[18.138680, 9.892790, 12.976007]
[18.160738, 9.911702, 12.982596]
[18.191957, 9.910270, 12.994345]
[18.227192, 9.889927, 13.035883]
[18.243803, 9.887057, 13.027005]
[18.274456, 9.922581, 13.042759]
[18.333181, 9.928025, 13.021848]
[18.358103, 9.936903, 13.044193]
[18.401073, 9.963832, 13.026146]
[18.418837, 10.020840, 13.043335]
[18.437742, 10.046625, 13.077426]
[18.492741, 10.056653, 13.101491]
[18.511652, 10.073842, 13.135011]
[18.552620, 10.094184, 13.175119]
[18.594738, 10.114238, 13.171107]