[0.000000, 0.000000, 0.000000]
[0.012282, -0.018849, 0.010986]
[0.030793, -0.029166, 0.016832]
[0.042764, -0.049795, 0.031041]
[0.067289, -0.067726, 0.038321]
[0.088602, -0.089385, 0.054822]
[0.100922, -0.112763, 0.060608]
[0.116277, -0.132072, 0.075276]
[0.132435, -0.149258, 0.081579]
[0.151114, -0.164443, 0.092637]
[0.169334, -0.189424, 0.118133]
[0.190648, -0.208493, 0.132227]
[0.206404, -0.231697, 0.152739]
[0.228119, -0.253929, 0.180925]
[0.250579, -0.284238, 0.191295]
[0.273094, -0.312541, 0.215185]
[0.294580, -0.334887, 0.220461]
[0.308102, -0.368578, 0.233414]
[0.321566, -0.390463, 0.253238]
[0.335432, -0.407194, 0.277416]
[0.341736, -0.437391, 0.306347]
[0.351878, -0.452459, 0.318207]
[0.357323, -0.481623, 0.343528]
[0.374455, -0.515942, 0.361978]
[0.378983, -0.529922, 0.381115]
[0.392504, -0.564987, 0.396470]
[0.407115, -0.586702, 0.415835]
[0.420292, -0.612025, 0.408216]
[0.439887, -0.646004, 0.440701]
[0.454842, -0.674652, 0.463790]
[0.457823, -0.683532, 0.481834]
[0.467907, -0.726163, 0.486876]
[0.490540, -0.738769, 0.505725]
[0.502972, -0.765468, 0.539872]
[0.519128, -0.790793, 0.550987]
[0.533395, -0.813196, 0.565830]
[0.556826, -0.824711, 0.582445]
[0.569375, -0.839092, 0.600438]
[0.584615, -0.849693, 0.601012]
[0.603808, -0.874619, 0.615624]
[0.619332, -0.892209, 0.634245]
[0.625348, -0.905557, 0.634646]
[0.639558, -0.925151, 0.661577]
[0.660012, -0.942396, 0.677908]
[0.680354, -0.966002, 0.698478]
[0.688604, -0.983019, 0.713661]
[0.700923, -1.004390, 0.718819]
[0.700520, -1.024787, 0.719049]
[0.717479, -1.052690, 0.748098]
[0.731462, -1.071883, 0.762536]
[0.745040, -1.097380, 0.777033]
[0.758964, -1.115544, 0.799719]
[0.774552, -1.136107, 0.820746]
[0.780854, -1.163671, 0.831570]
[0.791795, -1.190656, 0.841933]
[0.813794, -1.228703, 0.857518]
[0.831898, -1.268006, 0.871841]
[0.838942, -1.295627, 0.892122]
[0.849309, -1.320899, 0.900890]
[0.860310, -1.336484, 0.925754]
[0.880419, -1.353558, 0.925471]
[0.888269, -1.389193, 0.936472]
[0.902248, -1.414060, 0.950394]
[0.918063, -1.453714, 0.962029]
[0.931241, -1.480524, 0.963061]
[0.943274, -1.501095, 0.964951]
[0.956964, -1.511978, 0.982656]
[0.970372, -1.542000, 0.982028]
[0.972090, -1.563659, 1.008614]
[0.979078, -1.577006, 1.020304]
[0.981657, -1.602733, 1.019452]
[0.984520, -1.633277, 1.034865]
[0.994602, -1.652126, 1.043289]
[1.007034, -1.675560, 1.048271]
[1.014941, -1.714177, 1.057725]
[1.011845, -1.741509, 1.071530]
[1.019639, -1.767119, 1.080582]
[1.028061, -1.792500, 1.073077]
[1.038144, -1.822811, 1.084249]
[1.035109, -1.843264, 1.097598]
[1.045594, -1.869621, 1.110661]
[1.061809, -1.886408, 1.123324]
[1.079342, -1.916599, 1.129682]
[1.074817, -1.934017, 1.140168]
[1.075393, -1.961286, 1.142746]
[1.092526, -1.984666, 1.147271]
[1.105304, -2.005231, 1.151571]
[1.111722, -2.031129, 1.151515]
[1.121291, -2.054447, 1.169165]
[1.120488, -2.073924, 1.179134]
[1.132577, -2.098332, 1.189502]
[1.142318, -2.132820, 1.191735]
[1.152858, -2.158316, 1.201362]
[1.150280, -2.166855, 1.217976]
[1.150053, -2.180893, 1.219985]
[1.149654, -2.201349, 1.245480]
[1.152575, -2.224095, 1.261694]
[1.176238, -2.236356, 1.280426]
[1.183459, -2.263345, 1.289021]
[1.189532, -2.277891, 1.298591]
[1.207407, -2.303560, 1.300309]
[1.202077, -2.330663, 1.304659]
[1.209928, -2.349397, 1.302713]
[1.207920, -2.377647, 1.302364]
[1.208207, -2.393576, 1.314562]
[1.218292, -2.422051, 1.325278]
[1.226199, -2.448063, 1.332952]
[1.240868, -2.465939, 1.346645]
[1.251924, -2.487712, 1.364805]
[1.269687, -2.521058, 1.374946]
[1.285785, -2.552397, 1.385143]
[1.288935, -2.575088, 1.391101]
[1.289739, -2.593591, 1.406913]
[1.298505, -2.613705, 1.421525]
[1.293979, -2.637883, 1.411782]
[1.298334, -2.666932, 1.421924]
[1.295697, -2.686069, 1.442149]
[1.295065, -2.706980, 1.467648]
[1.299992, -2.717469, 1.477789]
[1.301138, -2.725546, 1.490963]
[1.307555, -2.751153, 1.493025]
[1.311678, -2.759119, 1.500419]
[1.311222, -2.771495, 1.511303]
[1.321249, -2.792353, 1.533019]
[1.306523, -2.795332, 1.537604]
[1.312538, -2.808108, 1.555196]
[1.310761, -2.824036, 1.551760]
[1.323939, -2.848101, 1.555196]
[1.322336, -2.860363, 1.566655]
[1.322337, -2.880760, 1.569004]
[1.330474, -2.897718, 1.578000]
[1.343365, -2.931180, 1.581093]
[1.336548, -2.942754, 1.569634]
[1.332481, -2.966531, 1.585792]
[1.340044, -2.992143, 1.585622]
[1.351504, -3.001365, 1.604987]
[1.361417, -3.019128, 1.619827]
[1.355458, -3.035687, 1.637305]
[1.356490, -3.043879, 1.659823]
[1.357694, -3.067487, 1.649566]
[1.357695, -3.081806, 1.665667]
[1.362853, -3.109363, 1.696035]
[1.357523, -3.129817, 1.708930]
[1.360215, -3.148607, 1.715003]
[1.356319, -3.163621, 1.715059]
[1.353569, -3.192444, 1.722908]
[1.365598, -3.223725, 1.721476]
[1.360328, -3.237076, 1.737118]
[1.360269, -3.253062, 1.722854]
[1.361760, -3.266469, 1.729327]
[1.353224, -3.278845, 1.742966]
[1.359985, -3.307258, 1.757408]
[1.355916, -3.329319, 1.755689]
[1.361875, -3.349890, 1.766859]
[1.369038, -3.368685, 1.787028]
[1.369325, -3.387418, 1.778262]
[1.370356, -3.417955, 1.781017]
[1.373566, -3.435830, 1.793909]
[1.388750, -3.463789, 1.824849]
[1.386745, -3.484303, 1.839230]
[1.369388, -3.510374, 1.855502]
[1.374200, -3.537876, 1.870227]
[1.375690, -3.568246, 1.887647]
[1.392019, -3.585663, 1.902256]
[1.396088, -3.602163, 1.903116]
[1.391791, -3.624168, 1.892064]
[1.393569, -3.648746, 1.898538]
[1.398266, -3.672068, 1.900431]
[1.396547, -3.701114, 1.909830]
[1.399239, -3.722315, 1.926444]
[1.410526, -3.754113, 1.941684]
[1.416999, -3.771588, 1.947984]
[1.423589, -3.798224, 1.952051]
[1.417801, -3.838157, 1.966031]
[1.420033, -3.858840, 1.973993]
[1.421466, -3.887373, 1.970384]
[1.439116, -3.908113, 1.966257]
[1.442379, -3.920889, 1.973127]
[1.446734, -3.932345, 1.991287]
[1.458705, -3.958182, 2.010767]
[1.460367, -3.975484, 2.026067]
[1.458188, -3.990440, 2.031682]
[1.464487, -4.025562, 2.048869]
[1.458468, -4.050142, 2.047321]
[1.450791, -4.075982, 2.069438]
[1.462765, -4.100676, 2.064567]
[1.467006, -4.118719, 2.070635]
[1.475199, -4.133154, 2.064789]
[1.485400, -4.147305, 2.069886]
[1.490383, -4.152804, 2.072006]
[1.489352, -4.160251, 2.089018]
[1.491302, -4.169762, 2.090337]
[1.489183, -4.189585, 2.099789]
[1.500240, -4.223500, 2.103284]
[1.500698, -4.247274, 2.093655]
[1.513189, -4.286060, 2.086435]
[1.521554, -4.306510, 2.095949]
[1.528030, -4.321692, 2.092457]
[1.537998, -4.340256, 2.109357]
[1.544587, -4.365120, 2.107980]
[1.556048, -4.384084, 2.104259]
[1.562407, -4.407116, 2.117379]
[1.569455, -4.441093, 2.112224]
[1.578277, -4.473178, 2.111995]
[1.577818, -4.497817, 2.119958]
[1.578333, -4.519646, 2.110216]
[1.567505, -4.540563, 2.122191]
[1.573635, -4.573278, 2.115257]
[1.576785, -4.597167, 2.121674]
[1.569624, -4.623120, 2.130613]
[1.564926, -4.638645, 2.134628]
[1.555414, -4.660874, 2.143453]
[1.552778, -4.676804, 2.159211]
[1.549626, -4.708490, 2.177549]
[1.557014, -4.720919, 2.178351]
[1.555296, -4.748475, 2.179438]
[1.564291, -4.775114, 2.173883]
[1.570822, -4.795566, 2.180760]
[1.568759, -4.822836, 2.184656]
[1.563030, -4.841227, 2.182652]
[1.568759, -4.864368, 2.212388]
[1.565722, -4.884705, 2.221216]
[1.579187, -4.896794, 2.227233]
[1.570419, -4.911745, 2.236405]
[1.568241, -4.936439, 2.234457]
[1.572366, -4.966745, 2.227924]
[1.570646, -4.995392, 2.243684]
[1.570362, -5.029595, 2.244312]
[1.571909, -5.062309, 2.260239]
[1.568698, -5.104995, 2.263103]
[1.577120, -5.128545, 2.274393]
[1.578037, -5.162351, 2.268262]
[1.573337, -5.176040, 2.266312]
[1.562334, -5.202798, 2.278629]
[1.569897, -5.229328, 2.286132]
[1.580042, -5.252989, 2.297190]
[1.575458, -5.286965, 2.293981]
[1.579467, -5.298543, 2.289337]
[1.579296, -5.320774, 2.277991]
[1.580613, -5.352343, 2.271975]
[1.579925, -5.376866, 2.290195]
[1.585601, -5.403909, 2.283548]
[1.589267, -5.429404, 2.290254]
[1.586458, -5.461666, 2.294265]
[1.589205, -5.474665, 2.293521]
[1.594763, -5.501822, 2.303376]
[1.590350, -5.530986, 2.294037]
[1.589891, -5.550981, 2.305496]
[1.584851, -5.582036, 2.298795]
[1.581298, -5.611200, 2.303835]
[1.590407, -5.629473, 2.321598]
[1.586167, -5.659266, 2.341942]
[1.597969, -5.687854, 2.342460]
[1.599573, -5.707393, 2.348876]
[1.615844, -5.733347, 2.361482]
[1.621576, -5.744464, 2.369792]
[1.618424, -5.767323, 2.360393]
[1.621919, -5.795508, 2.371792]
[1.615444, -5.822269, 2.370241]
[1.609944, -5.862089, 2.380841]
[1.616017, -5.902534, 2.384853]
[1.622720, -5.928377, 2.381014]
[1.621573, -5.955016, 2.385368]
[1.635725, -5.985784, 2.379069]
[1.641223, -6.002746, 2.396085]
[1.634978, -6.031620, 2.404392]
[1.644203, -6.072924, 2.413845]
[1.649072, -6.095554, 2.420777]
[1.643512, -6.144481, 2.429026]
[1.644886, -6.182926, 2.434466]
[1.645747, -6.216619, 2.434119]
[1.646378, -6.256899, 2.451827]
[1.655661, -6.268816, 2.471080]
[1.655259, -6.290075, 2.480476]
[1.655429, -6.317003, 2.483168]
[1.651648, -6.352064, 2.485919]
[1.653139, -6.392574, 2.480705]
[1.651362, -6.421564, 2.502762]
[1.648150, -6.444540, 2.517487]
[1.637552, -6.482469, 2.525393]
[1.641278, -6.513058, 2.518230]
[1.632913, -6.539240, 2.521491]
[1.634746, -6.567886, 2.526356]
[1.635836, -6.599512, 2.544751]
[1.646779, -6.627189, 2.549679]
[1.645864, -6.658415, 2.550142]
[1.657037, -6.693019, 2.554554]
[1.658928, -6.737768, 2.561543]
[1.663513, -6.766757, 2.574608]
[1.674916, -6.796151, 2.577297]
[1.679213, -6.832193, 2.585319]
[1.674401, -6.869891, 2.585034]
[1.673886, -6.902434, 2.593514]
[1.680530, -6.934004, 2.604571]
[1.684828, -6.969635, 2.612424]
[1.680130, -6.990315, 2.624456]
[1.683339, -7.029042, 2.640042]
[1.690156, -7.065769, 2.651901]
[1.697603, -7.088744, 2.658946]
[1.700698, -7.116761, 2.672984]
[1.699094, -7.155147, 2.680659]
[1.708948, -7.190499, 2.675560]
[1.714906, -7.203097, 2.690688]
[1.711582, -7.237241, 2.707132]
[1.705797, -7.250478, 2.723403]
[1.702646, -7.270582, 2.717154]
[1.698290, -7.301173, 2.716977]
[1.709002, -7.324887, 2.729235]
[1.717025, -7.346601, 2.754389]
[1.719432, -7.374390, 2.739094]
[1.723215, -7.397875, 2.753703]
[1.718575, -7.413917, 2.753073]
[1.726653, -7.431050, 2.768426]
[1.729918, -7.449265, 2.783034]
[1.731236, -7.461122, 2.788763]
[1.738682, -7.469366, 2.790541]
[1.738167, -7.495317, 2.790541]
[1.743038, -7.523050, 2.799134]
[1.741722, -7.546198, 2.805264]
[1.748656, -7.570774, 2.817929]
[1.749802, -7.587449, 2.812887]
[1.743270, -7.617875, 2.800165]
[1.744757, -7.650709, 2.812601]
[1.745787, -7.675804, 2.824464]
[1.762455, -7.697923, 2.837070]
[1.770878, -7.710351, 2.850652]
[1.770878, -7.739336, 2.846300]
[1.783769, -7.764828, 2.859648]
[1.800500, -7.780469, 2.874030]
[1.794312, -7.813527, 2.888587]
[1.807949, -7.825965, 2.893516]
[1.814138, -7.850256, 2.894948]
[1.814366, -7.881079, 2.906576]
[1.824792, -7.910062, 2.923821]
[1.828861, -7.945582, 2.935627]
[1.839061, -7.960365, 2.937519]
[1.849547, -7.986720, 2.963305]
[1.864387, -8.012043, 2.986161]
[1.859517, -8.043153, 3.003349]
[1.867368, -8.066872, 3.010679]
[1.862670, -8.105602, 3.028841]
[1.857170, -8.121184, 3.034402]
[1.855852, -8.148856, 3.034631]
[1.862268, -8.171315, 3.043914]
[1.860546, -8.193659, 3.049244]
[1.870571, -8.216746, 3.052741]
[1.877218, -8.230721, 3.067754]
[1.882316, -8.252202, 3.083452]
[1.894119, -8.274030, 3.103390]
[1.899389, -8.307260, 3.122871]
[1.900191, -8.314708, 3.131639]
[1.906607, -8.334248, 3.147282]
[1.897556, -8.354179, 3.164991]
[1.898242, -8.381967, 3.177540]
[1.885526, -8.394224, 3.175477]
[1.890681, -8.425677, 3.174845]
[1.893488, -8.445383, 3.194040]
[1.896811, -8.474547, 3.207103]
[1.916004, -8.489221, 3.219023]
[1.924829, -8.508181, 3.223208]
[1.933368, -8.521248, 3.235927]
[1.936404, -8.535851, 3.258732]
[1.948780, -8.551831, 3.258160]
[1.962300, -8.577330, 3.253346]
[1.965966, -8.582423, 3.252086]
[1.977768, -8.601160, 3.267040]
[1.990832, -8.624825, 3.282915]
[1.992608, -8.647051, 3.289447]
[2.005209, -8.651408, 3.292027]
[2.019646, -8.675067, 3.292942]
[2.028867, -8.689678, 3.300333]
[2.037286, -8.721021, 3.315403]
[2.046455, -8.747205, 3.311622]
[2.041011, -8.785192, 3.308758]
[2.036942, -8.798144, 3.316434]
[2.035281, -8.815097, 3.314313]
[2.039350, -8.838531, 3.318437]
[2.043246, -8.850967, 3.339978]
[2.048805, -8.879100, 3.337568]
[2.059461, -8.909119, 3.349889]
[2.058887, -8.931576, 3.363179]
[2.062093, -8.952194, 3.370744]
[2.063526, -8.965084, 3.372863]
[2.074353, -8.987489, 3.382146]
[2.067250, -9.004219, 3.394464]
[2.087017, -9.026221, 3.400133]
[2.102143, -9.036648, 3.407295]
[2.105756, -9.050451, 3.422821]
[2.102206, -9.074283, 3.412394]
[2.100370, -9.110552, 3.419955]
[2.106273, -9.127911, 3.448600]
[2.127819, -9.148303, 3.454446]
[2.127020, -9.171792, 3.453640]
[2.132288, -9.179639, 3.459196]
[2.144432, -9.185141, 3.462977]
[2.150791, -9.192641, 3.461085]
[2.156410, -9.209538, 3.477129]
[2.154461, -9.230907, 3.482230]
[2.167870, -9.261389, 3.504972]
[2.175544, -9.273530, 3.505258]
[2.170789, -9.293123, 3.505542]
[2.165915, -9.315235, 3.519636]
[2.176286, -9.328694, 3.534419]
[2.192443, -9.358943, 3.538767]
[2.202755, -9.383057, 3.537504]
[2.204244, -9.414104, 3.531541]
[2.221204, -9.439083, 3.543915]
[2.234038, -9.462112, 3.530678]
[2.244982, -9.494657, 3.541507]
[2.261142, -9.526802, 3.552911]
[2.276956, -9.559175, 3.578007]
[2.283316, -9.580715, 3.589120]
[2.287784, -9.597670, 3.580639]
[2.299068, -9.618292, 3.587455]
[2.316086, -9.637594, 3.595477]
[2.324396, -9.657125, 3.626585]
[2.330986, -9.688749, 3.644923]
[2.340729, -9.711774, 3.662168]
[2.347663, -9.743689, 3.678384]
[2.347262, -9.778917, 3.674830]
[2.357060, -9.794957, 3.676895]
[2.365941, -9.820280, 3.672194]
[2.381412, -9.839932, 3.681479]
[2.396881, -9.858198, 3.703251]
[2.404959, -9.885702, 3.721926]
[2.407021, -9.905236, 3.722440]
[2.416418, -9.925973, 3.751372]
[2.423408, -9.946250, 3.749196]
[2.431890, -9.972886, 3.755723]
[2.437907, -9.989213, 3.754463]
[2.440256, -10.001760, 3.781508]
[2.453491, -10.024332, 3.794169]
[2.462316, -10.060881, 3.797550]
[2.478989, -10.074799, 3.797549]
[2.477840, -10.105733, 3.811244]
[2.484428, -10.122974, 3.813879]
[2.482251, -10.148350, 3.824023]
[2.483057, -10.174879, 3.829464]
[2.490793, -10.187088, 3.828207]
[2.493085, -10.201232, 3.823451]
[2.508325, -10.226206, 3.818809]
[2.525343, -10.255770, 3.837142]
[2.526088, -10.272151, 3.840469]
[2.524484, -10.292372, 3.839266]
[2.535715, -10.328981, 3.847055]
[2.551242, -10.366050, 3.859483]
[2.558805, -10.389246, 3.862520]
[2.562299, -10.396925, 3.853583]
[2.584074, -10.415829, 3.852953]
[2.589862, -10.439769, 3.865387]
[2.598169, -10.458384, 3.856622]
[2.597077, -10.480331, 3.839201]
[2.607046, -10.506917, 3.830894]
[2.606588, -10.527367, 3.843843]
[2.630995, -10.558358, 3.845853]
[2.644576, -10.588042, 3.866705]
[2.644120, -10.623105, 3.865386]
[2.655578, -10.645047, 3.882403]
[2.661306, -10.659366, 3.885608]
[2.671391, -10.683544, 3.896038]
[2.672536, -10.708405, 3.922850]
[2.681416, -10.733899, 3.934419]
[2.690585, -10.753547, 3.936364]
[2.689613, -10.773022, 3.949542]
[2.692878, -10.794044, 3.948566]
[2.697749, -10.818280, 3.931545]
[2.699989, -10.845372, 3.930053]
[2.724797, -10.865480, 3.940367]
[2.726231, -10.894876, 3.960247]
[2.738549, -10.914242, 3.976802]
[2.738204, -10.933718, 3.983848]
[2.746512, -10.959844, 3.988027]
[2.750467, -10.995935, 4.002288]
[2.747945, -11.014154, 4.018904]
[2.755335, -11.040049, 4.026981]
[2.756653, -11.061242, 4.020792]
[2.774069, -11.101580, 4.055511]
[2.782893, -11.133088, 4.078882]
[2.799909, -11.142200, 4.076646]
[2.803461, -11.169472, 4.099103]
[2.812344, -11.194963, 4.115942]
[2.824951, -11.218448, 4.124826]
[2.827474, -11.255513, 4.133883]
[2.841626, -11.293212, 4.139497]
[2.843688, -11.326553, 4.128216]
[2.860933, -11.354909, 4.143224]
[2.868267, -11.385561, 4.141734]
[2.871304, -11.405901, 4.149752]
[2.877895, -11.425259, 4.144825]
[2.891302, -11.444681, 4.158286]
[2.896288, -11.476427, 4.168655]
[2.902475, -11.502439, 4.185268]
[2.918403, -11.511488, 4.191459]
[2.932727, -11.525409, 4.204005]
[2.933930, -11.547754, 4.198212]
[2.946191, -11.578407, 4.198895]
[2.960913, -11.614729, 4.225594]
[2.970137, -11.635064, 4.216429]
[2.974606, -11.656605, 4.198209]
[2.978962, -11.673967, 4.204401]
[2.970827, -11.693098, 4.206407]
[2.974609, -11.709944, 4.219070]
[2.980053, -11.738020, 4.218784]
[2.983891, -11.767405, 4.230014]
[2.977876, -11.785278, 4.249547]
[2.984981, -11.813696, 4.246565]
[2.991625, -11.827736, 4.244384]
[2.995692, -11.844228, 4.253493]
[3.002626, -11.860322, 4.259224]
[2.999417, -11.880720, 4.270736]
[3.006804, -11.908336, 4.283504]
[3.008120, -11.925578, 4.283504]
[3.011270, -11.946487, 4.281669]
[3.011958, -11.972505, 4.281205]
[3.017002, -11.996448, 4.291346]
[3.027258, -12.014265, 4.294615]
[3.039407, -12.033343, 4.288368]
[3.048233, -12.037531, 4.289055]
[3.048231, -12.059299, 4.287220]
[3.062901, -12.085025, 4.288536]
[3.075164, -12.114871, 4.301482]
[3.077571, -12.134236, 4.296036]
[3.081296, -12.152683, 4.306409]
[3.085419, -12.172625, 4.310993]
[3.093383, -12.205048, 4.320962]
[3.096705, -12.220627, 4.342103]
[3.111489, -12.240734, 4.379115]
[3.124611, -12.257234, 4.380086]
[3.134234, -12.284562, 4.375730]
[3.127356, -12.305187, 4.383405]
[3.132055, -12.340595, 4.395492]
[3.137440, -12.363796, 4.395717]
[3.150504, -12.382530, 4.393481]
[3.162535, -12.409394, 4.400813]
[3.167637, -12.435919, 4.390213]
[3.172049, -12.456432, 4.403273]
[3.167923, -12.470926, 4.407055]
[3.175542, -12.484619, 4.432950]
[3.179955, -12.505699, 4.427907]
[3.187977, -12.529757, 4.429109]
[3.194853, -12.563324, 4.430081]
[3.212557, -12.597871, 4.445837]
[3.227744, -12.635228, 4.443312]
[3.242298, -12.664617, 4.453625]
[3.259546, -12.690400, 4.451791]
[3.274446, -12.722537, 4.454767]
[3.299601, -12.739154, 4.463129]
[3.297026, -12.758856, 4.461296]
[3.308428, -12.792205, 4.459405]
[3.307055, -12.822739, 4.472240]
[3.309291, -12.854877, 4.489141]
[3.312328, -12.876474, 4.492292]
[3.325503, -12.905286, 4.493783]
[3.333755, -12.937488, 4.504553]
[3.340457, -12.968882, 4.526391]
[3.353921, -12.978499, 4.540771]
[3.360396, -13.013225, 4.545299]
[3.363376, -13.032640, 4.562260]
[3.373403, -13.067821, 4.564667]
[3.381252, -13.095551, 4.580709]
[3.388875, -13.114911, 4.592403]
[3.387154, -13.144821, 4.597215]
[3.410129, -13.169108, 4.611480]
[3.409614, -13.189157, 4.609819]
[3.412822, -13.205595, 4.608612]
[3.418492, -13.232585, 4.624709]
[3.435109, -13.250802, 4.632556]
[3.448859, -13.269768, 4.628716]
[3.458599, -13.304834, 4.645905]
[3.477508, -13.318981, 4.651522]
[3.465990, -13.349519, 4.647163]
[3.466049, -13.373809, 4.656558]
[3.474185, -13.394035, 4.655581]
[3.493439, -13.412427, 4.675059]
[3.491719, -13.429036, 4.677405]
[3.503237, -13.460663, 4.683424]
[3.512002, -13.490169, 4.707143]
[3.515842, -13.511189, 4.706339]
[3.527586, -13.524822, 4.716309]
[3.532054, -13.555305, 4.728404]
[3.543285, -13.576617, 4.749549]
[3.560646, -13.598669, 4.762388]
[3.571589, -13.612308, 4.773158]
[3.580241, -13.630293, 4.781808]
[3.586030, -13.654866, 4.797562]
[3.587173, -13.676868, 4.798422]
[3.595365, -13.692102, 4.797850]
[3.601954, -13.730090, 4.814065]
[3.611749, -13.744981, 4.812742]
[3.616391, -13.763144, 4.820244]
[3.626300, -13.784455, 4.817432]
[3.632773, -13.816134, 4.827804]
[3.645434, -13.840933, 4.839319]
[3.646235, -13.859434, 4.857252]
[3.659179, -13.887624, 4.854958]
[3.656029, -13.918445, 4.860744]
[3.665138, -13.947492, 4.873119]
[3.679576, -13.965819, 4.864637]
[3.679978, -13.990229, 4.857936]
[3.679747, -14.023460, 4.866871]
[3.675224, -14.048092, 4.889329]