[0.000000, 0.000000, 0.000000]
[-0.021697, -0.002446, 0.053538]
[-0.033680, -0.019708, 0.113232]
[-0.051717, -0.055969, 0.200500]
[-0.052623, -0.088059, 0.253291]
[-0.058953, -0.121079, 0.311608]
[-0.062624, -0.136551, 0.350523]
[-0.077915, -0.149490, 0.409539]
[-0.085527, -0.160165, 0.468152]
[-0.101239, -0.181727, 0.516165]
[-0.121225, -0.212444, 0.588302]
[-0.130897, -0.224223, 0.652317]
[-0.150999, -0.245506, 0.709963]
[-0.171020, -0.259875, 0.765361]
[-0.184856, -0.292179, 0.858036]
[-0.199886, -0.318764, 0.918958]
[-0.208503, -0.360043, 0.977189]
[-0.224678, -0.378359, 1.046759]
[-0.230502, -0.386911, 1.136717]
[-0.249305, -0.413742, 1.202081]
[-0.256509, -0.453125, 1.277510]
[-0.262954, -0.465737, 1.336489]
[-0.272771, -0.500825, 1.383110]
[-0.269606, -0.541572, 1.446670]
[-0.277377, -0.572445, 1.496151]
[-0.287298, -0.608715, 1.560088]
[-0.306572, -0.643703, 1.616579]
[-0.308871, -0.672492, 1.665902]
[-0.330650, -0.704086, 1.729331]
[-0.338595, -0.739311, 1.773003]
[-0.361471, -0.763413, 1.843653]
[-0.370791, -0.788523, 1.875638]
[-0.385621, -0.817260, 1.932679]
[-0.412658, -0.851808, 1.973215]
[-0.448047, -0.870203, 2.040531]
[-0.464302, -0.906883, 2.081100]
[-0.487011, -0.938438, 2.135469]
[-0.516179, -0.969438, 2.183236]
[-0.522621, -0.991087, 2.225811]
[-0.542537, -1.015276, 2.279566]
[-0.551435, -1.049908, 2.327093]
[-0.592549, -1.074768, 2.393040]
[-0.624193, -1.101569, 2.436089]
[-0.644937, -1.127250, 2.517678]
[-0.663068, -1.164478, 2.584021]
[-0.689745, -1.190009, 2.628259]
[-0.721302, -1.236699, 2.692600]
[-0.750416, -1.253389, 2.716344]
[-0.724258, -1.287568, 2.782110]
[-0.741368, -1.319191, 2.835233]
[-0.783931, -1.351316, 2.887240]
[-0.812632, -1.387886, 2.924461]
[-0.836386, -1.408331, 2.979044]
[-0.837879, -1.432049, 3.044941]
[-0.858581, -1.453320, 3.099816]
[-0.883619, -1.477522, 3.132002]
[-0.890076, -1.502055, 3.166353]
[-0.911227, -1.508697, 3.209342]
[-0.929806, -1.533878, 3.261222]
[-0.958843, -1.569750, 3.306630]
[-0.975621, -1.597154, 3.352323]
[-0.993716, -1.628946, 3.421494]
[-1.020005, -1.642836, 3.472992]
[-1.053995, -1.649004, 3.526203]
[-1.087151, -1.670163, 3.567484]
[-1.096086, -1.682040, 3.621540]
[-1.107265, -1.703234, 3.689593]
[-1.117398, -1.725287, 3.736309]
[-1.147783, -1.757082, 3.790087]
[-1.173695, -1.790207, 3.847104]
[-1.185025, -1.815965, 3.885350]
[-1.205042, -1.830611, 3.938567]
[-1.217028, -1.863599, 3.994349]
[-1.246219, -1.901470, 4.051417]
[-1.262257, -1.914433, 4.107422]
[-1.268762, -1.934694, 4.144076]
[-1.294923, -1.964953, 4.187747]
[-1.314412, -1.975258, 4.225105]
[-1.321880, -2.003123, 4.276999]
[-1.347854, -2.018659, 4.317912]
[-1.384599, -2.066674, 4.381831]
[-1.417795, -2.074574, 4.415594]
[-1.443150, -2.100261, 4.488394]
[-1.475547, -2.132551, 4.554581]
[-1.504880, -2.144667, 4.607457]
[-1.506620, -2.167055, 4.680277]
[-1.537176, -2.176461, 4.730262]
[-1.559554, -2.189192, 4.769459]
[-1.590733, -2.195420, 4.832960]
[-1.617435, -2.223075, 4.885209]
[-1.654466, -2.271232, 4.944816]
[-1.675492, -2.304035, 4.984253]
[-1.699412, -2.318543, 5.040480]
[-1.727802, -2.358963, 5.090828]
[-1.772837, -2.383185, 5.157190]
[-1.801157, -2.417823, 5.219555]
[-1.820156, -2.447232, 5.263986]
[-1.853333, -2.465609, 5.320387]
[-1.872783, -2.524968, 5.366113]
[-1.885068, -2.547724, 5.435077]
[-1.903991, -2.568048, 5.483034]
[-1.943333, -2.594192, 5.544055]
[-1.974938, -2.628651, 5.608532]
[-2.027260, -2.654312, 5.634136]
[-2.045757, -2.668901, 5.701144]
[-2.077576, -2.693725, 5.742635]
[-2.112279, -2.716071, 5.799308]
[-2.146863, -2.734516, 5.848536]
[-2.177868, -2.760444, 5.894938]
[-2.223873, -2.806849, 5.943286]
[-2.267694, -2.838398, 5.990647]
[-2.285226, -2.855818, 6.042697]
[-2.316564, -2.894850, 6.090588]
[-2.354408, -2.929452, 6.131781]
[-2.394567, -2.939074, 6.175469]
[-2.430880, -2.975287, 6.233160]
[-2.439992, -2.999826, 6.279202]
[-2.480309, -3.030430, 6.342665]
[-2.515954, -3.049910, 6.377516]
[-2.540017, -3.072681, 6.427102]
[-2.569070, -3.103249, 6.456694]
[-2.600965, -3.139266, 6.500974]
[-2.632643, -3.146836, 6.563507]
[-2.682783, -3.161546, 6.618274]
[-2.734629, -3.184186, 6.673120]
[-2.758649, -3.206432, 6.713843]
[-2.781410, -3.224365, 6.773132]
[-2.826998, -3.264815, 6.820113]
[-2.869294, -3.307354, 6.872796]
[-2.922817, -3.323505, 6.933645]
[-2.947687, -3.333703, 6.969538]
[-2.963725, -3.360198, 7.028006]
[-2.987162, -3.381902, 7.070728]
[-3.022478, -3.395755, 7.112492]
[-3.049210, -3.416523, 7.143456]
[-3.070502, -3.433078, 7.190066]
[-3.114238, -3.448349, 7.241478]
[-3.135916, -3.483871, 7.275343]
[-3.157847, -3.514355, 7.324263]
[-3.175562, -3.533360, 7.378840]
[-3.207735, -3.566368, 7.437222]
[-3.235300, -3.593260, 7.499657]
[-3.279986, -3.621329, 7.546959]
[-3.315114, -3.644623, 7.591266]
[-3.340060, -3.650951, 7.655605]
[-3.372554, -3.669461, 7.707653]
[-3.387539, -3.709574, 7.749729]
[-3.414290, -3.744275, 7.800075]
[-3.435865, -3.764211, 7.857195]
[-3.473726, -3.780147, 7.909075]
[-3.494375, -3.808704, 7.969786]
[-3.538429, -3.841347, 8.027914]
[-3.557049, -3.874767, 8.059686]
[-3.580509, -3.897980, 8.136820]
[-3.619679, -3.920934, 8.182400]
[-3.659774, -3.951734, 8.239031]
[-3.676826, -3.961718, 8.309480]
[-3.713900, -3.969402, 8.352108]
[-3.724162, -3.987577, 8.399492]
[-3.749430, -4.017931, 8.457607]
[-3.793148, -4.040146, 8.513101]
[-3.839950, -4.057820, 8.576077]
[-3.868781, -4.065951, 8.642267]
[-3.892775, -4.084790, 8.689293]
[-3.912613, -4.113194, 8.748807]
[-3.946332, -4.137223, 8.793214]
[-3.969666, -4.159460, 8.866741]
[-3.989124, -4.186434, 8.921148]
[-3.993549, -4.224253, 8.948919]
[-4.030440, -4.236259, 9.012975]
[-4.068210, -4.262851, 9.052821]
[-4.095728, -4.291902, 9.108070]
[-4.126714, -4.302151, 9.174119]
[-4.162576, -4.322857, 9.223205]
[-4.181155, -4.345252, 9.252356]
[-4.199565, -4.357715, 9.328128]
[-4.234561, -4.388114, 9.396251]
[-4.262404, -4.405547, 9.459726]
[-4.293076, -4.430317, 9.501515]
[-4.328972, -4.444010, 9.577451]
[-4.367410, -4.460727, 9.637431]
[-4.392187, -4.498083, 9.692407]
[-4.429842, -4.518074, 9.752577]
[-4.448042, -4.540139, 9.805227]
[-4.469710, -4.556346, 9.849382]
[-4.482222, -4.582472, 9.890435]
[-4.520348, -4.601471, 9.938187]
[-4.560240, -4.610842, 9.994737]
[-4.591203, -4.646002, 10.049672]
[-4.606707, -4.632311, 10.097455]
[-4.630743, -4.657413, 10.155079]
[-4.644266, -4.672422, 10.191481]
[-4.670088, -4.691107, 10.238639]
[-4.707428, -4.715539, 10.310959]
[-4.732954, -4.739921, 10.369815]
[-4.761013, -4.764523, 10.430170]
[-4.794919, -4.792643, 10.502576]
[-4.814583, -4.808786, 10.571098]
[-4.834509, -4.805182, 10.645202]
[-4.844586, -4.822656, 10.682168]
[-4.884905, -4.829579, 10.753175]
[-4.904109, -4.852389, 10.789258]
[-4.936826, -4.875941, 10.835356]
[-4.988716, -4.891201, 10.898116]
[-5.017227, -4.918624, 10.938500]
[-5.037627, -4.942594, 11.012213]
[-5.063989, -4.977719, 11.070992]
[-5.086142, -5.005350, 11.117467]
[-5.110830, -5.030333, 11.153467]
[-5.129806, -5.052828, 11.188090]
[-5.152893, -5.062908, 11.253141]
[-5.186352, -5.089588, 11.293052]
[-5.208407, -5.108048, 11.364584]
[-5.247576, -5.151265, 11.416532]
[-5.297996, -5.180358, 11.480742]
[-5.334724, -5.204301, 11.533008]
[-5.376913, -5.210502, 11.577522]
[-5.408459, -5.229183, 11.631651]
[-5.439689, -5.240999, 11.676102]
[-5.467381, -5.247233, 11.743618]
[-5.498824, -5.272210, 11.816900]
[-5.517934, -5.289351, 11.879929]
[-5.541434, -5.343262, 11.931535]
[-5.564848, -5.366757, 11.982567]
[-5.601385, -5.394978, 12.033401]
[-5.616823, -5.430994, 12.078569]
[-5.631098, -5.466712, 12.125810]
[-5.651853, -5.498242, 12.168877]
[-5.671404, -5.515226, 12.230971]
[-5.702136, -5.552063, 12.306511]
[-5.735346, -5.549296, 12.344406]
[-5.759385, -5.564967, 12.388460]
[-5.786330, -5.577989, 12.435755]
[-5.816177, -5.592832, 12.479452]
[-5.843445, -5.620107, 12.536194]
[-5.874889, -5.631310, 12.611658]
[-5.897815, -5.654079, 12.643727]
[-5.930803, -5.676219, 12.695782]
[-5.956972, -5.707520, 12.750095]
[-5.994122, -5.718798, 12.823746]
[-6.016913, -5.753545, 12.895847]
[-6.045329, -5.777410, 12.973499]
[-6.089624, -5.797293, 13.025511]
[-6.125989, -5.797331, 13.100451]
[-6.139045, -5.830777, 13.168949]
[-6.160022, -5.858712, 13.231090]
[-6.186511, -5.880112, 13.283950]
[-6.210529, -5.924201, 13.338320]
[-6.243574, -5.963604, 13.381054]
[-6.268221, -6.012162, 13.435899]
[-6.283559, -6.042760, 13.495680]
[-6.298723, -6.058908, 13.571500]
[-6.335574, -6.082025, 13.632546]
[-6.358100, -6.117735, 13.680251]
[-6.376471, -6.142659, 13.761764]
[-6.408014, -6.168571, 13.827373]
[-6.445824, -6.189876, 13.876005]
[-6.478802, -6.207823, 13.939916]
[-6.507504, -6.235508, 14.002592]
[-6.535151, -6.249565, 14.070889]
[-6.562513, -6.276232, 14.139447]
[-6.587287, -6.310255, 14.203659]
[-6.613234, -6.314376, 14.259004]
[-6.629345, -6.339724, 14.309898]
[-6.645183, -6.345381, 14.363883]
[-6.682641, -6.368132, 14.424479]
[-6.695502, -6.379728, 14.495252]
[-6.725959, -6.401352, 14.533250]
[-6.744449, -6.423066, 14.587291]
[-6.764804, -6.459564, 14.660011]
[-6.768749, -6.477263, 14.710129]
[-6.779955, -6.517124, 14.780103]
[-6.795942, -6.539454, 14.826564]
[-6.807328, -6.568573, 14.891595]
[-6.830972, -6.593574, 14.958107]
[-6.857102, -6.608614, 15.017715]
[-6.872671, -6.609458, 15.079663]
[-6.903001, -6.641574, 15.133122]
[-6.923068, -6.666628, 15.213707]
[-6.940764, -6.694394, 15.274066]
[-6.969563, -6.712353, 15.341850]
[-7.002728, -6.750262, 15.419566]
[-7.026486, -6.788534, 15.454868]
[-7.035567, -6.808624, 15.517437]
[-7.057512, -6.844807, 15.586753]
[-7.072251, -6.875002, 15.619191]
[-7.088573, -6.897994, 15.665214]
[-7.113217, -6.940222, 15.735695]
[-7.126833, -6.942526, 15.795831]
[-7.153119, -6.961997, 15.853316]
[-7.173542, -6.981900, 15.914059]
[-7.199533, -7.007663, 15.974936]
[-7.215926, -7.041848, 16.034382]
[-7.222509, -7.091532, 16.115011]
[-7.238348, -7.103186, 16.165319]
[-7.259107, -7.130825, 16.251091]
[-7.280063, -7.149743, 16.323364]
[-7.302041, -7.168684, 16.398706]
[-7.323050, -7.182858, 16.463018]
[-7.350553, -7.209734, 16.523214]
[-7.373438, -7.239324, 16.588310]
[-7.377932, -7.275016, 16.640224]
[-7.381538, -7.303331, 16.716459]
[-7.398743, -7.334397, 16.779173]
[-7.410501, -7.371091, 16.833996]
[-7.434046, -7.401078, 16.894312]
[-7.454013, -7.423551, 16.949120]
[-7.450224, -7.439362, 16.999146]
[-7.469157, -7.476668, 17.052366]
[-7.516699, -7.489048, 17.105740]
[-7.540434, -7.508291, 17.143517]
[-7.546311, -7.509639, 17.202425]
[-7.563108, -7.518613, 17.252562]
[-7.570640, -7.539229, 17.288979]
[-7.588376, -7.558518, 17.354279]
[-7.616539, -7.586389, 17.441044]
[-7.639724, -7.633611, 17.495491]
[-7.637280, -7.662389, 17.562365]
[-7.659162, -7.687267, 17.639597]
[-7.677331, -7.702983, 17.680420]
[-7.697519, -7.720249, 17.739658]
[-7.720695, -7.739836, 17.796711]
[-7.729434, -7.770095, 17.861471]
[-7.760496, -7.784845, 17.899923]
[-7.780719, -7.796405, 17.960087]
[-7.794800, -7.816366, 18.038988]
[-7.801255, -7.838947, 18.121305]
[-7.828691, -7.859336, 18.183130]
[-7.844693, -7.887792, 18.243437]
[-7.855390, -7.919821, 18.301685]
[-7.885786, -7.946172, 18.352188]
[-7.886248, -7.976528, 18.415037]
[-7.912705, -7.998028, 18.471247]
[-7.937593, -8.026652, 18.547758]
[-7.948030, -8.056379, 18.593750]
[-7.974713, -8.057867, 18.671562]
[-7.994209, -8.078540, 18.722372]
[-7.994370, -8.125310, 18.784855]
[-8.011077, -8.175377, 18.833511]
[-8.031945, -8.191539, 18.898521]
[-8.050544, -8.224493, 18.961859]
[-8.071977, -8.237976, 19.018633]
[-8.088297, -8.256736, 19.080349]
[-8.102288, -8.270244, 19.127832]
[-8.115396, -8.308827, 19.163340]
[-8.122011, -8.354478, 19.194952]
[-8.133441, -8.367276, 19.257532]
[-8.148149, -8.400487, 19.311682]
[-8.176063, -8.421602, 19.367290]
[-8.200368, -8.453218, 19.434464]
[-8.229062, -8.466986, 19.520714]
[-8.252861, -8.495103, 19.566757]
[-8.257489, -8.511093, 19.633781]
[-8.269064, -8.527014, 19.692047]
[-8.269239, -8.568709, 19.752100]
[-8.259006, -8.572453, 19.843203]
[-8.261343, -8.592896, 19.897184]
[-8.266242, -8.625803, 19.959381]
[-8.305511, -8.647318, 20.021255]
[-8.336600, -8.673163, 20.082304]
[-8.341830, -8.698114, 20.145525]
[-8.371714, -8.722376, 20.185848]
[-8.397341, -8.754549, 20.255083]
[-8.427165, -8.775557, 20.313745]
[-8.445075, -8.776594, 20.366550]
[-8.473145, -8.797404, 20.436691]
[-8.493852, -8.812482, 20.479015]
[-8.518600, -8.819437, 20.547974]
[-8.536135, -8.843402, 20.609764]
[-8.549774, -8.870224, 20.666510]
[-8.577595, -8.898590, 20.727966]
[-8.592356, -8.924667, 20.795746]
[-8.613571, -8.942745, 20.865992]
[-8.628022, -8.965830, 20.932676]
[-8.654064, -8.978136, 21.004419]
[-8.686569, -8.991059, 21.072998]
[-8.705849, -9.009097, 21.149696]
[-8.725389, -9.029490, 21.186106]
[-8.724819, -9.047894, 21.241196]
[-8.739202, -9.065882, 21.316750]
[-8.765942, -9.085051, 21.381357]
[-8.782979, -9.119935, 21.439196]
[-8.806737, -9.145102, 21.516720]
[-8.816163, -9.179004, 21.572208]
[-8.842517, -9.207555, 21.626953]
[-8.859677, -9.238610, 21.690086]
[-8.894328, -9.277730, 21.735535]
[-8.908651, -9.289515, 21.791637]
[-8.935050, -9.320183, 21.856953]
[-8.947995, -9.344921, 21.919024]
[-8.960495, -9.372859, 21.975681]
[-8.973264, -9.413830, 22.035431]
[-8.994731, -9.422752, 22.127672]
[-9.010550, -9.457413, 22.196747]
[-9.025270, -9.475654, 22.268322]
[-9.037388, -9.493372, 22.316139]
[-9.061274, -9.524506, 22.375595]
[-9.069466, -9.539412, 22.438599]
[-9.102944, -9.562865, 22.500786]
[-9.110309, -9.576240, 22.556105]
[-9.141733, -9.590543, 22.622469]
[-9.148508, -9.607915, 22.694561]
[-9.166419, -9.632267, 22.743351]
[-9.182393, -9.647350, 22.795046]
[-9.204431, -9.667983, 22.858147]
[-9.204906, -9.709509, 22.921112]
[-9.194815, -9.738895, 22.992498]
[-9.204694, -9.768339, 23.066799]
[-9.216576, -9.781338, 23.132746]
[-9.242542, -9.800266, 23.199923]
[-9.244797, -9.820357, 23.257505]
[-9.251073, -9.854620, 23.310911]
[-9.263781, -9.869671, 23.378290]
[-9.269123, -9.883528, 23.446066]
[-9.265429, -9.910536, 23.518194]
[-9.279135, -9.942575, 23.577286]
[-9.298680, -9.945403, 23.620119]
[-9.304250, -9.963749, 23.698250]
[-9.331296, -9.986166, 23.774027]
[-9.357531, -10.000995, 23.822651]
[-9.376437, -10.006589, 23.860020]
[-9.389603, -10.014295, 23.908203]
[-9.411386, -10.030129, 23.956448]
[-9.428462, -10.046999, 24.018206]
[-9.441327, -10.085079, 24.069996]
[-9.460104, -10.101469, 24.133337]
[-9.490210, -10.111451, 24.206167]
[-9.510612, -10.113682, 24.270815]
[-9.526983, -10.131316, 24.342264]
[-9.545977, -10.158558, 24.410688]
[-9.563880, -10.197159, 24.459064]
[-9.587502, -10.208258, 24.520798]
[-9.616940, -10.230937, 24.563948]
[-9.636675, -10.243682, 24.632965]
[-9.665856, -10.258342, 24.716578]
[-9.678679, -10.276461, 24.785168]
[-9.681462, -10.293165, 24.844889]
[-9.708200, -10.301023, 24.891039]
[-9.728610, -10.302999, 24.945347]
[-9.741225, -10.324873, 25.004581]
[-9.746156, -10.339625, 25.055828]
[-9.764321, -10.372623, 25.122194]
[-9.773624, -10.394678, 25.186956]
[-9.802794, -10.412973, 25.245029]
[-9.827796, -10.436996, 25.302620]
[-9.849890, -10.457850, 25.344915]
[-9.887570, -10.473548, 25.433231]
[-9.897217, -10.482499, 25.492594]
[-9.905716, -10.498434, 25.539356]
[-9.921189, -10.519295, 25.614641]
[-9.950610, -10.534684, 25.675869]
[-9.951309, -10.541337, 25.754639]
[-9.976704, -10.563369, 25.836338]
[-10.001146, -10.564796, 25.890789]
[-10.014343, -10.589420, 25.951962]
[-10.049969, -10.587749, 26.016865]
[-10.049675, -10.601966, 26.069683]
[-10.093732, -10.628216, 26.154552]
[-10.111079, -10.648469, 26.208076]
[-10.118971, -10.659925, 26.274277]
[-10.145755, -10.671733, 26.334217]
[-10.159361, -10.687246, 26.396969]
[-10.174808, -10.720355, 26.476210]
[-10.182876, -10.730058, 26.535177]
[-10.183213, -10.741425, 26.598606]
[-10.206078, -10.741519, 26.678013]
[-10.238875, -10.742054, 26.741592]
[-10.248647, -10.767060, 26.817125]
[-10.264305, -10.784422, 26.870865]
[-10.283768, -10.808788, 26.943968]
[-10.304985, -10.825808, 27.002901]
[-10.319602, -10.843712, 27.055456]
[-10.342456, -10.870969, 27.113520]
[-10.359426, -10.889601, 27.178375]
[-10.373899, -10.899014, 27.242201]
[-10.401655, -10.909352, 27.290485]
[-10.414902, -10.929039, 27.373598]
[-10.426648, -10.943802, 27.447790]
[-10.449273, -10.956050, 27.516136]
[-10.461003, -10.971067, 27.563881]
[-10.460167, -10.970470, 27.615170]
[-10.486693, -10.995909, 27.674128]
[-10.503641, -11.001789, 27.740883]
[-10.529234, -11.008315, 27.820351]
[-10.549255, -11.008246, 27.872581]
[-10.573116, -11.014913, 27.931299]
[-10.575964, -11.025106, 27.997721]
[-10.607759, -11.040044, 28.058844]
[-10.617252, -11.047837, 28.122723]
[-10.632759, -11.079709, 28.188759]
[-10.653685, -11.098090, 28.247227]
[-10.691417, -11.122413, 28.294365]
[-10.711378, -11.144905, 28.357817]
[-10.732926, -11.159009, 28.411602]
[-10.751478, -11.173417, 28.451920]
[-10.774840, -11.186898, 28.518892]
[-10.798515, -11.219914, 28.590460]
[-10.812475, -11.239038, 28.653215]
[-10.832330, -11.263309, 28.708956]
[-10.870107, -11.271482, 28.771105]
[-10.891991, -11.280850, 28.818859]
[-10.901197, -11.286845, 28.865484]
[-10.928540, -11.307054, 28.932243]
[-10.934204, -11.312557, 28.997282]
[-10.967366, -11.329823, 29.071072]
[-10.990067, -11.347470, 29.135998]
[-11.022442, -11.379905, 29.179583]
[-11.056629, -11.408277, 29.266609]
[-11.087841, -11.438322, 29.298937]
[-11.116891, -11.453375, 29.350080]
[-11.132013, -11.492597, 29.394339]
[-11.165867, -11.507331, 29.439665]
[-11.184515, -11.521009, 29.503708]
[-11.192167, -11.544200, 29.561802]
[-11.198671, -11.566207, 29.631531]
[-11.219520, -11.598889, 29.700098]
[-11.227684, -11.640044, 29.762617]
[-11.241445, -11.677113, 29.820013]
[-11.272881, -11.703215, 29.897881]
[-11.287503, -11.708442, 29.957918]
[-11.300686, -11.726613, 30.010784]
[-11.317953, -11.737028, 30.059607]
[-11.322426, -11.749999, 30.125990]
[-11.339317, -11.770707, 30.189037]
[-11.366899, -11.788014, 30.263393]
[-11.379487, -11.811963, 30.315853]
[-11.391214, -11.838365, 30.369261]
[-11.411132, -11.857579, 30.446205]
[-11.416921, -11.876724, 30.512598]
[-11.439962, -11.902327, 30.584391]
[-11.453979, -11.933924, 30.643932]
[-11.470250, -11.963901, 30.695026]
[-11.490982, -11.967321, 30.784773]
[-11.506535, -11.995149, 30.844706]
[-11.515569, -12.001028, 30.904081]
[-11.534831, -12.021008, 30.961096]
[-11.546659, -12.019634, 31.027719]
[-11.556567, -12.034790, 31.104034]
[-11.581207, -12.063066, 31.180056]
[-11.594268, -12.105645, 31.243126]
[-11.611183, -12.137883, 31.312872]
[-11.620416, -12.154182, 31.375437]
[-11.645209, -12.166247, 31.442520]
[-11.657846, -12.176438, 31.509638]
[-11.674924, -12.208565, 31.572546]
[-11.677300, -12.220926, 31.629826]
[-11.704519, -12.247405, 31.697836]
[-11.733178, -12.270573, 31.767107]
[-11.738049, -12.304653, 31.834568]
[-11.748337, -12.327804, 31.896145]
[-11.760971, -12.344825, 31.985409]
[-11.751486, -12.384275, 32.060490]
[-11.759398, -12.384957, 32.113758]
[-11.772370, -12.412749, 32.162563]
[-11.776748, -12.437523, 32.235329]
[-11.805091, -12.461845, 32.295307]
[-11.819109, -12.484250, 32.349403]
[-11.843967, -12.500986, 32.411350]
[-11.856320, -12.514916, 32.479679]
[-11.873771, -12.532541, 32.539059]
[-11.885051, -12.555096, 32.616447]
[-11.899978, -12.577599, 32.687843]
[-11.901963, -12.594231, 32.774117]
[-11.934827, -12.614766, 32.836048]
[-11.956872, -12.633848, 32.889225]
[-11.979143, -12.635630, 32.953300]
[-12.001226, -12.625830, 32.988720]
[-12.018453, -12.625412, 33.060528]
[-12.024370, -12.629951, 33.101040]
[-12.032415, -12.643221, 33.166317]
[-12.041413, -12.663914, 33.238850]
[-12.060479, -12.687505, 33.301517]
[-12.083332, -12.687489, 33.371918]
[-12.125974, -12.705897, 33.413990]
[-12.140384, -12.724283, 33.478703]
[-12.136120, -12.717699, 33.521683]
[-12.152150, -12.727493, 33.580063]
[-12.194674, -12.743395, 33.640385]
[-12.188015, -12.757609, 33.697685]
[-12.202997, -12.779487, 33.743328]
[-12.222930, -12.792463, 33.798946]
[-12.252457, -12.797212, 33.842224]
[-12.265038, -12.812115, 33.912575]
[-12.285054, -12.849043, 33.970592]
[-12.302404, -12.870839, 34.016785]
[-12.314107, -12.881139, 34.086159]
[-12.322200, -12.900204, 34.145462]
[-12.347787, -12.911283, 34.186222]
[-12.356834, -12.921494, 34.244671]
[-12.378019, -12.939431, 34.314312]
[-12.386159, -12.954643, 34.353325]
[-12.416006, -12.956146, 34.435806]
[-12.430222, -12.990628, 34.491364]
[-12.460960, -13.020861, 34.550110]
[-12.487464, -13.045415, 34.614323]
[-12.499056, -13.073444, 34.660843]
[-12.494565, -13.074743, 34.714676]
[-12.511056, -13.092297, 34.777645]
[-12.527132, -13.106320, 34.823586]
[-12.524956, -13.132316, 34.904316]
[-12.530067, -13.145390, 34.963657]