[-0.034909, -0.033399, 0.068351]
[-0.055536, -0.033686, 0.080670]
[-0.099079, 0.021603, 0.169189]
[-0.143199, 0.049106, 0.274044]
[-0.170411, 0.060564, 0.360556]
[-0.217391, 0.025328, 0.383759]
[-0.217104, 0.035354, 0.405245]
[-0.258069, 0.057987, 0.486890]
[-0.250340, 0.092365, 0.523275]
[-0.139478, 0.090648, 0.487757]
[-0.109967, 0.119009, 0.474006]
[-0.139762, 0.130180, 0.515258]
[-0.158391, 0.123018, 0.554797]
[-0.220846, 0.127601, 0.633290]
[-0.264965, 0.103824, 0.708919]
[-0.320254, 0.111557, 0.747308]
[-0.379558, 0.114994, 0.785700]
[-0.392161, 0.137626, 0.810336]
[-0.447165, 0.182890, 0.825807]
[-0.437142, 0.216409, 0.789140]
[-0.479540, 0.231304, 0.833544]
[-0.458917, 0.253077, 0.842425]
[-0.622778, 0.256520, 0.908608]
[-0.666603, 0.288890, 0.915194]
[-0.772028, 0.324702, 0.936964]
[-0.821018, 0.339886, 0.962462]
[-0.852529, 0.383144, 1.009731]
[-0.856539, 0.402908, 1.037523]
[-0.839635, 0.393738, 1.088230]
[-0.875156, 0.378840, 1.123178]
[-0.851664, 0.365377, 1.131485]
[-0.894059, 0.422389, 1.168725]
[-0.887185, 0.459062, 1.193362]
[-0.956226, 0.488282, 1.174168]
[-0.993468, 0.513493, 1.191359]
[-1.064227, 0.536984, 1.210553]
[-1.128399, 0.541853, 1.272146]
[-1.155900, 0.558469, 1.348640]
[-1.169366, 0.568210, 1.375283]
[-1.157331, 0.583107, 1.406790]
[-1.198583, 0.608605, 1.484141]
[-1.173948, 0.622929, 1.470391]
[-1.242417, 0.647279, 1.531694]
[-1.235834, 0.656161, 1.559771]
[-1.336672, 0.657022, 1.612479]
[-1.373342, 0.672778, 1.658316]
[-1.475616, 0.691685, 1.682953]
[-1.518014, 0.694555, 1.712459]
[-1.611689, 0.699426, 1.731652]
[-1.649218, 0.710887, 1.722201]
[-1.671273, 0.735523, 1.745693]
[-1.715674, 0.743260, 1.737099]
[-1.700786, 0.777351, 1.740541]
[-1.782430, 0.793391, 1.752286]
[-1.775555, 0.817454, 1.783510]
[-1.879254, 0.810579, 1.881767]
[-1.935690, 0.827478, 1.954538]
[-1.999002, 0.858420, 1.984904]
[-2.011894, 0.884203, 2.005245]
[-2.027079, 0.881341, 2.059389]
[-1.995852, 0.904544, 2.095197]
[-1.970638, 0.905117, 2.067408]
[-1.983526, 0.906838, 2.099491]
[-1.984672, 0.907698, 2.105792]
[-2.029933, 0.958691, 2.150769]
[-2.058868, 0.977602, 2.220958]
[-2.139079, 0.997368, 2.307189]
[-2.152257, 0.985909, 2.330108]
[-2.188352, 0.985910, 2.380817]
[-2.145952, 0.993072, 2.419205]
[-2.174886, 0.991068, 2.432665]
[-2.165152, 1.019429, 2.407169]
[-2.175752, 1.047504, 2.399720]
[-2.234191, 1.079874, 2.418628]
[-2.273724, 1.102221, 2.430660]
[-2.320421, 1.138605, 2.438395]
[-2.375138, 1.192175, 2.426360]
[-2.455923, 1.176993, 2.457014]
[-2.452490, 1.165822, 2.453292]
[-2.511504, 1.179571, 2.477641]
[-2.465955, 1.195325, 2.474493]
[-2.501482, 1.209936, 2.481656]
[-2.483432, 1.207930, 2.492824]
[-2.500907, 1.236577, 2.452719]
[-2.563647, 1.205926, 2.504859]
[-2.575106, 1.212514, 2.542675]
[-2.658751, 1.243167, 2.555566]
[-2.668491, 1.257778, 2.589660]
[-2.738969, 1.293016, 2.646672]
[-2.751573, 1.302182, 2.669878]
[-2.773921, 1.309630, 2.730328]
[-2.783943, 1.342286, 2.758971]
[-2.796265, 1.364918, 2.747804]
[-2.789680, 1.405025, 2.745226]
[-2.771913, 1.414477, 2.746371]
[-2.781366, 1.425937, 2.783329]
[-2.799987, 1.437108, 2.832602]
[-2.901402, 1.478361, 2.911670]
[-2.948672, 1.498127, 2.923705]
[-3.036902, 1.515887, 3.004777]
[-3.049514, 1.534510, 3.036865]
[-3.099069, 1.545968, 3.108197]
[-3.094492, 1.562011, 3.138570]
[-3.128581, 1.584072, 3.165501]
[-3.155793, 1.569460, 3.197298]
[-3.126861, 1.587507, 3.182976]
[-3.164962, 1.601258, 3.194721]
[-3.152935, 1.619881, 3.208189]
[-3.277839, 1.653112, 3.271789]
[-3.319665, 1.673739, 3.267493]
[-3.413634, 1.712701, 3.300151]
[-3.483250, 1.736764, 3.306740]
[-3.499294, 1.764554, 3.332808]
[-3.476374, 1.769422, 3.321921]
[-3.480096, 1.772575, 3.366040]
[-3.477519, 1.796639, 3.362602]
[-3.440561, 1.815831, 3.363173]
[-3.487260, 1.836746, 3.438803]
[-3.468925, 1.856512, 3.429639]
[-3.529373, 1.892606, 3.441666]
[-3.550865, 1.908367, 3.422185]
[-3.675191, 1.910086, 3.490077]
[-3.673472, 1.899200, 3.518152]
[-3.728761, 1.907796, 3.601230]
[-3.764857, 1.899487, 3.647639]
[-3.768584, 1.924125, 3.661388]
[-3.761418, 1.929282, 3.666546]
[-3.754544, 1.957358, 3.635323]
[-3.760846, 1.971684, 3.629593]
[-3.732486, 2.017235, 3.605245]
[-3.787492, 2.054191, 3.627589]
[-3.791499, 2.100315, 3.634174]
[-3.853382, 2.151021, 3.681157]
[-3.868565, 2.172793, 3.722986]
[-3.935883, 2.194850, 3.783720]
[-3.935889, 2.219775, 3.830703]
[-3.935311, 2.239256, 3.864216]
[-3.918413, 2.242695, 3.875392]
[-3.948206, 2.229804, 3.877679]
[-3.931877, 2.199434, 3.891430]
[-3.894062, 2.193990, 3.865651]
[-3.967680, 2.231805, 3.923511]
[-3.996325, 2.234097, 3.919787]
[-4.067082, 2.263322, 3.998281]
[-4.102602, 2.280223, 4.014323]
[-4.161042, 2.294549, 4.068470]
[-4.152731, 2.308301, 4.091383]
[-4.215470, 2.321766, 4.132921]
[-4.241544, 2.348408, 4.172172]
[-4.246700, 2.368462, 4.173031]
[-4.233523, 2.393386, 4.184777]
[-4.241828, 2.410289, 4.203686]
[-4.255577, 2.438650, 4.227178]
[-4.235810, 2.428910, 4.233193]
[-4.278209, 2.398832, 4.282755]
[-4.281648, 2.421464, 4.301661]
[-4.351835, 2.431205, 4.384453]
[-4.373321, 2.424616, 4.401644]
[-4.445512, 2.463576, 4.411100]
[-4.493354, 2.447820, 4.444042]
[-4.495072, 2.476469, 4.436020]
[-4.517705, 2.515720, 4.477275]
[-4.454391, 2.510280, 4.463525]
[-4.468713, 2.521455, 4.465245]
[-4.421445, 2.524894, 4.426861]
[-4.443789, 2.498251, 4.472697]
[-4.426315, 2.526611, 4.483580]
[-4.467279, 2.539788, 4.502203]
[-4.462984, 2.531482, 4.553480]
[-4.493343, 2.552103, 4.575536]
[-4.546346, 2.544081, 4.635696]
[-4.568408, 2.578460, 4.671790]
[-4.619975, 2.593358, 4.753149]
[-4.639744, 2.592784, 4.802141]
[-4.686435, 2.614843, 4.853992]
[-4.649488, 2.654667, 4.834228]
[-4.661521, 2.661257, 4.846260]
[-4.642614, 2.679594, 4.853708]
[-4.621413, 2.689049, 4.851416]
[-4.656361, 2.700507, 4.900114]
[-4.649780, 2.734025, 4.920742]
[-4.722540, 2.762100, 5.004964]
[-4.726552, 2.777282, 5.053665]
[-4.770955, 2.797620, 5.110673]
[-4.813928, 2.812516, 5.169400]
[-4.866646, 2.842025, 5.212089]
[-4.922503, 2.879553, 5.244460]
[-4.953447, 2.908202, 5.267665]
[-5.007878, 2.927108, 5.301181]
[-5.016761, 2.947734, 5.315219]
[-5.066899, 2.981252, 5.369078]
[-5.036816, 2.991852, 5.353034]
[-5.065178, 3.014199, 5.394859]
[-5.027362, 3.020789, 5.434394]
[-5.025931, 3.043993, 5.472212]
[-5.045126, 3.041126, 5.509741]
[-5.066899, 3.072348, 5.517190]
[-5.139378, 3.080087, 5.561023]
[-5.177188, 3.134518, 5.609147]
[-5.232486, 3.149417, 5.674470]
[-5.260844, 3.164312, 5.674182]
[-5.333323, 3.152568, 5.725747]
[-5.316136, 3.132229, 5.741217]
[-5.325590, 3.146550, 5.760126]
[-5.348803, 3.174051, 5.795075]
[-5.321585, 3.168897, 5.787337]
[-5.349373, 3.179497, 5.816843]
[-5.338197, 3.208432, 5.843198]
[-5.383175, 3.227627, 5.868411]
[-5.425006, 3.251405, 5.906802]
[-5.505210, 3.284920, 5.952634]
[-5.518104, 3.298384, 6.003915]
[-5.577117, 3.295519, 6.042020]
[-5.570247, 3.293226, 6.082412]
[-5.575979, 3.322445, 6.161769]
[-5.569386, 3.333615, 6.194717]
[-5.525556, 3.332183, 6.219639]
[-5.549046, 3.357679, 6.234826]
[-5.502068, 3.356537, 6.220789]
[-5.558787, 3.385185, 6.224511]
[-5.556497, 3.400940, 6.262039]
[-5.609496, 3.431879, 6.312174]
[-5.596890, 3.457089, 6.382361]
[-5.624398, 3.469981, 6.456274]
[-5.656196, 3.459094, 6.514145]
[-5.660493, 3.455080, 6.559978]
[-5.659923, 3.444195, 6.607531]
[-5.646743, 3.499200, 6.634173]
[-5.658203, 3.519252, 6.650788]
[-5.596027, 3.517532, 6.635315]
[-5.636992, 3.531283, 6.663393]
[-5.610637, 3.560790, 6.680008]
[-5.689422, 3.577691, 6.722692]
[-5.669372, 3.557642, 6.729568]
[-5.713483, 3.592015, 6.800895]
[-5.729817, 3.603474, 6.833554]
[-5.759898, 3.608345, 6.889701]
[-5.771076, 3.615223, 6.991117]
[-5.796000, 3.644731, 7.034665]
[-5.813186, 3.677393, 7.093677]
[-5.747014, 3.701459, 7.059017]
[-5.722088, 3.759042, 7.106565]
[-5.718082, 3.781963, 7.092243]
[-5.759335, 3.791989, 7.100835]
[-5.768499, 3.772510, 7.100548]
[-5.772512, 3.764781, 7.148102]
[-5.810614, 3.760771, 7.153257]
[-5.855025, 3.767360, 7.184770]
[-5.934661, 3.765065, 7.243213]
[-5.906589, 3.764493, 7.275300]
[-5.994823, 3.781971, 7.358092]
[-5.998264, 3.784261, 7.334319]
[-6.076473, 3.795435, 7.402213]
[-6.065295, 3.783400, 7.463229]
[-6.064438, 3.775090, 7.508214]
[-6.030060, 3.796289, 7.529411]
[-5.996259, 3.789417, 7.539726]
[-6.020324, 3.776813, 7.574679]
[-6.016596, 3.764206, 7.571238]
[-6.065589, 3.768508, 7.608193]
[-6.041523, 3.765646, 7.607909]
[-6.081347, 3.774241, 7.692993]
[-6.114287, 3.808045, 7.741409]
[-6.164708, 3.822939, 7.838812]
[-6.215416, 3.823514, 7.858583]
[-6.262972, 3.851588, 7.909002]
[-6.307954, 3.878520, 7.974612]
[-6.311095, 3.896563, 8.018141]
[-6.332581, 3.877085, 8.063399]
[-6.269844, 3.890834, 8.035607]
[-6.321691, 3.880805, 8.063973]
[-6.246639, 3.870206, 8.070278]
[-6.343467, 3.863042, 8.179127]
[-6.364958, 3.897137, 8.235852]
[-6.386734, 3.885393, 8.261918]
[-6.445748, 3.902006, 8.352164]
[-6.422542, 3.922059, 8.362763]
[-6.491296, 3.935239, 8.451858]
[-6.480985, 3.922637, 8.460456]
[-6.518508, 3.944693, 8.514311]
[-6.546017, 3.924929, 8.520903]
[-6.543439, 3.897428, 8.512597]
[-6.553465, 3.904878, 8.511164]
[-6.489863, 3.914042, 8.585923]
[-6.483844, 3.924361, 8.627463]
[-6.436006, 3.963897, 8.650101]
[-6.443166, 3.956447, 8.688199]
[-6.443171, 3.966187, 8.723435]
[-6.531401, 3.997982, 8.729448]
[-6.510780, 4.002281, 8.774137]
[-6.551458, 4.003427, 8.836021]
[-6.589846, 3.990824, 8.917383]
[-6.610759, 3.970486, 8.997313]
[-6.641118, 3.979648, 9.050312]
[-6.632524, 3.994546, 9.048878]
[-6.649422, 4.024622, 9.079243]
[-6.611325, 4.010587, 9.053176]
[-6.670341, 4.025485, 9.118494]
[-6.652864, 4.039522, 9.142842]
[-6.681512, 4.071324, 9.208733]
[-6.690679, 4.084217, 9.268032]
[-6.717039, 4.099113, 9.298112]
[-6.724772, 4.122030, 9.345954]
[-6.766311, 4.139792, 9.414421]
[-6.833054, 4.147240, 9.464838]
[-6.855685, 4.161277, 9.498358]
[-6.890351, 4.181622, 9.572273]
[-6.883474, 4.212561, 9.577142]
[-6.886630, 4.205975, 9.572565]
[-6.877457, 4.222586, 9.591753]
[-6.908108, 4.234614, 9.644753]
[-6.912118, 4.250372, 9.686296]
[-6.888340, 4.269279, 9.730415]
[-6.895504, 4.281883, 9.735857]
[-6.896358, 4.297352, 9.757627]
[-7.025562, 4.316261, 9.802895]
[-7.098039, 4.360663, 9.849012]
[-7.197738, 4.367828, 9.913186]
[-7.200887, 4.390747, 9.938397]
[-7.239559, 4.396477, 9.971623]
[-7.245288, 4.415386, 10.027774]
[-7.271066, 4.402497, 10.077620]
[-7.231247, 4.415102, 10.097960]
[-7.152176, 4.393330, 10.129474]
[-7.146163, 4.416818, 10.158991]
[-7.093732, 4.417106, 10.142372]
[-7.144149, 4.450336, 10.193362]
[-7.110918, 4.485866, 10.220011]
[-7.187120, 4.511936, 10.264698]
[-7.197158, 4.560923, 10.278450]
[-7.229243, 4.584701, 10.321423]
[-7.230100, 4.653455, 10.399340]
[-7.238118, 4.671214, 10.441455]
[-7.292837, 4.690696, 10.489587]
[-7.291405, 4.703011, 10.494169]
[-7.293127, 4.720487, 10.534559]
[-7.262192, 4.747129, 10.545733]
[-7.267911, 4.790387, 10.584401]
[-7.248147, 4.810153, 10.607324]
[-7.235535, 4.860571, 10.593289]
[-7.229519, 4.874326, 10.647433]
[-7.241550, 4.872893, 10.680956]
[-7.223499, 4.866594, 10.717626]
[-7.222349, 4.892380, 10.691557]
[-7.295398, 4.909569, 10.717049]
[-7.317462, 4.918740, 10.767758]
[-7.362723, 4.956839, 10.819609]
[-7.367026, 4.994655, 10.885784]
[-7.320044, 5.023587, 10.915009]
[-7.336080, 5.047645, 10.986905]
[-7.317460, 5.027021, 11.003238]
[-7.330637, 5.011838, 11.033316]
[-7.285381, 5.033039, 10.998649]
[-7.324910, 5.037334, 11.080292]
[-7.321474, 5.035901, 11.108940]
[-7.330638, 5.079732, 11.154769]
[-7.354702, 5.094054, 11.216932]
[-7.353277, 5.138744, 11.267644]
[-7.387076, 5.121560, 11.285691]
[-7.374763, 5.109817, 11.308898]
[-7.405408, 5.082883, 11.393981]
[-7.377048, 5.126996, 11.419478]
[-7.387365, 5.112667, 11.436667]
[-7.360440, 5.126132, 11.438674]
[-7.344975, 5.106653, 11.482504]
[-7.310020, 5.087169, 11.514018]
[-7.314032, 5.094903, 11.541809]
[-7.347828, 5.101493, 11.547250]
[-7.310019, 5.109803, 11.571888]
[-7.357577, 5.157360, 11.644367]
[-7.361305, 5.193171, 11.668144]
[-7.426905, 5.202052, 11.734899]
[-7.426039, 5.207205, 11.756385]
[-7.495080, 5.216944, 11.830583]
[-7.504819, 5.202908, 11.875268]
[-7.484483, 5.239004, 11.929989]
[-7.542348, 5.246452, 11.996161]
[-7.534329, 5.214365, 12.003896]
[-7.541488, 5.220380, 12.053738]
[-7.508545, 5.264212, 12.054884]
[-7.513412, 5.282831, 12.115906]
[-7.484195, 5.300017, 12.122497]
[-7.525161, 5.321215, 12.150284]
[-7.507400, 5.316060, 12.165467]
[-7.563833, 5.310333, 12.201565]
[-7.586465, 5.342417, 12.257714]
[-7.577013, 5.353306, 12.255998]
[-7.634592, 5.334974, 12.293241]
[-7.619405, 5.357888, 12.323894]
[-7.674695, 5.397709, 12.389779]
[-7.661802, 5.398854, 12.366295]
[-7.690161, 5.412601, 12.387486]
[-7.624853, 5.416038, 12.426452]
[-7.649200, 5.450415, 12.443931]
[-7.644330, 5.489373, 12.438199]
[-7.648634, 5.493096, 12.453096]
[-7.697336, 5.520022, 12.488336]
[-7.701926, 5.553542, 12.518988]
[-7.767811, 5.595653, 12.603214]
[-7.774689, 5.623158, 12.645328]
[-7.835988, 5.646075, 12.700611]
[-7.815654, 5.644933, 12.736706]
[-7.858054, 5.677305, 12.767647]
[-7.852612, 5.707098, 12.782831]
[-7.831698, 5.705091, 12.795150]
[-7.817372, 5.712252, 12.843277]
[-7.788157, 5.709388, 12.838983]
[-7.794460, 5.728581, 12.891690]
[-7.792174, 5.755803, 12.924926]
[-7.821104, 5.748930, 12.968758]
[-7.813942, 5.781588, 12.959301]
[-7.871522, 5.792474, 13.006001]
[-7.874960, 5.806510, 13.044960]
[-7.958039, 5.846333, 13.107986]
[-8.013618, 5.849198, 13.190496]
[-7.983543, 5.852638, 13.202817]
[-7.976662, 5.899045, 13.251224]
[-7.948015, 5.911938, 13.219137]
[-7.970932, 5.933424, 13.207386]
[-7.907047, 5.953766, 13.177593]
[-7.938559, 5.958924, 13.180750]
[-7.904754, 5.966082, 13.184192]
[-7.951735, 5.955770, 13.215988]
[-7.948011, 5.950900, 13.285316]
[-7.991270, 5.957200, 13.382143]
[-8.024220, 5.978971, 13.426261]
[-8.043701, 5.988424, 13.473246]
[-8.093833, 5.984127, 13.535980]
[-8.079224, 6.001313, 13.521946]
[-8.141388, 6.037697, 13.572079]
[-8.139958, 6.050302, 13.630231]
[-8.134510, 6.042279, 13.690103]
[-8.081225, 6.038269, 13.713309]
[-8.078362, 6.031395, 13.736803]
[-8.090392, 6.048869, 13.766022]
[-8.094688, 6.066630, 13.793807]
[-8.119610, 6.122207, 13.847378]
[-8.110729, 6.146272, 13.867431]
[-8.188654, 6.152575, 13.945353]
[-8.198107, 6.142263, 13.979158]
[-8.283760, 6.122782, 14.057364]
[-8.242513, 6.109322, 14.104920]
[-8.282619, 6.113046, 14.166805]
[-8.331605, 6.122500, 14.183991]
[-8.352805, 6.116773, 14.224959]
[-8.332752, 6.107035, 14.262493]
[-8.332464, 6.105889, 14.265644]
[-8.400930, 6.088412, 14.334967]
[-8.400640, 6.093854, 14.343850]
[-8.429862, 6.121353, 14.349866]
[-8.408380, 6.143415, 14.355310]
[-8.491171, 6.169486, 14.391978]
[-8.516095, 6.184385, 14.424354]
[-8.592586, 6.222770, 14.486515]
[-8.623238, 6.225348, 14.520035]
[-8.655609, 6.247980, 14.538939]
[-8.725794, 6.295248, 14.594516]
[-8.739546, 6.298116, 14.599099]
[-8.784522, 6.311294, 14.639776]
[-8.769625, 6.308715, 14.605400]
[-8.802000, 6.304419, 14.644073]
[-8.777934, 6.338510, 14.656107]
[-8.804857, 6.354841, 14.657828]
[-8.814601, 6.359997, 14.687335]
[-8.873613, 6.362576, 14.695922]
[-8.906558, 6.349110, 14.693345]
[-8.950104, 6.342237, 14.703657]
[-9.001098, 6.332496, 14.746630]
[-9.017427, 6.364866, 14.807364]
[-9.034900, 6.408696, 14.853775]
[-9.040632, 6.416142, 14.881852]
[-9.138610, 6.445361, 14.928255]
[-9.139760, 6.441923, 14.950032]
[-9.164106, 6.436766, 14.989566]
[-9.170694, 6.459396, 15.035684]
[-9.142619, 6.495493, 15.020786]
[-9.159807, 6.467419, 15.062897]
[-9.112826, 6.492627, 15.040550]
[-9.147491, 6.515260, 15.091542]
[-9.131735, 6.559377, 15.080366]
[-9.179003, 6.594901, 15.130497]
[-9.168406, 6.570263, 15.131644]
[-9.236871, 6.582298, 15.212998]
[-9.296742, 6.582871, 15.278026]
[-9.333128, 6.582585, 15.335614]
[-9.345736, 6.579433, 15.398918]
[-9.330268, 6.613524, 15.425556]
[-9.360636, 6.611805, 15.458785]
[-9.366366, 6.618395, 15.452193]
[-9.361495, 6.641027, 15.463361]
[-9.346026, 6.657354, 15.472817]
[-9.389282, 6.662796, 15.524385]
[-9.373526, 6.664228, 15.542147]
[-9.425377, 6.642743, 15.604029]
[-9.428818, 6.633575, 15.646996]
[-9.490125, 6.634433, 15.681659]
[-9.525649, 6.602923, 15.767887]
[-9.526795, 6.652484, 15.798542]
[-9.560312, 6.688293, 15.836639]
[-9.537397, 6.689727, 15.863001]
[-9.595836, 6.658215, 15.953248]
[-9.588103, 6.653635, 15.967289]
[-9.610451, 6.647622, 16.026014]
[-9.565761, 6.659368, 16.012842]
[-9.573208, 6.686871, 16.024588]
[-9.566046, 6.705492, 16.041777]
[-9.562327, 6.758491, 16.036337]
[-9.585532, 6.780835, 16.069565]
[-9.610455, 6.782269, 16.074730]
[-9.660872, 6.803183, 16.107674]
[-9.664021, 6.827818, 16.097075]
[-9.737359, 6.857613, 16.164108]
[-9.720456, 6.886261, 16.190182]
[-9.776894, 6.924359, 16.260075]
[-9.788642, 6.973634, 16.268381]
[-9.815285, 7.007440, 16.337708]
[-9.821303, 7.027207, 16.343727]
[-9.806978, 7.062728, 16.346304]
[-9.831903, 7.061296, 16.394434]
[-9.780910, 7.055280, 16.398447]
[-9.811278, 7.096823, 16.422228]
[-9.780623, 7.109430, 16.420795]
[-9.808984, 7.141227, 16.462620]
[-9.805832, 7.157270, 16.515903]
[-9.857397, 7.173314, 16.584377]
[-9.899222, 7.179330, 16.575783]
[-9.969123, 7.205113, 16.635933]
[-10.026135, 7.208549, 16.725023]
[-10.020694, 7.223162, 16.735336]
[-10.043037, 7.212563, 16.831301]
[-10.023556, 7.236627, 16.828438]
[-10.050765, 7.242640, 16.863670]
[-9.991464, 7.241781, 16.865675]
[-10.010085, 7.275865, 16.915810]
[-10.002922, 7.268417, 16.927845]
[-10.033005, 7.275863, 16.916960]
[-10.065377, 7.303082, 16.970818]
[-10.081704, 7.338035, 16.996885]
[-10.157617, 7.358663, 17.067644]
[-10.169077, 7.330875, 17.081690]
[-10.223215, 7.334599, 17.178514]
[-10.276780, 7.355510, 17.244410]
[-10.314312, 7.379573, 17.298557]
[-10.361580, 7.405928, 17.324911]
[-10.393950, 7.423688, 17.386795]
[-10.399679, 7.444311, 17.444666]
[-10.373035, 7.461787, 17.479902]
[-10.384496, 7.468381, 17.529461]
[-10.354416, 7.529970, 17.561264]
[-10.363583, 7.538854, 17.652361]
[-10.338377, 7.540857, 17.663530]
[-10.361296, 7.572656, 17.675852]
[-10.356997, 7.590991, 17.706505]
[-10.414293, 7.596146, 17.718538]
[-10.460991, 7.637972, 17.756069]
[-10.505110, 7.674928, 17.740307]
[-10.550942, 7.672633, 17.792158]
[-10.564122, 7.680372, 17.809626]
[-10.614828, 7.687532, 17.863482]
[-10.599073, 7.694695, 17.890982]
[-10.622276, 7.720481, 17.949709]
[-10.603656, 7.730219, 17.943413]
[-10.637171, 7.772332, 17.963751]
[-10.645762, 7.801552, 17.978075]
[-10.625995, 7.756577, 17.975500]
[-10.683287, 7.753995, 18.027925]
[-10.659219, 7.732799, 18.032803]
[-10.726826, 7.735662, 18.123615]
[-10.721669, 7.716468, 18.106709]
[-10.786412, 7.749699, 18.169731]
[-10.863760, 7.747978, 18.208694]
[-10.886679, 7.732221, 18.227030]
[-10.949418, 7.728498, 18.338758]
[-10.980643, 7.731937, 18.347639]
[-11.076323, 7.744259, 18.380293]
[-11.047966, 7.793244, 18.412380]
[-11.086639, 7.805564, 18.439020]
[-11.067733, 7.833635, 18.506340]
[-11.084065, 7.859992, 18.531261]
[-11.102395, 7.884339, 18.558182]
[-11.112992, 7.888916, 18.560188]
[-11.121016, 7.903813, 18.588839]
[-11.104398, 7.939337, 18.582821]
[-11.152524, 7.946789, 18.603443]
[-11.138200, 7.945069, 18.595705]
[-11.194352, 8.001791, 18.608881]
[-11.230164, 7.994055, 18.636387]
[-11.257668, 8.008090, 18.668760]
[-11.303501, 8.012101, 18.701990]
[-11.335585, 7.998061, 18.730633]
[-11.434996, 8.021264, 18.792795]
[-11.431841, 8.010088, 18.779903]
[-11.473381, 8.024984, 18.824594]
[-11.466796, 8.016388, 18.888479]
[-11.490857, 8.049335, 18.883890]
[-11.456490, 8.058787, 18.889334]
[-11.419541, 8.043317, 18.876442]
[-11.426416, 8.037017, 18.898214]
[-11.380869, 8.012670, 18.889048]
[-11.385448, 8.026134, 18.904224]