[0.000000, 0.000000, 0.000000]
[0.020970, -0.013369, 0.011117]
[0.006071, -0.014744, 0.008254]
[-0.009399, 0.000841, 0.014327]
[-0.017992, -0.006951, 0.026821]
[-0.026249, 0.013674, 0.054555]
[-0.042863, 0.034072, 0.068078]
[-0.062690, 0.021582, 0.087670]
[-0.068650, 0.020435, 0.109900]
[-0.066473, 0.007144, 0.111850]
[-0.096265, 0.013675, 0.130069]
[-0.095005, 0.039573, 0.124797]
[-0.094088, 0.032242, 0.144851]
[-0.115974, 0.007833, 0.142675]
[-0.120214, -0.017149, 0.164790]
[-0.124570, -0.022422, 0.161126]
[-0.141874, -0.023109, 0.160212]
[-0.168801, -0.008900, 0.159412]
[-0.166395, 0.000152, 0.178088]
[-0.173498, 0.003016, 0.188173]
[-0.177164, 0.001527, 0.180152]
[-0.187248, 0.010351, 0.196879]
[-0.198132, 0.027884, 0.207650]
[-0.218185, 0.022955, 0.226559]
[-0.235145, 0.040486, 0.217623]
[-0.262873, 0.037052, 0.228048]
[-0.284187, 0.024674, 0.257841]
[-0.297598, 0.035671, 0.246383]
[-0.329917, 0.031545, 0.293367]
[-0.363261, 0.044149, 0.296460]
[-0.377012, 0.045066, 0.301273]
[-0.388014, 0.041395, 0.296920]
[-0.402796, 0.051020, 0.317777]
[-0.410130, 0.059844, 0.326487]
[-0.415859, 0.087575, 0.337376]
[-0.433849, 0.099377, 0.353993]
[-0.444049, 0.103388, 0.370949]
[-0.445653, 0.137422, 0.372209]
[-0.462268, 0.136620, 0.373584]
[-0.478080, 0.135589, 0.372325]
[-0.468223, 0.146015, 0.355021]
[-0.489532, 0.145899, 0.372552]
[-0.503628, 0.151399, 0.382981]
[-0.515318, 0.173858, 0.369232]
[-0.526892, 0.190588, 0.378742]
[-0.547404, 0.205027, 0.386764]
[-0.569176, 0.226684, 0.397191]
[-0.568260, 0.241468, 0.413007]
[-0.584987, 0.231154, 0.434318]
[-0.604698, 0.237226, 0.428473]
[-0.633692, 0.259913, 0.429734]
[-0.648587, 0.274807, 0.433745]
[-0.643890, 0.290047, 0.432370]
[-0.658213, 0.287640, 0.438100]
[-0.683766, 0.304141, 0.441190]
[-0.687435, 0.295433, 0.450586]
[-0.698550, 0.293829, 0.472473]
[-0.696146, 0.304829, 0.494818]
[-0.695686, 0.324082, 0.501581]
[-0.722386, 0.336918, 0.509602]
[-0.756878, 0.326948, 0.524841]
[-0.768338, 0.318581, 0.544666]
[-0.779453, 0.334624, 0.534698]
[-0.806150, 0.317895, 0.554407]
[-0.822538, 0.336804, 0.540314]
[-0.845458, 0.327523, 0.527940]
[-0.860011, 0.319043, 0.550284]
[-0.847982, 0.328553, 0.540773]
[-0.838244, 0.314573, 0.533778]
[-0.853484, 0.317550, 0.568845]
[-0.879952, 0.316977, 0.578812]
[-0.910547, 0.338748, 0.569992]
[-0.927851, 0.357885, 0.556472]
[-0.918911, 0.366476, 0.565869]
[-0.930597, 0.367851, 0.534700]
[-0.930826, 0.388363, 0.539398]
[-0.942973, 0.408990, 0.528853]
[-0.980098, 0.426407, 0.526792]
[-0.989951, 0.433398, 0.515674]
[-1.010692, 0.457118, 0.524957]
[-1.037162, 0.460323, 0.523127]
[-1.052746, 0.466739, 0.544555]
[-1.062486, 0.480721, 0.522670]
[-1.084603, 0.495387, 0.508690]
[-1.114397, 0.497333, 0.535504]
[-1.158854, 0.502032, 0.541008]
[-1.172377, 0.500196, 0.564846]
[-1.194837, 0.519675, 0.543191]
[-1.209274, 0.542364, 0.508125]
[-1.227151, 0.540988, 0.493455]
[-1.245831, 0.564822, 0.504454]
[-1.272761, 0.607106, 0.526455]
[-1.289147, 0.633349, 0.533562]
[-1.285367, 0.631974, 0.559230]
[-1.284221, 0.648586, 0.557628]
[-1.295107, 0.660271, 0.561181]
[-1.272764, 0.687428, 0.551098]
[-1.292699, 0.704614, 0.578711]
[-1.297167, 0.713896, 0.574012]
[-1.329368, 0.721574, 0.557167]
[-1.366842, 0.704730, 0.580199]
[-1.370049, 0.703813, 0.600255]
[-1.384826, 0.717219, 0.591546]
[-1.387347, 0.709659, 0.604957]
[-1.420922, 0.695448, 0.608162]
[-1.428942, 0.711491, 0.591544]
[-1.443839, 0.723755, 0.578596]
[-1.441319, 0.739797, 0.592808]
[-1.467329, 0.747016, 0.605643]
[-1.460110, 0.746902, 0.610455]
[-1.476267, 0.754578, 0.614353]
[-1.493454, 0.776235, 0.625238]
[-1.511100, 0.777267, 0.629934]
[-1.511560, 0.816798, 0.636010]
[-1.529551, 0.821498, 0.639333]
[-1.543760, 0.826884, 0.655605]
[-1.567139, 0.837658, 0.680243]
[-1.582611, 0.845678, 0.705567]
[-1.579975, 0.866191, 0.694570]
[-1.600944, 0.873985, 0.703734]
[-1.615379, 0.882694, 0.723557]
[-1.655601, 0.885901, 0.743039]
[-1.669582, 0.877311, 0.729863]
[-1.695367, 0.898738, 0.737540]
[-1.718397, 0.901489, 0.735251]
[-1.742232, 0.935294, 0.725168]
[-1.779706, 0.938275, 0.735020]
[-1.813512, 0.944005, 0.771229]
[-1.834369, 0.965435, 0.766533]
[-1.852819, 0.975516, 0.762524]
[-1.874823, 0.979527, 0.805493]
[-1.881699, 0.985371, 0.828985]
[-1.914357, 0.997176, 0.817301]
[-1.919627, 0.999926, 0.825894]
[-1.946558, 1.023189, 0.837353]
[-1.977038, 1.021245, 0.843880]
[-1.984258, 1.051037, 0.876884]
[-1.983113, 1.059515, 0.882269]
[-1.996865, 1.056190, 0.879519]
[-1.996059, 1.045535, 0.879057]
[-1.994225, 1.041296, 0.887194]
[-2.015311, 1.049203, 0.892123]
[-2.027916, 1.083581, 0.881354]
[-2.046595, 1.080832, 0.881122]
[-2.069856, 1.072236, 0.879862]
[-2.102748, 1.074412, 0.879404]
[-2.116730, 1.088392, 0.902894]
[-2.131397, 1.115322, 0.889257]
[-2.160160, 1.120595, 0.886278]
[-2.175632, 1.125753, 0.896476]
[-2.191791, 1.112575, 0.897623]
[-2.197521, 1.116357, 0.912289]
[-2.223531, 1.120139, 0.931542]
[-2.216310, 1.144205, 0.935091]
[-2.192248, 1.175602, 0.931422]
[-2.211040, 1.186600, 0.921569]
[-2.227772, 1.196342, 0.915611]
[-2.251835, 1.203331, 0.918247]
[-2.270288, 1.223158, 0.943684]
[-2.296525, 1.235649, 0.960527]
[-2.303400, 1.259486, 0.954339]
[-2.327006, 1.266589, 0.978748]
[-2.329986, 1.277015, 0.984359]
[-2.316805, 1.293058, 0.966598]
[-2.337773, 1.267847, 0.967287]
[-2.373752, 1.255583, 0.962703]
[-2.380282, 1.265208, 0.963848]
[-2.403543, 1.282856, 0.970838]
[-2.407779, 1.282511, 0.978170]
[-2.421532, 1.280217, 1.018390]
[-2.455106, 1.293968, 1.056205]
[-2.454651, 1.300730, 1.054374]
[-2.460266, 1.316430, 1.079122]
[-2.485128, 1.333618, 1.069954]
[-2.537264, 1.355161, 1.082447]
[-2.545632, 1.372235, 1.085315]
[-2.529021, 1.388962, 1.070189]
[-2.539106, 1.410734, 1.066405]
[-2.563510, 1.426088, 1.061933]
[-2.576001, 1.437658, 1.053110]
[-2.570044, 1.435136, 1.065596]
[-2.584596, 1.424135, 1.086680]
[-2.604304, 1.436742, 1.109825]
[-2.631919, 1.450378, 1.107414]
[-2.644069, 1.470546, 1.109362]
[-2.667328, 1.490252, 1.109936]
[-2.681533, 1.494377, 1.121620]
[-2.689439, 1.511566, 1.134569]
[-2.712931, 1.525088, 1.145110]
[-2.740895, 1.521192, 1.150382]
[-2.739750, 1.558317, 1.136745]
[-2.773669, 1.560954, 1.138924]
[-2.788796, 1.580206, 1.144882]
[-2.820648, 1.593271, 1.185555]
[-2.838409, 1.597738, 1.206180]
[-2.840586, 1.605526, 1.220507]
[-2.863389, 1.617213, 1.221996]
[-2.878513, 1.625578, 1.234258]
[-2.901318, 1.631421, 1.217986]
[-2.904184, 1.640933, 1.242621]
[-2.919879, 1.668088, 1.253051]
[-2.933517, 1.700517, 1.242393]
[-2.927559, 1.715300, 1.251445]
[-2.924921, 1.715872, 1.250986]
[-2.943827, 1.721603, 1.259693]
[-2.957118, 1.726187, 1.258548]
[-2.950126, 1.740168, 1.254765]
[-2.952879, 1.762283, 1.275505]
[-2.967545, 1.745208, 1.284672]
[-2.988055, 1.755175, 1.301286]
[-2.981980, 1.769499, 1.304383]
[-3.011429, 1.792184, 1.294985]
[-3.036867, 1.783361, 1.296703]
[-3.065284, 1.782554, 1.289939]
[-3.076857, 1.766857, 1.291430]
[-3.081439, 1.765138, 1.278710]
[-3.099085, 1.780261, 1.296584]
[-3.098969, 1.769717, 1.291197]
[-3.106648, 1.763528, 1.304603]
[-3.108711, 1.779114, 1.307467]
[-3.112836, 1.783928, 1.290508]
[-3.124179, 1.773615, 1.319153]
[-3.148815, 1.786906, 1.343676]
[-3.178493, 1.797566, 1.345970]
[-3.191100, 1.812004, 1.362817]
[-3.208746, 1.813952, 1.377713]
[-3.207829, 1.832749, 1.385163]
[-3.232122, 1.845698, 1.392957]
[-3.257676, 1.861972, 1.387572]
[-3.261803, 1.879961, 1.375999]
[-3.256189, 1.880877, 1.369351]
[-3.265812, 1.915370, 1.360413]
[-3.259735, 1.916860, 1.358465]
[-3.288267, 1.916976, 1.391696]
[-3.305457, 1.913195, 1.399031]
[-3.311302, 1.904828, 1.391468]
[-3.323217, 1.915138, 1.415303]
[-3.341206, 1.938284, 1.414384]
[-3.371343, 1.961314, 1.440050]
[-3.383035, 1.972431, 1.444752]
[-3.383606, 1.962576, 1.430772]
[-3.396554, 1.986066, 1.439596]
[-3.404689, 2.003942, 1.425844]
[-3.396210, 2.024110, 1.440394]
[-3.396209, 2.055850, 1.436727]
[-3.410764, 2.073382, 1.422290]
[-3.413174, 2.095955, 1.434783]
[-3.419934, 2.111768, 1.452085]
[-3.442965, 2.109131, 1.473627]
[-3.478486, 2.117725, 1.492763]
[-3.495444, 2.111999, 1.522443]
[-3.501173, 2.117038, 1.545475]
[-3.502205, 2.108329, 1.557049]
[-3.492578, 2.138582, 1.565757]
[-3.486391, 2.144998, 1.584544]
[-3.501855, 2.167456, 1.592337]
[-3.521448, 2.164133, 1.608835]
[-3.529354, 2.161380, 1.625566]
[-3.550898, 2.193465, 1.653299]
[-3.574041, 2.198621, 1.665334]
[-3.587561, 2.203433, 1.689281]
[-3.608759, 2.223715, 1.687907]
[-3.630074, 2.238271, 1.704637]
[-3.641648, 2.240563, 1.707158]
[-3.650130, 2.240907, 1.712772]
[-3.639477, 2.256146, 1.741189]
[-3.634552, 2.268523, 1.736607]
[-3.640625, 2.277920, 1.735572]
[-3.649217, 2.296945, 1.743018]
[-3.655978, 2.306342, 1.753217]
[-3.667553, 2.313443, 1.788855]
[-3.674659, 2.315165, 1.793097]
[-3.657929, 2.321812, 1.803180]
[-3.661365, 2.349887, 1.814183]
[-3.664463, 2.373493, 1.825184]
[-3.708578, 2.397902, 1.840423]
[-3.725307, 2.418070, 1.859558]
[-3.735733, 2.435604, 1.883968]
[-3.754069, 2.428041, 1.914564]
[-3.772175, 2.433426, 1.926140]
[-3.782721, 2.416013, 1.937713]
[-3.786845, 2.412237, 1.932214]
[-3.809882, 2.403072, 1.929583]
[-3.834402, 2.422208, 1.930385]
[-3.847237, 2.427936, 1.936571]
[-3.837382, 2.419114, 1.955938]
[-3.852964, 2.438708, 1.983212]
[-3.866142, 2.447186, 2.000632]
[-3.875309, 2.461395, 2.029626]
[-3.897426, 2.477094, 2.030429]
[-3.904069, 2.480301, 2.019768]
[-3.931110, 2.484313, 2.009796]
[-3.953341, 2.502076, 2.015182]
[-3.960216, 2.535306, 2.027325]
[-3.974083, 2.541264, 2.010594]
[-3.997685, 2.556392, 2.013339]
[-3.995965, 2.580341, 2.019637]
[-4.021292, 2.591802, 2.020208]
[-4.018311, 2.621022, 2.036595]
[-4.044781, 2.617584, 2.047825]
[-4.040996, 2.609906, 2.037853]
[-4.049129, 2.629157, 2.036016]
[-4.056919, 2.644856, 2.049307]
[-4.074792, 2.658954, 2.059506]
[-4.090835, 2.666059, 2.061684]
[-4.094959, 2.671674, 2.062370]
[-4.100576, 2.682908, 2.078526]
[-4.105274, 2.706857, 2.083915]
[-4.114211, 2.738255, 2.069592]
[-4.126927, 2.763694, 2.072570]
[-4.159469, 2.791656, 2.100869]
[-4.148125, 2.814918, 2.090440]
[-4.160614, 2.815948, 2.085165]
[-4.174708, 2.825690, 2.094676]
[-4.178493, 2.823282, 2.093529]
[-4.206452, 2.850554, 2.089401]
[-4.241518, 2.845282, 2.098912]
[-4.257908, 2.870149, 2.076224]
[-4.283119, 2.874503, 2.100860]
[-4.300426, 2.892381, 2.109111]
[-4.301802, 2.889630, 2.116101]
[-4.287138, 2.893179, 2.124925]
[-4.293097, 2.923086, 2.106819]
[-4.283358, 2.954254, 2.113010]
[-4.289891, 2.951045, 2.121146]
[-4.290118, 2.960326, 2.143605]
[-4.281414, 2.960555, 2.160217]
[-4.277637, 2.953106, 2.181762]
[-4.291733, 2.932365, 2.198606]
[-4.315910, 2.945657, 2.200556]
[-4.317746, 2.915289, 2.208916]
[-4.349600, 2.905202, 2.225303]
[-4.371031, 2.890879, 2.208688]
[-4.398763, 2.898669, 2.197802]
[-4.406327, 2.884229, 2.187608]
[-4.402776, 2.913908, 2.186347]
[-4.410914, 2.936712, 2.238598]
[-4.438187, 2.929493, 2.259341]
[-4.451365, 2.918376, 2.294403]
[-4.474053, 2.924794, 2.305862]
[-4.487917, 2.908063, 2.324310]
[-4.514155, 2.925939, 2.317431]
[-4.525389, 2.925369, 2.311471]
[-4.521155, 2.921013, 2.323160]
[-4.531009, 2.923536, 2.323499]
[-4.560113, 2.915402, 2.338164]
[-4.566875, 2.922736, 2.326247]
[-4.578674, 2.941756, 2.328427]
[-4.571573, 2.955392, 2.330487]
[-4.588875, 2.959517, 2.343205]
[-4.575931, 2.949319, 2.338965]
[-4.582914, 2.941525, 2.332775]
[-4.601934, 2.936484, 2.341025]
[-4.610987, 2.936942, 2.362450]
[-4.623824, 2.914824, 2.386285]
[-4.616603, 2.925021, 2.402097]
[-4.650636, 2.918948, 2.423180]
[-4.682721, 2.919634, 2.438192]
[-4.696931, 2.938083, 2.435555]
[-4.696357, 2.954355, 2.434637]
[-4.701401, 2.959395, 2.426731]
[-4.719850, 2.959625, 2.430168]
[-4.737266, 2.960541, 2.420432]
[-4.746893, 2.957676, 2.446335]
[-4.744258, 2.968677, 2.462379]
[-4.740705, 2.957905, 2.459513]
[-4.747808, 2.946332, 2.451834]
[-4.750790, 2.947593, 2.475669]
[-4.775658, 2.945412, 2.496981]
[-4.795481, 2.959735, 2.491714]
[-4.812437, 2.960541, 2.515204]
[-4.820347, 2.980707, 2.508327]
[-4.820806, 3.000991, 2.507524]
[-4.835591, 2.995489, 2.544994]
[-4.861146, 3.006949, 2.537089]
[-4.877304, 3.006260, 2.541556]
[-4.866990, 3.016455, 2.554505]
[-4.882568, 3.013932, 2.578914]
[-4.902047, 3.005226, 2.599885]
[-4.935736, 2.998579, 2.611457]
[-4.931842, 2.992506, 2.645145]
[-4.934592, 3.010497, 2.661988]
[-4.959114, 3.011644, 2.665314]
[-4.982834, 3.020355, 2.671158]
[-4.981002, 3.042470, 2.670584]
[-5.001281, 3.057711, 2.679741]
[-5.013197, 3.062982, 2.680887]
[-5.020990, 3.075700, 2.723287]
[-5.010789, 3.102854, 2.726151]
[-5.003107, 3.095978, 2.733368]
[-5.018461, 3.122105, 2.752620]
[-5.058794, 3.133677, 2.758807]
[-5.092713, 3.144335, 2.761326]
[-5.117005, 3.178142, 2.766020]
[-5.138203, 3.191088, 2.761207]
[-5.160777, 3.210570, 2.761551]
[-5.163183, 3.189486, 2.761781]
[-5.185870, 3.203118, 2.772437]
[-5.214400, 3.212976, 2.801428]
[-5.235944, 3.234060, 2.823200]
[-5.251759, 3.234056, 2.836378]
[-5.290488, 3.227866, 2.856543]
[-5.326584, 3.220988, 2.848636]
[-5.349277, 3.244247, 2.853679]
[-5.361995, 3.256969, 2.861013]
[-5.381019, 3.290088, 2.882324]
[-5.409439, 3.282410, 2.884730]
[-5.433617, 3.277711, 2.880719]
[-5.452294, 3.264417, 2.874988]
[-5.462951, 3.272323, 2.895385]
[-5.463752, 3.283554, 2.935608]
[-5.487702, 3.289167, 2.938817]
[-5.498708, 3.312544, 2.938129]
[-5.523916, 3.309680, 2.961043]
[-5.519793, 3.304986, 2.966773]
[-5.539964, 3.325384, 2.968032]
[-5.548442, 3.325273, 2.956572]
[-5.552796, 3.336732, 2.974330]
[-5.570212, 3.355640, 2.986934]
[-5.597711, 3.357473, 2.983496]
[-5.616045, 3.363204, 2.969743]
[-5.621544, 3.341317, 2.972606]
[-5.621889, 3.339940, 2.948997]
[-5.647557, 3.314729, 2.947621]
[-5.642285, 3.327449, 2.933755]
[-5.653857, 3.328827, 2.951859]
[-5.671159, 3.324930, 2.955870]
[-5.683995, 3.328250, 2.957016]
[-5.711380, 3.323552, 2.950252]
[-5.719974, 3.329853, 2.968357]
[-5.727880, 3.313351, 2.965610]
[-5.755151, 3.352310, 2.985318]
[-5.756984, 3.356090, 2.993455]
[-5.783795, 3.378206, 3.012478]
[-5.790441, 3.393442, 3.031960]
[-5.817828, 3.404673, 3.071266]
[-5.820921, 3.409025, 3.082152]
[-5.855641, 3.412119, 3.076764]
[-5.880737, 3.417276, 3.113662]
[-5.919468, 3.422662, 3.118475]
[-5.942613, 3.423922, 3.138641]
[-5.950864, 3.430110, 3.169809]
[-5.966677, 3.447642, 3.182185]
[-5.975386, 3.428046, 3.194332]
[-5.993952, 3.447641, 3.197311]
[-6.010911, 3.452568, 3.187799]
[-6.011942, 3.462536, 3.160987]
[-6.029131, 3.485108, 3.144377]
[-6.024207, 3.487286, 3.141742]
[-6.037842, 3.496225, 3.137614]
[-6.036352, 3.486716, 3.117790]
[-6.067290, 3.492788, 3.141623]
[-6.063738, 3.506312, 3.147010]
[-6.080122, 3.516396, 3.149413]
[-6.100061, 3.524534, 3.173134]
[-6.128021, 3.523388, 3.184362]
[-6.143376, 3.558910, 3.221147]
[-6.147152, 3.556390, 3.244409]
[-6.169265, 3.536335, 3.245101]
[-6.203525, 3.532439, 3.251285]
[-6.235610, 3.519603, 3.248306]
[-6.241801, 3.531178, 3.243267]
[-6.256010, 3.553867, 3.223670]
[-6.273427, 3.592027, 3.235812]
[-6.289813, 3.612194, 3.256209]
[-6.286028, 3.628809, 3.237760]
[-6.300235, 3.634194, 3.246241]
[-6.318001, 3.640957, 3.225157]
[-6.342636, 3.651727, 3.238793]
[-6.354098, 3.665362, 3.233636]
[-6.363842, 3.662730, 3.233865]
[-6.363611, 3.682211, 3.231459]
[-6.368421, 3.704669, 3.256213]
[-6.393401, 3.694932, 3.279936]
[-6.399363, 3.701806, 3.297355]
[-6.404979, 3.711086, 3.299415]
[-6.438094, 3.719451, 3.327376]
[-6.438095, 3.734006, 3.332416]
[-6.444396, 3.765747, 3.353729]
[-6.474189, 3.790041, 3.366444]
[-6.505243, 3.805166, 3.376300]
[-6.498601, 3.824994, 3.375958]
[-6.494247, 3.832555, 3.373550]
[-6.510288, 3.852379, 3.384322]
[-6.535383, 3.866361, 3.369080]
[-6.538135, 3.882633, 3.383402]
[-6.554750, 3.909676, 3.394172]
[-6.567472, 3.915976, 3.377557]
[-6.588897, 3.902454, 3.401278]
[-6.621894, 3.890655, 3.404366]
[-6.627169, 3.880457, 3.422586]
[-6.631979, 3.879427, 3.442064]
[-6.643899, 3.881603, 3.442287]
[-6.668882, 3.894203, 3.458215]
[-6.691913, 3.883775, 3.482507]
[-6.703946, 3.905891, 3.473450]
[-6.728465, 3.917806, 3.472761]
[-6.748859, 3.940609, 3.454196]
[-6.765474, 3.935455, 3.476426]
[-6.787017, 3.942673, 3.465538]
[-6.802144, 3.971776, 3.474015]
[-6.823575, 3.971090, 3.486847]
[-6.840418, 3.978310, 3.492807]
[-6.858063, 3.990571, 3.493146]
[-6.859321, 4.002599, 3.501395]
[-6.877769, 4.001913, 3.507239]
[-6.896103, 3.996525, 3.524430]
[-6.893237, 4.016692, 3.549182]
[-6.925437, 4.025401, 3.523055]
[-6.935522, 4.034452, 3.518242]
[-6.957980, 4.062527, 3.558919]
[-6.968978, 4.075706, 3.550781]
[-6.971957, 4.088999, 3.549402]
[-6.965313, 4.108248, 3.557997]
[-6.989263, 4.111803, 3.543211]
[-6.994875, 4.115240, 3.545044]
[-7.024095, 4.113294, 3.550773]
[-7.027763, 4.112606, 3.569566]
[-7.042198, 4.117990, 3.577245]
[-7.052512, 4.124178, 3.604402]
[-7.070502, 4.135864, 3.626522]
[-7.077836, 4.149500, 3.643484]
[-7.094797, 4.157521, 3.671442]
[-7.088726, 4.153739, 3.669726]
[-7.096633, 4.159009, 3.668922]
[-7.104428, 4.162905, 3.653224]
[-7.098584, 4.153627, 3.662274]
[-7.102138, 4.150648, 3.642911]
[-7.129181, 4.158096, 3.636266]
[-7.127231, 4.151339, 3.639824]
[-7.146484, 4.152829, 3.636391]
[-7.176394, 4.161652, 3.671226]
[-7.194158, 4.145268, 3.678335]
[-7.192668, 4.166696, 3.682804]
[-7.207677, 4.188693, 3.709960]
[-7.232315, 4.205307, 3.722334]
[-7.251566, 4.201752, 3.726916]
[-7.266006, 4.201179, 3.739523]
[-7.269214, 4.206337, 3.756595]
[-7.276893, 4.231893, 3.733453]
[-7.288924, 4.249083, 3.725199]
[-7.282393, 4.269595, 3.723938]
[-7.305881, 4.283688, 3.724625]
[-7.305880, 4.285405, 3.714199]
[-7.331664, 4.277725, 3.712707]
[-7.339573, 4.294223, 3.707664]
[-7.354240, 4.307748, 3.675233]
[-7.375899, 4.296293, 3.675578]
[-7.387591, 4.293884, 3.665035]
[-7.414522, 4.310498, 3.666530]
[-7.425869, 4.326653, 3.669166]
[-7.434691, 4.357135, 3.669281]
[-7.438698, 4.358508, 3.662633]
[-7.456917, 4.369738, 3.660800]
[-7.478117, 4.383832, 3.650142]
[-7.481899, 4.389677, 3.651400]
[-7.478806, 4.401479, 3.642919]
[-7.488893, 4.402053, 3.643835]
[-7.507685, 4.417408, 3.632372]
[-7.522239, 4.452815, 3.646239]
[-7.524186, 4.471263, 3.656208]
[-7.563832, 4.464158, 3.638556]
[-7.588469, 4.488220, 3.648980]
[-7.614941, 4.519960, 3.636488]
[-7.638092, 4.514347, 3.628465]
[-7.656199, 4.515260, 3.626862]
[-7.666057, 4.534623, 3.649782]
[-7.681757, 4.533936, 3.657457]
[-7.686114, 4.535198, 3.653452]
[-7.684970, 4.550668, 3.657461]
[-7.696775, 4.573129, 3.639358]
[-7.721873, 4.591922, 3.640279]
[-7.701818, 4.619195, 3.647384]
[-7.702965, 4.634777, 3.651855]
[-7.720041, 4.657581, 3.637648]
[-7.748575, 4.677285, 3.643378]
[-7.770460, 4.687712, 3.633869]
[-7.773435, 4.700201, 3.650597]
[-7.791885, 4.724720, 3.644410]
[-7.799793, 4.717388, 3.640969]
[-7.806785, 4.750391, 3.657927]
[-7.834745, 4.769872, 3.686689]
[-7.842538, 4.776060, 3.688523]
[-7.863277, 4.783852, 3.680843]
[-7.866714, 4.793708, 3.692075]
[-7.858231, 4.796229, 3.696888]
[-7.852614, 4.784199, 3.680501]
[-7.864303, 4.814681, 3.692072]
[-7.853306, 4.810554, 3.674082]
[-7.845056, 4.814448, 3.674883]
[-7.857887, 4.832438, 3.681529]
[-7.865910, 4.821668, 3.667090]
[-7.862248, 4.848824, 3.662850]
[-7.881382, 4.854780, 3.672591]
[-7.893412, 4.857758, 3.680495]
[-7.896506, 4.863605, 3.670755]
[-7.906365, 4.844009, 3.661702]
[-7.920235, 4.850770, 3.662737]
[-7.943610, 4.854665, 3.662511]
[-7.937079, 4.848939, 3.661135]
[-7.934556, 4.863490, 3.669271]