[0.000000, 0.000000, 0.000000]
[-0.008516, 0.000747, 0.035698]
[0.000422, 0.007967, 0.054033]
[0.006898, 0.026988, 0.063659]
[0.009190, 0.033119, 0.063946]
[0.029589, 0.052830, 0.068072]
[0.039044, 0.062169, 0.066928]
[0.037326, 0.064059, 0.076782]
[0.053427, 0.079125, 0.090932]
[0.048043, 0.093335, 0.101475]
[0.050964, 0.108920, 0.116030]
[0.060988, 0.135908, 0.136942]
[0.066259, 0.152695, 0.164101]
[0.071704, 0.169253, 0.166850]
[0.083910, 0.185869, 0.185298]
[0.079786, 0.205577, 0.212053]
[0.088895, 0.231301, 0.220707]
[0.086204, 0.253703, 0.228727]
[0.098407, 0.263388, 0.229930]
[0.094623, 0.287509, 0.218641]
[0.108947, 0.302977, 0.218867]
[0.110837, 0.314437, 0.205689]
[0.108029, 0.321311, 0.220244]
[0.122295, 0.340619, 0.236345]
[0.127969, 0.354257, 0.244422]
[0.129804, 0.359871, 0.262184]
[0.135361, 0.361934, 0.264818]
[0.130205, 0.371217, 0.275876]
[0.137711, 0.391270, 0.302173]
[0.140235, 0.399634, 0.308991]
[0.144647, 0.410061, 0.320220]
[0.154274, 0.425876, 0.324917]
[0.158169, 0.440943, 0.331275]
[0.157023, 0.464319, 0.350527]
[0.164127, 0.462312, 0.351902]
[0.150607, 0.464662, 0.351555]
[0.148257, 0.477724, 0.360838]
[0.157311, 0.494684, 0.391319]
[0.164129, 0.496803, 0.405587]
[0.165619, 0.494453, 0.438359]
[0.173410, 0.503562, 0.434346]
[0.169342, 0.513129, 0.450216]
[0.184007, 0.539199, 0.459499]
[0.190025, 0.551519, 0.482074]
[0.187105, 0.576442, 0.497373]
[0.208247, 0.604746, 0.518459]
[0.216784, 0.599359, 0.521496]
[0.235519, 0.623938, 0.538687]
[0.237523, 0.634710, 0.563210]
[0.236434, 0.667710, 0.572607]
[0.252821, 0.678595, 0.576274]
[0.261301, 0.690512, 0.614433]
[0.262506, 0.694866, 0.639358]
[0.262277, 0.706210, 0.639530]
[0.261188, 0.709820, 0.652707]
[0.269840, 0.733944, 0.656835]
[0.273965, 0.759153, 0.673335]
[0.281984, 0.791582, 0.691440]
[0.294017, 0.807564, 0.692873]
[0.303358, 0.832657, 0.722667]
[0.305591, 0.840566, 0.735557]
[0.313097, 0.855693, 0.756126]
[0.327708, 0.872938, 0.783570]
[0.334871, 0.902448, 0.815882]
[0.356242, 0.910984, 0.833246]
[0.354292, 0.932873, 0.863671]
[0.362710, 0.957453, 0.869054]
[0.368039, 0.980316, 0.897987]
[0.375319, 1.003295, 0.919073]
[0.379616, 1.014754, 0.958318]
[0.390556, 1.032571, 0.989543]
[0.399150, 1.056233, 1.001462]
[0.405625, 1.074392, 1.012925]
[0.420808, 1.101150, 1.019744]
[0.435533, 1.108484, 1.052978]
[0.451747, 1.121261, 1.082256]
[0.460801, 1.144410, 1.111651]
[0.470827, 1.155812, 1.157146]
[0.479765, 1.182450, 1.195532]
[0.499818, 1.202677, 1.216673]
[0.521245, 1.216599, 1.231798]
[0.539752, 1.233788, 1.246867]
[0.548975, 1.251893, 1.258442]
[0.582549, 1.269656, 1.289151]
[0.590284, 1.262154, 1.311378]
[0.597732, 1.273213, 1.329771]
[0.614806, 1.291891, 1.358247]
[0.630045, 1.305871, 1.366787]
[0.646602, 1.322716, 1.376014]
[0.658348, 1.312231, 1.404774]
[0.664881, 1.331250, 1.419499]
[0.694558, 1.348039, 1.433882]
[0.705788, 1.368609, 1.448492]
[0.716617, 1.376742, 1.477425]
[0.738503, 1.385450, 1.489454]
[0.741252, 1.424352, 1.513978]
[0.743543, 1.446179, 1.543887]
[0.758037, 1.462050, 1.578092]
[0.775514, 1.468466, 1.609262]
[0.803241, 1.465715, 1.634241]
[0.801350, 1.482616, 1.636534]
[0.810517, 1.494763, 1.647591]
[0.824956, 1.512867, 1.661916]
[0.829826, 1.532807, 1.669307]
[0.835784, 1.552346, 1.686092]
[0.857900, 1.570681, 1.683285]
[0.875319, 1.579675, 1.682314]
[0.890502, 1.590159, 1.701908]
[0.907919, 1.602820, 1.721215]
[0.921268, 1.629177, 1.755365]
[0.929059, 1.656850, 1.761444]
[0.951001, 1.667106, 1.792842]
[0.951115, 1.682003, 1.812609]
[0.966127, 1.695066, 1.821319]
[0.960685, 1.708130, 1.841884]
[0.970653, 1.719987, 1.845264]
[0.986354, 1.738384, 1.845780]
[1.002337, 1.745890, 1.873282]
[1.014601, 1.773736, 1.893391]
[1.017867, 1.782504, 1.907717]
[1.033165, 1.791786, 1.908976]
[1.044798, 1.808227, 1.915566]
[1.047662, 1.821922, 1.927425]
[1.049325, 1.845013, 1.946392]
[1.050129, 1.857450, 1.957221]
[1.063934, 1.865587, 1.959453]
[1.074648, 1.870688, 1.971314]
[1.076595, 1.880602, 1.980312]
[1.079915, 1.891088, 1.996009]
[1.087652, 1.901397, 2.006496]
[1.105816, 1.919217, 2.020363]
[1.108509, 1.929247, 2.032224]
[1.111717, 1.940711, 2.050958]
[1.122091, 1.962367, 2.066312]
[1.120430, 1.994682, 2.060697]
[1.120600, 2.005050, 2.070952]
[1.131831, 2.009060, 2.099482]
[1.147184, 2.026932, 2.102634]
[1.162539, 2.049622, 2.115696]
[1.160132, 2.066411, 2.112888]
[1.173367, 2.079416, 2.137639]
[1.172909, 2.087608, 2.164110]
[1.189639, 2.089270, 2.194247]
[1.200410, 2.097807, 2.214756]
[1.216738, 2.120497, 2.226787]
[1.215938, 2.132815, 2.243631]
[1.215308, 2.126513, 2.250389]
[1.205625, 2.145075, 2.245519]
[1.214105, 2.161633, 2.257550]
[1.218171, 2.166674, 2.273305]
[1.234903, 2.203115, 2.283844]
[1.240979, 2.205694, 2.294102]
[1.255534, 2.229356, 2.301608]
[1.256909, 2.246429, 2.308825]
[1.252094, 2.254451, 2.308480]
[1.251353, 2.272957, 2.327960]
[1.263556, 2.307561, 2.352081]
[1.267624, 2.323719, 2.370417]
[1.273356, 2.335351, 2.391674]
[1.271349, 2.348417, 2.409606]
[1.263269, 2.373627, 2.418029]
[1.265732, 2.423074, 2.433498]
[1.277478, 2.430007, 2.463005]
[1.292199, 2.440949, 2.473547]
[1.296095, 2.456018, 2.488445]
[1.303542, 2.464037, 2.499332]
[1.301533, 2.489590, 2.509871]
[1.308121, 2.502594, 2.546427]
[1.319176, 2.501734, 2.575075]
[1.310352, 2.516688, 2.568086]
[1.321179, 2.540122, 2.573128]
[1.318486, 2.548087, 2.608018]
[1.321348, 2.565102, 2.624691]
[1.319969, 2.579312, 2.623888]
[1.318709, 2.576678, 2.633685]
[1.308396, 2.589684, 2.654309]
[1.314296, 2.606873, 2.659871]
[1.313492, 2.621886, 2.670356]
[1.318877, 2.627384, 2.684736]
[1.329417, 2.641075, 2.679752]
[1.334916, 2.650413, 2.693158]
[1.347005, 2.653505, 2.693559]
[1.336748, 2.667714, 2.701350]
[1.344429, 2.683525, 2.719341]
[1.343224, 2.712003, 2.756984]
[1.354224, 2.721802, 2.774744]
[1.355313, 2.749130, 2.804652]
[1.359779, 2.767118, 2.803339]
[1.368144, 2.781785, 2.810156]
[1.379774, 2.793533, 2.822471]
[1.382238, 2.812725, 2.823789]
[1.386306, 2.828940, 2.835301]
[1.395591, 2.835071, 2.828944]
[1.398797, 2.858389, 2.843843]
[1.398514, 2.875176, 2.858968]
[1.417306, 2.903708, 2.879994]
[1.415587, 2.941692, 2.901767]
[1.408196, 2.959222, 2.930412]
[1.417937, 2.981169, 2.935968]
[1.420974, 3.001911, 2.926284]
[1.410948, 3.018813, 2.950176]
[1.417480, 3.031934, 2.970688]
[1.421548, 3.043451, 2.975785]
[1.429966, 3.048608, 2.983171]
[1.433288, 3.073409, 3.003338]
[1.443771, 3.070770, 3.014108]
[1.450876, 3.080279, 3.024992]
[1.452137, 3.097870, 3.034388]
[1.450588, 3.109844, 3.045502]
[1.452422, 3.125830, 3.043267]
[1.458838, 3.152356, 3.060108]
[1.460843, 3.166623, 3.070254]
[1.463075, 3.181636, 3.080222]
[1.467601, 3.205755, 3.103369]
[1.483185, 3.235203, 3.102110]
[1.494300, 3.259097, 3.118098]
[1.502210, 3.284476, 3.143478]
[1.501693, 3.298686, 3.168341]
[1.506503, 3.297309, 3.175216]
[1.502317, 3.329680, 3.175329]
[1.507128, 3.369904, 3.193833]
[1.518014, 3.386004, 3.207469]
[1.526721, 3.405769, 3.219099]
[1.536231, 3.426682, 3.234971]
[1.533938, 3.459571, 3.251589]
[1.543449, 3.491655, 3.243796]
[1.539264, 3.519787, 3.265567]
[1.533708, 3.535885, 3.272444]
[1.535655, 3.565280, 3.266309]
[1.530156, 3.597422, 3.297592]
[1.526318, 3.622229, 3.311686]
[1.529926, 3.650939, 3.322972]
[1.529982, 3.656386, 3.335629]
[1.524480, 3.680283, 3.349837]
[1.517374, 3.696841, 3.359174]
[1.512789, 3.717409, 3.365308]
[1.513015, 3.714894, 3.382611]
[1.505108, 3.743943, 3.389886]
[1.509579, 3.762911, 3.400943]
[1.516855, 3.790814, 3.400140]
[1.524817, 3.800611, 3.403862]
[1.535474, 3.819863, 3.411824]
[1.532953, 3.827310, 3.408958]
[1.532093, 3.830691, 3.413429]
[1.545328, 3.839627, 3.440587]
[1.538797, 3.858879, 3.469181]
[1.526591, 3.890052, 3.475427]
[1.534151, 3.907700, 3.470500]
[1.527561, 3.926439, 3.478868]
[1.536897, 3.955601, 3.483566]
[1.540907, 3.963509, 3.488837]
[1.502404, 3.959270, 3.501329]
[1.512834, 3.978859, 3.527462]
[1.526986, 4.001379, 3.527747]
[1.518047, 4.022066, 3.547917]
[1.515239, 4.050768, 3.569573]
[1.527901, 4.085947, 3.558574]
[1.540963, 4.112189, 3.553649]
[1.544918, 4.121356, 3.561898]
[1.559241, 4.139863, 3.560923]
[1.558211, 4.161233, 3.577484]
[1.562051, 4.167768, 3.595132]
[1.570816, 4.198187, 3.598456]
[1.579354, 4.225173, 3.602701]
[1.581762, 4.258862, 3.600581]
[1.591390, 4.277196, 3.628196]
[1.603821, 4.288195, 3.651229]
[1.584054, 4.301889, 3.664866]
[1.580100, 4.324349, 3.681769]
[1.586745, 4.323720, 3.694713]
[1.594820, 4.332998, 3.719178]
[1.597115, 4.342510, 3.733332]
[1.599004, 4.353283, 3.736429]
[1.590810, 4.368810, 3.745371]
[1.596309, 4.378608, 3.752874]
[1.602093, 4.400492, 3.750526]
[1.604272, 4.399747, 3.745140]
[1.602325, 4.426733, 3.777116]
[1.608858, 4.431604, 3.793674]
[1.611894, 4.456699, 3.823575]
[1.614528, 4.466382, 3.827070]
[1.621691, 4.480589, 3.837554]
[1.607423, 4.501961, 3.851356]
[1.601808, 4.515315, 3.853988]
[1.613842, 4.536747, 3.887906]
[1.616531, 4.554104, 3.891575]
[1.610057, 4.569747, 3.913058]
[1.611318, 4.596790, 3.923429]
[1.611890, 4.614954, 3.926864]
[1.605299, 4.636323, 3.944513]
[1.618648, 4.655286, 3.958780]
[1.625525, 4.672071, 3.967721]
[1.614983, 4.688231, 3.978949]
[1.614809, 4.689261, 3.992588]
[1.613719, 4.702267, 3.997112]
[1.611315, 4.718937, 4.011320]
[1.608106, 4.732512, 4.037390]
[1.605472, 4.748324, 4.042553]
[1.597050, 4.756692, 4.048686]
[1.599689, 4.769072, 4.049660]
[1.615621, 4.784259, 4.052190]
[1.614761, 4.804887, 4.068293]
[1.616077, 4.826545, 4.071218]
[1.622036, 4.845280, 4.089037]
[1.610690, 4.857824, 4.106112]
[1.607022, 4.888194, 4.118830]
[1.616934, 4.915352, 4.129830]
[1.609254, 4.934261, 4.138538]
[1.589201, 4.951395, 4.138482]
[1.601575, 4.953001, 4.156530]
[1.598768, 4.957410, 4.171941]
[1.603065, 4.961245, 4.184260]
[1.612861, 4.976827, 4.209299]
[1.605240, 4.991555, 4.223452]
[1.595786, 5.015046, 4.215548]
[1.585817, 5.019572, 4.225577]
[1.584614, 5.036929, 4.242020]
[1.582609, 5.054579, 4.256799]
[1.574301, 5.079104, 4.264987]
[1.565820, 5.090047, 4.263958]
[1.558371, 5.110732, 4.262809]
[1.557393, 5.123794, 4.276388]
[1.556247, 5.141387, 4.279597]
[1.567246, 5.163790, 4.290825]
[1.572516, 5.169346, 4.309333]
[1.569136, 5.197707, 4.314033]
[1.565469, 5.214437, 4.311164]
[1.556415, 5.228530, 4.313799]
[1.563004, 5.254544, 4.316208]
[1.584318, 5.272024, 4.327785]
[1.587527, 5.294600, 4.323429]
[1.586495, 5.304222, 4.352652]
[1.597551, 5.311615, 4.364972]
[1.596348, 5.323415, 4.367778]
[1.595316, 5.328401, 4.365486]
[1.591993, 5.329719, 4.376543]
[1.589246, 5.336362, 4.388628]
[1.588216, 5.344672, 4.402148]
[1.588044, 5.363523, 4.414007]
[1.572859, 5.371431, 4.438188]
[1.573317, 5.398706, 4.450848]
[1.558705, 5.414633, 4.466720]
[1.555668, 5.423626, 4.490214]
[1.543980, 5.450208, 4.510266]
[1.547130, 5.469573, 4.518172]
[1.532862, 5.482065, 4.522182]
[1.523980, 5.481605, 4.550773]
[1.497624, 5.493810, 4.565160]
[1.488683, 5.509625, 4.571754]
[1.480031, 5.509970, 4.585907]
[1.462154, 5.520169, 4.603091]
[1.450869, 5.530020, 4.632714]
[1.439064, 5.533632, 4.645664]
[1.433162, 5.554603, 4.656210]
[1.428122, 5.557181, 4.651628]
[1.421249, 5.581704, 4.656727]
[1.423883, 5.590012, 4.677068]
[1.433336, 5.595111, 4.681645]
[1.414829, 5.610520, 4.679524]
[1.408067, 5.621236, 4.670300]
[1.399644, 5.640089, 4.688405]
[1.409101, 5.641809, 4.698434]
[1.399360, 5.658423, 4.688580]
[1.393285, 5.678363, 4.698663]
[1.393630, 5.688905, 4.710126]
[1.390021, 5.708157, 4.737283]
[1.379993, 5.726492, 4.740036]
[1.369335, 5.725117, 4.740149]
[1.383658, 5.734626, 4.745987]
[1.370021, 5.745053, 4.775494]
[1.353460, 5.774848, 4.787984]
[1.333921, 5.786135, 4.812622]
[1.323664, 5.803727, 4.828493]
[1.302234, 5.807567, 4.845336]
[1.281091, 5.827454, 4.862295]
[1.278112, 5.834616, 4.883207]
[1.280287, 5.846820, 4.898848]
[1.271288, 5.865615, 4.891796]
[1.261834, 5.876730, 4.900618]
[1.254328, 5.882174, 4.914712]
[1.258682, 5.908072, 4.915628]
[1.242523, 5.918329, 4.935280]
[1.235417, 5.928302, 4.962551]
[1.215250, 5.944343, 4.977165]
[1.211813, 5.949903, 4.986329]
[1.206026, 5.957979, 4.994467]
[1.198290, 5.974253, 5.020657]
[1.178350, 5.999119, 5.026386]
[1.169698, 6.012410, 5.036356]
[1.170843, 6.036474, 5.042833]
[1.164139, 6.058076, 5.052575]
[1.160587, 6.076988, 5.077266]
[1.148898, 6.082544, 5.093712]
[1.149585, 6.091999, 5.099898]
[1.144256, 6.098301, 5.108377]
[1.146373, 6.121510, 5.117144]
[1.133995, 6.135432, 5.144990]
[1.136690, 6.145972, 5.154847]
[1.132681, 6.164536, 5.166823]
[1.119106, 6.177998, 5.167397]
[1.108448, 6.179316, 5.176505]
[1.099911, 6.178344, 5.192150]
[1.095842, 6.181092, 5.194444]
[1.085928, 6.215582, 5.195647]
[1.087763, 6.240960, 5.210486]
[1.092175, 6.245372, 5.218622]
[1.084268, 6.272530, 5.208081]
[1.091946, 6.269548, 5.225501]
[1.099451, 6.274647, 5.238738]
[1.091717, 6.301916, 5.234328]
[1.086045, 6.311137, 5.246476]
[1.085472, 6.331362, 5.254557]
[1.074301, 6.350896, 5.277302]
[1.071377, 6.383436, 5.300106]
[1.069255, 6.409446, 5.312539]
[1.063065, 6.419187, 5.322507]
[1.058770, 6.430929, 5.337179]
[1.051324, 6.448172, 5.343138]
[1.049320, 6.459860, 5.341418]
[1.030870, 6.484951, 5.352931]
[1.034191, 6.495783, 5.365993]
[1.032072, 6.517605, 5.376421]
[1.019637, 6.528262, 5.375624]
[1.023361, 6.542525, 5.382672]
[1.019866, 6.568422, 5.398544]
[1.000726, 6.590710, 5.425074]
[1.003363, 6.603658, 5.438257]
[0.991332, 6.617406, 5.447430]
[0.991046, 6.638605, 5.476820]
[0.985201, 6.644851, 5.484782]
[0.968125, 6.656826, 5.509990]
[0.961361, 6.680718, 5.519617]
[0.953454, 6.706785, 5.523396]
[0.941537, 6.709592, 5.536575]
[0.941250, 6.722481, 5.558862]
[0.934430, 6.734623, 5.576854]
[0.938783, 6.737201, 5.580349]
[0.934087, 6.772895, 5.583440]
[0.940448, 6.782746, 5.583101]
[0.940166, 6.799247, 5.591696]
[0.940512, 6.820732, 5.607161]
[0.940970, 6.820163, 5.623431]
[0.925616, 6.829846, 5.634088]
[0.924639, 6.838039, 5.663940]
[0.922576, 6.846975, 5.689382]
[0.917991, 6.869038, 5.711782]
[0.920455, 6.891553, 5.733438]
[0.909742, 6.894872, 5.740999]
[0.904872, 6.902200, 5.768102]
[0.904528, 6.912398, 5.777270]
[0.894559, 6.922479, 5.781165]
[0.902980, 6.937547, 5.791419]
[0.889172, 6.939382, 5.799555]
[0.884186, 6.941157, 5.808553]
[0.874788, 6.966194, 5.838861]
[0.870603, 6.980978, 5.841730]
[0.861206, 7.000685, 5.853016]
[0.871747, 7.001945, 5.879315]
[0.866132, 7.022053, 5.907276]
[0.849976, 7.053733, 5.930707]
[0.843328, 7.053965, 5.965598]
[0.842125, 7.076591, 5.980037]
[0.849573, 7.095671, 5.983078]
[0.850489, 7.109473, 6.002617]
[0.847340, 7.122302, 6.006000]
[0.836051, 7.137823, 6.005945]
[0.826943, 7.158676, 6.025710]
[0.812792, 7.165667, 6.040323]
[0.799327, 7.190361, 6.072746]
[0.799037, 7.203370, 6.065586]
[0.790213, 7.224230, 6.072173]
[0.777953, 7.244505, 6.096178]
[0.797489, 7.275277, 6.105053]
[0.780871, 7.303578, 6.112616]
[0.777318, 7.320826, 6.132613]
[0.785224, 7.336293, 6.147338]
[0.791758, 7.347520, 6.169221]
[0.794850, 7.374227, 6.176842]
[0.781498, 7.393932, 6.170421]
[0.775769, 7.406997, 6.192765]
[0.771990, 7.429456, 6.208861]
[0.762594, 7.446069, 6.210582]
[0.760821, 7.452031, 6.209089]
[0.746897, 7.477360, 6.213498]
[0.744259, 7.490422, 6.239565]
[0.734576, 7.498095, 6.260590]
[0.720422, 7.536713, 6.269356]
[0.721280, 7.552238, 6.279381]
[0.714805, 7.566280, 6.291069]
[0.710793, 7.586682, 6.311922]
[0.695436, 7.604677, 6.307449]
[0.680997, 7.609944, 6.306076]
[0.673205, 7.632752, 6.319135]
[0.671371, 7.642669, 6.324809]
[0.661916, 7.662892, 6.340676]
[0.672173, 7.704832, 6.353510]
[0.660828, 7.730501, 6.381016]
[0.653778, 7.745682, 6.403987]
[0.634986, 7.748548, 6.421458]
[0.633153, 7.750783, 6.438760]
[0.624157, 7.767796, 6.448096]
[0.622950, 7.782814, 6.457379]
[0.618423, 7.789969, 6.447005]
[0.597742, 7.811566, 6.452848]
[0.595449, 7.822742, 6.449931]
[0.577401, 7.834663, 6.484016]
[0.562504, 7.858610, 6.504011]
[0.550243, 7.870642, 6.515814]
[0.551904, 7.878603, 6.525210]
[0.539242, 7.874135, 6.533977]
[0.533166, 7.877464, 6.557926]
[0.530358, 7.887836, 6.552767]
[0.530415, 7.889211, 6.553339]
[0.542159, 7.920434, 6.565145]
[0.534308, 7.931551, 6.555228]
[0.535568, 7.936187, 6.565426]
[0.529956, 7.961053, 6.563302]
[0.543362, 7.971193, 6.563989]
[0.527320, 7.995661, 6.576935]
[0.528866, 8.021050, 6.566965]
[0.529150, 8.031941, 6.571434]
[0.531329, 8.040245, 6.581686]
[0.526457, 8.050730, 6.588675]
[0.535106, 8.075425, 6.587529]
[0.540663, 8.102420, 6.616631]
[0.550460, 8.126307, 6.612337]
[0.544101, 8.142756, 6.620986]
[0.534189, 8.147860, 6.643388]
[0.542614, 8.179484, 6.647110]
[0.530696, 8.184070, 6.653300]
[0.518836, 8.182754, 6.641212]
[0.496721, 8.201608, 6.656447]
[0.478843, 8.226184, 6.677697]
[0.473286, 8.249156, 6.678781]
[0.462569, 8.269611, 6.681648]
[0.466867, 8.273967, 6.692588]
[0.447901, 8.296482, 6.693904]
[0.430368, 8.314014, 6.699060]
[0.414155, 8.321635, 6.710003]
[0.415068, 8.324158, 6.723579]
[0.415985, 8.353884, 6.719968]
[0.407905, 8.381160, 6.729078]
[0.386764, 8.417372, 6.730966]
[0.393755, 8.423962, 6.733372]
[0.392035, 8.439716, 6.749699]
[0.377823, 8.452548, 6.750213]
[0.377879, 8.483144, 6.757029]
[0.369572, 8.490076, 6.746659]
[0.362179, 8.520213, 6.773013]
[0.352266, 8.541705, 6.779549]
[0.345447, 8.566624, 6.786142]
[0.350431, 8.575043, 6.783105]
[0.347739, 8.592290, 6.780185]
[0.353924, 8.594587, 6.768667]
[0.359479, 8.606392, 6.769236]
[0.346302, 8.612634, 6.787853]
[0.337193, 8.633371, 6.782182]
[0.335416, 8.644658, 6.778860]
[0.332610, 8.669121, 6.800116]
[0.317255, 8.677256, 6.806186]
[0.313643, 8.694955, 6.811513]
[0.324472, 8.732943, 6.837293]
[0.315707, 8.745377, 6.841930]
[0.315191, 8.775279, 6.858201]
[0.314847, 8.790808, 6.873098]
[0.304361, 8.815269, 6.885819]
[0.294621, 8.832456, 6.915895]
[0.284825, 8.848153, 6.935546]
[0.265172, 8.858181, 6.945800]
[0.260127, 8.872215, 6.942307]
[0.255658, 8.900463, 6.942309]
[0.240245, 8.914721, 6.951186]
[0.229470, 8.934833, 6.950207]
[0.236746, 8.946351, 6.951295]
[0.224427, 8.955461, 6.964240]
[0.221335, 8.958953, 6.966532]
[0.203975, 8.963766, 6.987267]
[0.191487, 8.968401, 6.985262]
[0.182321, 8.985588, 7.007088]
[0.172520, 9.006268, 7.000039]
[0.147137, 9.022305, 7.001009]
[0.144727, 9.050093, 7.011375]
[0.128285, 9.069283, 7.020712]
[0.117798, 9.099074, 7.015667]
[0.110464, 9.122797, 7.013434]
[0.097171, 9.152532, 7.011026]
[0.085538, 9.156364, 7.018705]
[0.083362, 9.173887, 7.031370]
[0.078092, 9.187984, 7.036923]
[0.076031, 9.206775, 7.048382]
[0.079352, 9.222704, 7.055596]
[0.077462, 9.237150, 7.057538]
[0.070527, 9.271185, 7.065614]
[0.072704, 9.296913, 7.070075]
[0.067145, 9.319832, 7.064459]
[0.057581, 9.347617, 7.074031]
[0.054888, 9.370649, 7.086980]
[0.052252, 9.391784, 7.088584]
[0.037183, 9.410979, 7.113273]
[0.037411, 9.440317, 7.123127]
[0.027843, 9.449886, 7.123014]