[292.379883, 29.978592, -222.085709]
[748.356018, 77.904243, -566.621765]
[1204.300415, 125.784386, -911.127991]
[1660.284058, 173.638336, -1255.618652]
[2116.265625, 221.521317, -1600.124146]
[2572.311279, 269.397491, -1944.618774]
[3028.285889, 317.292084, -2289.157227]
[3484.281982, 365.183960, -2633.658936]
[3940.277344, 413.047760, -2978.225586]
[4396.264160, 460.924652, -3322.761963]
[4852.233887, 508.791260, -3667.291016]
[5308.207520, 556.678833, -4011.819336]
[5764.183105, 604.530518, -4356.358398]
[6220.159668, 652.429871, -4700.875000]
[6676.188477, 700.285522, -5045.373535]
[7132.112305, 748.155945, -5389.893066]
[7588.119629, 796.030823, -5734.447754]
[8044.124512, 843.909668, -6078.973633]
[8500.122070, 891.817627, -6423.470703]
[8956.087891, 939.723572, -6767.988770]
[9412.087891, 987.589844, -7112.544922]
[9868.075195, 1035.485840, -7457.068848]
[10324.066406, 1083.353394, -7801.606934]
[10780.084961, 1131.234497, -8146.136230]
[11236.042969, 1179.122803, -8490.639648]
[11692.081055, 1227.009766, -8835.171875]
[12148.113281, 1274.887451, -9179.708984]
[12604.139648, 1322.762207, -9524.247070]
[13060.101562, 1370.630615, -9868.811523]
[13516.066406, 1418.507080, -10213.347656]
[13972.034180, 1466.394043, -10557.849609]
[14428.011719, 1514.263794, -10902.396484]
[14883.979492, 1562.149780, -11246.938477]
[15339.952148, 1610.015137, -11591.441406]
[15795.956055, 1657.856812, -11935.941406]
[16251.975586, 1705.737305, -12280.480469]
[16707.966797, 1753.570068, -12625.023438]
[17163.935547, 1801.430908, -12969.573242]
[17619.912109, 1849.270752, -13314.125000]
[18075.939453, 1897.143555, -13658.643555]
[18531.925781, 1945.033936, -14003.192383]
[18987.902344, 1992.892090, -14347.769531]
[19443.867188, 2040.790039, -14692.309570]
[19899.861328, 2088.659424, -15036.844727]
[20355.839844, 2136.515869, -15381.390625]
[20811.816406, 2184.429443, -15725.896484]
[21267.777344, 2232.287109, -16070.424805]
[21723.761719, 2280.192383, -16414.916016]
[22179.718750, 2328.032715, -16759.476562]
[22635.673828, 2375.891357, -17104.009766]
[23091.666016, 2423.789551, -17448.541016]
[23547.644531, 2471.674316, -17793.066406]
[24003.666016, 2519.553467, -18137.570312]
[24459.636719, 2567.407471, -18482.076172]
[24915.611328, 2615.274414, -18826.593750]
[25371.599609, 2663.134766, -19171.111328]
[25827.591797, 2711.006348, -19515.628906]
[26283.566406, 2758.878906, -19860.134766]
[26739.570312, 2806.753662, -20204.679688]
[27195.556641, 2854.620605, -20549.207031]
[27651.537109, 2902.486816, -20893.798828]
[28107.544922, 2950.334229, -21238.365234]
[28563.511719, 2998.192871, -21582.923828]
[29019.500000, 3046.028320, -21927.478516]
[29475.478516, 3093.889648, -22272.007812]
[29931.470703, 3141.769531, -22616.539062]
[30387.451172, 3189.678467, -22961.107422]
[30843.408203, 3237.547119, -23305.626953]
[31299.412109, 3285.419189, -23650.179688]
[31755.353516, 3333.285400, -23994.716797]
[32211.345703, 3381.113281, -24339.226562]
[32667.324219, 3428.978760, -24683.791016]
[33123.332031, 3476.865234, -25028.333984]
[33579.312500, 3524.715088, -25372.888672]
[34035.320312, 3572.573242, -25717.433594]
[34491.292969, 3620.437500, -26061.966797]
[34947.242188, 3668.294678, -26406.482422]
[35403.234375, 3716.177979, -26751.013672]
[35859.207031, 3764.041016, -27095.535156]
[36315.175781, 3811.885498, -27440.076172]
[36771.117188, 3859.735352, -27784.613281]
[37227.101562, 3907.579590, -28129.183594]
[37683.121094, 3955.410156, -28473.705078]
[38139.101562, 4003.274414, -28818.289062]
[38595.062500, 4051.158691, -29162.839844]
[39051.046875, 4099.007812, -29507.406250]
[39507.039062, 4146.888184, -29851.929688]
[39963.031250, 4194.746094, -30196.484375]
[40419.046875, 4242.612305, -30541.003906]
[40875.003906, 4290.454102, -30885.562500]
[41330.980469, 4338.309570, -31230.089844]
[41786.968750, 4386.154297, -31574.613281]
[42242.968750, 4434.024414, -31919.138672]
[42698.941406, 4481.890625, -32263.626953]
[43154.964844, 4529.760742, -32608.128906]
[43611.007812, 4577.657715, -32952.660156]
[44066.968750, 4625.538574, -33297.238281]
[44522.937500, 4673.425781, -33641.769531]
[44978.906250, 4721.310547, -33986.300781]
[45434.898438, 4769.154297, -34330.843750]
[45890.902344, 4817.045410, -34675.375000]
[46346.855469, 4864.905273, -35019.906250]
[46802.800781, 4912.721680, -35364.468750]
[47258.777344, 4960.602051, -35708.972656]
[47714.773438, 5008.498535, -36053.484375]
[48170.750000, 5056.323242, -36397.992188]
[48626.738281, 5104.164062, -36742.550781]
[49082.726562, 5152.012695, -37087.070312]
[49538.765625, 5199.880371, -37431.582031]
[49994.757812, 5247.751953, -37776.105469]
[50450.726562, 5295.620605, -38120.652344]
[50906.714844, 5343.458984, -38465.183594]
[51362.718750, 5391.319824, -38809.707031]
[51818.718750, 5439.194336, -39154.222656]
[52274.734375, 5487.039062, -39498.769531]
[52730.734375, 5534.869141, -39843.289062]
[53186.734375, 5582.734863, -40187.789062]
[53642.765625, 5630.588867, -40532.285156]
[54098.726562, 5678.448730, -40876.800781]
[54554.679688, 5726.342773, -41221.332031]
[55010.648438, 5774.195312, -41565.867188]
[55466.664062, 5822.054688, -41910.371094]
[55922.667969, 5869.912109, -42254.878906]
[56378.652344, 5917.745117, -42599.406250]
[56834.613281, 5965.647461, -42943.894531]
[57290.562500, 6013.534180, -43288.445312]
[57746.562500, 6061.416992, -43632.953125]
[58202.550781, 6109.291992, -43977.484375]
[58658.585938, 6157.146973, -44322.003906]
[59114.578125, 6205.005371, -44666.507812]
[59570.636719, 6252.864258, -45011.007812]
[60026.625000, 6300.696289, -45355.507812]
[60482.628906, 6348.567383, -45700.035156]
[60938.546875, 6396.436523, -46044.570312]
[61394.554688, 6444.332031, -46389.117188]
[61850.558594, 6492.180176, -46733.660156]
[62306.574219, 6540.051758, -47078.191406]
[62762.570312, 6587.912598, -47422.703125]
[63218.535156, 6635.772461, -47767.234375]
[63674.554688, 6683.640137, -48111.757812]
[64130.542969, 6731.481934, -48456.296875]
[64586.507812, 6779.360840, -48800.867188]
[65042.503906, 6827.219238, -49145.414062]
[65498.507812, 6875.056641, -49489.941406]
[65954.507812, 6922.917480, -49834.488281]
[66410.507812, 6970.764648, -50179.046875]
[66866.476562, 7018.642578, -50523.601562]
[67322.500000, 7066.502930, -50868.113281]
[67778.515625, 7114.369141, -51212.644531]
[68234.531250, 7162.214355, -51557.156250]
[68690.546875, 7210.095215, -51901.671875]
[69146.539062, 7257.953613, -52246.195312]
[69602.531250, 7305.797852, -52590.765625]
[70058.562500, 7353.666992, -52935.289062]
[70514.570312, 7401.542480, -53279.804688]
[70970.531250, 7449.448730, -53624.355469]
[71426.531250, 7497.333984, -53968.812500]
[71882.539062, 7545.168457, -54313.332031]
[72338.460938, 7592.995117, -54657.882812]
[72794.468750, 7640.808594, -55002.398438]
[73250.421875, 7688.652832, -55346.925781]
[73706.429688, 7736.498047, -55691.417969]
[74162.437500, 7784.343750, -56035.917969]
[74618.414062, 7832.197754, -56380.457031]
[75074.414062, 7880.039062, -56724.984375]
[75530.429688, 7927.896973, -57069.523438]
[75986.437500, 7975.741211, -57414.031250]
[76442.429688, 8023.586426, -57758.582031]
[76898.414062, 8071.447266, -58103.136719]
[77354.414062, 8119.298340, -58447.664062]
[77810.421875, 8167.158691, -58792.199219]
[78266.421875, 8215.014648, -59136.726562]
[78722.421875, 8262.865234, -59481.285156]
[79178.414062, 8310.712891, -59825.816406]
[79634.429688, 8358.551758, -60170.339844]
[80090.429688, 8406.388672, -60514.863281]
[80546.421875, 8454.239258, -60859.394531]
[81002.406250, 8502.083984, -61203.921875]
[81458.421875, 8549.950195, -61548.445312]
[81914.414062, 8597.807617, -61892.976562]
[82370.406250, 8645.666992, -62237.500000]
[82826.421875, 8693.535156, -62582.023438]
[83282.414062, 8741.405273, -62926.546875]
[83738.437500, 8789.297852, -63271.078125]
[84194.453125, 8837.161133, -63615.648438]
[84650.460938, 8885.035156, -63960.234375]
[85106.445312, 8932.907227, -64304.765625]
[85562.460938, 8980.755859, -64649.292969]
[86018.437500, 9028.610352, -64993.824219]
[86474.453125, 9076.452148, -65338.347656]
[86930.460938, 9124.311523, -65682.875000]
[87386.476562, 9172.186523, -66027.406250]
[87842.484375, 9220.007812, -66371.945312]
[88298.476562, 9267.868164, -66716.476562]
[88754.492188, 9315.720703, -67061.070312]
[89210.453125, 9363.557617, -67405.601562]
[89666.468750, 9411.399414, -67750.125000]
[90122.406250, 9459.264648, -68094.656250]
[90578.414062, 9507.122070, -68439.179688]
[91034.421875, 9555.001953, -68783.710938]
[91490.421875, 9602.860352, -69128.234375]
[91946.437500, 9650.707031, -69472.734375]
[92402.460938, 9698.568359, -69817.257812]
[92858.453125, 9746.430664, -70161.742188]
[93314.445312, 9794.307617, -70506.273438]
[93770.429688, 9842.163086, -70850.804688]
[94226.437500, 9890.000000, -71195.335938]
[94682.453125, 9937.873047, -71539.914062]
[95138.351562, 9985.717773, -71884.453125]
[95594.367188, 10033.607422, -72228.992188]
[96050.375000, 10081.469727, -72573.523438]
[96506.375000, 10129.330078, -72918.070312]
[96962.367188, 10177.222656, -73262.648438]
[97418.359375, 10225.105469, -73607.234375]
[97874.351562, 10272.958984, -73951.765625]
[98330.351562, 10320.829102, -74296.289062]
[98786.359375, 10368.678711, -74640.820312]
[99242.343750, 10416.530273, -74985.351562]
[99698.351562, 10464.416016, -75329.875000]
[100154.343750, 10512.275391, -75674.398438]
[100610.343750, 10560.138672, -76018.921875]
[101066.304688, 10608.032227, -76363.460938]
[101522.304688, 10655.909180, -76707.984375]
[101978.281250, 10703.777344, -77052.500000]
[102434.226562, 10751.643555, -77397.031250]
[102890.234375, 10799.523438, -77741.531250]
[103346.218750, 10847.361328, -78086.070312]
[103802.226562, 10895.196289, -78430.601562]
[104258.203125, 10943.050781, -78775.140625]
[104714.218750, 10990.911133, -79119.671875]
[105170.187500, 11038.758789, -79464.187500]
[105626.187500, 11086.610352, -79808.726562]
[106082.171875, 11134.483398, -80153.257812]
[106538.179688, 11182.351562, -80497.789062]
[106994.195312, 11230.178711, -80842.320312]
[107450.203125, 11278.034180, -81186.851562]
[107906.203125, 11325.929688, -81531.398438]
[108362.218750, 11373.804688, -81875.945312]
[108818.226562, 11421.658203, -82220.476562]
[109274.234375, 11469.500000, -82565.031250]
[109730.257812, 11517.355469, -82909.562500]
[110186.210938, 11565.242188, -83254.085938]
[110642.218750, 11613.112305, -83598.617188]
[111098.218750, 11660.950195, -83943.156250]
[111554.187500, 11708.842773, -84287.687500]
[112010.164062, 11756.707031, -84632.171875]
[112466.109375, 11804.568359, -84976.710938]
[112922.117188, 11852.458984, -85321.234375]
[113378.117188, 11900.313477, -85665.742188]
[113834.132812, 11948.189453, -86010.273438]
[114290.054688, 11996.082031, -86354.828125]
[114746.054688, 12043.954102, -86699.367188]
[115202.000000, 12091.795898, -87043.929688]
[115658.000000, 12139.685547, -87388.468750]
[116113.953125, 12187.562500, -87733.000000]
[116569.968750, 12235.455078, -88077.531250]
[117025.976562, 12283.324219, -88422.054688]
[117481.976562, 12331.172852, -88766.585938]
[117937.960938, 12379.036133, -89111.132812]
[118393.968750, 12426.908203, -89455.664062]
[118849.968750, 12474.746094, -89800.195312]
[119305.984375, 12522.614258, -90144.718750]
[119762.000000, 12570.526367, -90489.242188]
[120217.960938, 12618.414062, -90833.773438]
[120673.976562, 12666.297852, -91178.312500]
[121129.992188, 12714.167969, -91522.843750]
[121586.023438, 12762.007812, -91867.367188]
[122042.039062, 12809.877930, -92211.906250]
[122498.054688, 12857.726562, -92556.484375]
[122954.062500, 12905.596680, -92901.007812]
[123410.085938, 12953.473633, -93245.539062]
[123866.109375, 13001.367188, -93590.070312]
[124322.093750, 13049.208008, -93934.585938]
[124778.109375, 13097.095703, -94279.109375]
[125234.125000, 13144.960938, -94623.648438]
[125690.140625, 13192.833984, -94968.179688]
[126146.156250, 13240.739258, -95312.734375]
[126602.179688, 13288.591797, -95657.234375]
[127058.195312, 13336.441406, -96001.781250]
[127514.210938, 13384.331055, -96346.367188]
[127970.195312, 13432.200195, -96690.914062]
[128426.210938, 13480.078125, -97035.390625]
[128882.226562, 13527.957031, -97379.929688]
[129338.250000, 13575.824219, -97724.484375]
[129794.265625, 13623.685547, -98069.023438]
[130250.281250, 13671.601562, -98413.554688]
[130706.281250, 13719.497070, -98758.085938]
[131162.296875, 13767.333984, -99102.671875]
[131618.296875, 13815.230469, -99447.187500]
[132074.312500, 13863.127930, -99791.710938]
[132530.343750, 13911.015625, -100136.234375]
[132986.343750, 13958.885742, -100480.718750]
[133442.375000, 14006.764648, -100825.250000]
[133898.390625, 14054.612305, -101169.781250]
[134354.406250, 14102.479492, -101514.312500]
[134810.421875, 14150.332031, -101858.843750]
[135266.437500, 14198.164062, -102203.375000]
[135722.453125, 14246.026367, -102547.890625]
[136178.453125, 14293.891602, -102892.382812]
[136634.468750, 14341.778320, -103236.906250]
[137090.468750, 14389.650391, -103581.437500]
[137546.484375, 14437.519531, -103925.960938]
[138002.500000, 14485.400391, -104270.476562]
[138458.515625, 14533.290039, -104615.000000]
[138914.531250, 14581.177734, -104959.539062]
[139370.531250, 14629.005859, -105304.070312]
[139826.515625, 14676.839844, -105648.609375]
[140282.531250, 14724.723633, -105993.101562]
[140738.500000, 14772.583984, -106337.632812]
[141194.500000, 14820.446289, -106682.179688]
[141650.515625, 14868.336914, -107026.726562]
[142106.515625, 14916.216797, -107371.289062]
[142562.546875, 14964.105469, -107715.828125]
[143018.562500, 15011.962891, -108060.367188]
[143474.593750, 15059.825195, -108404.906250]
[143930.609375, 15107.695312, -108749.453125]
[144386.640625, 15155.578125, -109093.984375]
[144842.656250, 15203.449219, -109438.523438]
[145298.656250, 15251.333008, -109783.046875]
[145754.656250, 15299.204102, -110127.578125]
[146210.671875, 15347.074219, -110472.156250]
[146666.687500, 15394.938477, -110816.687500]
[147122.703125, 15442.785156, -111161.218750]
[147578.718750, 15490.645508, -111505.742188]
[148034.750000, 15538.518555, -111850.273438]
[148490.765625, 15586.374023, -112194.796875]
[148946.765625, 15634.240234, -112539.328125]
[149402.781250, 15682.080078, -112883.859375]
[149858.781250, 15729.935547, -113228.367188]
[150314.796875, 15777.827148, -113572.890625]
[150770.812500, 15825.684570, -113917.445312]
[151226.828125, 15873.552734, -114261.992188]
[151682.812500, 15921.423828, -114606.531250]
[152138.828125, 15969.298828, -114951.085938]
[152594.859375, 16017.178711, -115295.617188]
[153050.875000, 16065.026367, -115640.140625]
[153506.890625, 16112.916992, -115984.617188]
[153962.890625, 16160.854492, -116329.148438]
[154418.890625, 16208.753906, -116673.687500]
[154874.906250, 16256.618164, -117018.218750]
[155330.921875, 16304.466797, -117362.750000]
[155786.937500, 16352.359375, -117707.382812]
[156242.953125, 16400.214844, -118052.023438]
[156698.968750, 16448.099609, -118396.664062]
[157155.000000, 16495.931641, -118741.304688]
[157611.015625, 16543.777344, -119085.921875]
[158067.031250, 16591.650391, -119430.453125]
[158523.046875, 16639.515625, -119774.921875]
[158979.046875, 16687.406250, -120119.453125]
[159435.062500, 16735.304688, -120463.859375]
[159891.078125, 16783.207031, -120808.406250]
[160347.093750, 16831.093750, -121152.875000]
[160803.093750, 16878.949219, -121497.382812]
[161259.109375, 16926.808594, -121841.828125]
[161715.125000, 16974.677734, -122186.382812]
[162171.125000, 17022.568359, -122530.828125]
[162627.140625, 17070.455078, -122875.414062]
[163083.171875, 17118.322266, -123219.992188]
[163539.187500, 17166.218750, -123564.585938]
[163995.187500, 17214.103516, -123909.078125]
[164451.203125, 17261.957031, -124253.593750]
[164907.203125, 17309.824219, -124598.015625]
[165363.218750, 17357.669922, -124942.500000]
[165819.234375, 17405.537109, -125287.101562]
[166275.234375, 17453.404297, -125631.632812]
[166731.250000, 17501.251953, -125976.164062]
[167187.265625, 17549.119141, -126320.664062]
[167643.265625, 17596.966797, -126665.234375]
[168099.281250, 17644.853516, -127009.734375]
[168555.312500, 17692.722656, -127354.320312]
[169011.312500, 17740.585938, -127698.906250]
[169467.328125, 17788.453125, -128043.328125]
[169923.343750, 17836.296875, -128387.859375]
[170379.359375, 17884.197266, -128732.304688]
[170835.375000, 17932.039062, -129076.906250]
[171291.390625, 17979.875000, -129421.406250]
[171747.406250, 18027.746094, -129765.835938]
[172203.421875, 18075.619141, -130110.351562]
[172659.437500, 18123.478516, -130454.929688]
[173115.453125, 18171.332031, -130799.554688]
[173571.468750, 18219.234375, -131144.093750]
[174027.484375, 18267.105469, -131488.671875]
[174483.500000, 18314.988281, -131833.343750]
[174939.500000, 18362.859375, -132177.875000]
[175395.515625, 18410.726562, -132522.531250]
[175851.546875, 18458.582031, -132867.078125]
[176307.562500, 18506.468750, -133211.687500]
[176763.578125, 18554.328125, -133556.265625]
[177219.609375, 18602.187500, -133900.781250]
[177675.625000, 18650.064453, -134245.265625]
[178131.640625, 18697.945312, -134589.765625]
[178587.656250, 18745.875000, -134934.203125]
[179043.656250, 18793.755859, -135278.734375]
[179499.671875, 18841.644531, -135623.296875]
[179955.687500, 18889.513672, -135967.890625]
[180411.703125, 18937.384766, -136312.328125]
[180867.718750, 18985.248047, -136656.765625]
[181323.734375, 19033.146484, -137001.328125]
[181779.734375, 19081.007812, -137345.828125]
[182235.750000, 19128.865234, -137690.281250]
[182691.750000, 19176.716797, -138034.812500]
[183147.765625, 19224.574219, -138379.328125]
[183603.781250, 19272.429688, -138723.718750]
[184059.796875, 19320.285156, -139068.187500]
[184515.796875, 19368.130859, -139412.828125]
[184971.812500, 19415.992188, -139757.484375]
[185427.828125, 19463.902344, -140102.140625]
[185883.843750, 19511.763672, -140446.640625]
[186339.859375, 19559.644531, -140791.187500]
[186795.875000, 19607.517578, -141135.703125]
[187251.875000, 19655.392578, -141480.109375]
[187707.843750, 19703.240234, -141824.515625]
[188163.859375, 19751.123047, -142169.031250]
[188619.875000, 19799.019531, -142513.687500]
[189075.890625, 19846.908203, -142858.359375]
[189531.906250, 19894.777344, -143202.765625]
[189987.937500, 19942.638672, -143547.375000]
[190443.953125, 19990.488281, -143891.828125]
[190899.968750, 20038.355469, -144236.234375]
[191355.984375, 20086.185547, -144580.718750]
[191812.000000, 20134.033203, -144925.265625]
[192268.015625, 20181.916016, -145269.843750]
[192724.000000, 20229.773438, -145614.437500]
[193180.015625, 20277.650391, -145958.937500]
[193636.031250, 20325.513672, -146303.593750]
[194092.046875, 20373.382812, -146648.109375]
[194548.062500, 20421.251953, -146992.578125]
[195004.078125, 20469.144531, -147336.968750]
[195460.078125, 20517.037109, -147681.421875]
[195916.093750, 20564.912109, -148025.828125]
[196372.109375, 20612.806641, -148370.328125]
[196828.125000, 20660.685547, -148714.906250]
[197284.125000, 20708.568359, -149059.343750]
[197740.140625, 20756.453125, -149403.890625]
[198196.156250, 20804.341797, -149748.421875]
[198652.171875, 20852.236328, -150092.921875]
[199108.171875, 20900.105469, -150437.375000]
[199564.187500, 20948.015625, -150781.859375]
[200020.218750, 20995.884766, -151126.343750]
[200476.234375, 21043.742188, -151470.781250]
[200932.250000, 21091.632812, -151815.437500]
[201388.250000, 21139.503906, -152159.906250]
[201844.281250, 21187.394531, -152504.484375]
[202300.296875, 21235.287109, -152848.921875]
[202756.328125, 21283.130859, -153193.468750]
[203212.343750, 21331.027344, -153538.031250]
[203668.359375, 21378.894531, -153882.640625]
[204124.359375, 21426.757812, -154227.250000]
[204580.375000, 21474.611328, -154571.765625]
[205036.390625, 21522.492188, -154916.359375]
[205492.406250, 21570.363281, -155260.937500]
[205948.421875, 21618.248047, -155605.593750]
[206404.421875, 21666.150391, -155950.250000]
[206860.437500, 21714.013672, -156294.875000]
[207316.453125, 21761.894531, -156639.515625]
[207772.468750, 21809.777344, -156984.031250]
[208228.484375, 21857.611328, -157328.531250]
[208684.500000, 21905.474609, -157673.062500]
[209140.500000, 21953.369141, -158017.515625]
[209596.515625, 22001.242188, -158362.062500]
[210052.515625, 22049.123047, -158706.515625]
[210508.531250, 22096.982422, -159051.000000]
[210964.546875, 22144.861328, -159395.468750]
[211420.562500, 22192.736328, -159739.984375]
[211876.578125, 22240.605469, -160084.453125]
[212332.593750, 22288.474609, -160428.968750]
[212788.609375, 22336.392578, -160773.562500]
[213244.625000, 22384.285156, -161118.125000]
[213700.640625, 22432.123047, -161462.703125]
[214156.656250, 22480.023438, -161807.250000]
[214612.671875, 22527.910156, -162151.703125]
[215068.687500, 22575.771484, -162496.109375]
[215524.703125, 22623.623047, -162840.671875]
[215980.718750, 22671.492188, -163185.281250]
[216436.734375, 22719.361328, -163529.843750]
[216892.750000, 22767.228516, -163874.359375]
[217348.765625, 22815.132812, -164218.875000]
[217804.781250, 22863.009766, -164563.390625]
[218260.781250, 22910.898438, -164907.984375]
[218716.796875, 22958.802734, -165252.531250]
[219172.796875, 23006.699219, -165597.078125]
[219628.734375, 23054.560547, -165941.703125]
[220084.734375, 23102.416016, -166286.234375]
[220540.750000, 23150.287109, -166630.765625]
[220996.765625, 23198.148438, -166975.218750]
[221452.781250, 23246.013672, -167319.812500]
[221908.796875, 23293.867188, -167664.250000]
[222364.812500, 23341.732422, -168008.859375]
[222820.828125, 23389.654297, -168353.375000]
[223276.843750, 23437.513672, -168697.875000]
[223732.859375, 23485.382812, -169042.281250]
[224188.890625, 23533.240234, -169386.843750]
[224644.906250, 23581.146484, -169731.390625]
[225100.937500, 23629.019531, -170076.046875]
[225556.937500, 23676.902344, -170420.562500]
[226012.953125, 23724.767578, -170765.187500]
[226468.984375, 23772.611328, -171109.765625]
[226925.000000, 23820.482422, -171454.218750]
[227381.015625, 23868.345703, -171798.687500]
[227837.031250, 23916.210938, -172143.187500]
[228293.046875, 23964.017578, -172487.656250]
[228749.062500, 24011.871094, -172832.093750]
[229205.078125, 24059.759766, -173176.718750]
[229661.093750, 24107.623047, -173521.218750]
[230117.093750, 24155.500000, -173865.671875]
[230573.109375, 24203.376953, -174210.171875]
[231029.125000, 24251.240234, -174554.671875]
[231485.140625, 24299.105469, -174899.234375]
[231941.156250, 24346.939453, -175243.828125]
[232397.171875, 24394.792969, -175588.359375]
[232853.187500, 24442.679688, -175932.984375]
[233309.203125, 24490.517578, -176277.406250]
[233765.218750, 24538.380859, -176621.937500]
[234221.234375, 24586.232422, -176966.484375]
[234677.265625, 24634.093750, -177311.015625]
[235133.265625, 24681.945312, -177655.453125]
[235589.281250, 24729.806641, -178000.031250]
[236045.296875, 24777.644531, -178344.531250]
[236501.312500, 24825.527344, -178689.015625]
[236957.328125, 24873.410156, -179033.531250]
[237413.343750, 24921.277344, -179378.078125]
[237869.359375, 24969.158203, -179722.593750]
[238325.406250, 25017.046875, -180067.062500]
[238781.421875, 25064.941406, -180411.562500]
[239237.437500, 25112.804688, -180756.156250]
[239693.453125, 25160.679688, -181100.609375]
[240149.468750, 25208.529297, -181445.203125]
[240605.484375, 25256.429688, -181789.656250]
[241061.500000, 25304.335938, -182134.187500]
[241517.515625, 25352.189453, -182478.625000]
[241973.531250, 25400.060547, -182823.140625]
[242429.546875, 25447.923828, -183167.765625]
[242885.546875, 25495.761719, -183512.296875]
[243341.562500, 25543.658203, -183856.843750]
[243797.578125, 25591.552734, -184201.515625]
[244253.593750, 25639.435547, -184546.031250]
[244709.578125, 25687.322266, -184890.546875]
[245165.593750, 25735.205078, -185235.062500]
[245621.609375, 25783.078125, -185579.531250]
[246077.625000, 25830.941406, -185924.109375]
[246533.640625, 25878.802734, -186268.750000]
[246989.656250, 25926.699219, -186613.328125]
[247445.671875, 25974.578125, -186957.937500]
[247901.687500, 26022.435547, -187302.359375]
[248357.703125, 26070.343750, -187646.843750]
[248813.718750, 26118.218750, -187991.312500]
[249269.750000, 26166.074219, -188335.734375]
[249725.765625, 26213.958984, -188680.265625]
[250181.781250, 26261.822266, -189024.812500]
[250637.796875, 26309.669922, -189369.234375]
[251093.812500, 26357.498047, -189713.703125]
[251549.828125, 26405.351562, -190058.296875]
[252005.843750, 26453.208984, -190402.812500]
[252461.859375, 26501.062500, -190747.343750]
[252917.875000, 26548.917969, -191091.937500]
[253373.890625, 26596.779297, -191436.500000]
[253829.906250, 26644.673828, -191781.031250]
[254285.921875, 26692.558594, -192125.593750]
[254741.937500, 26740.392578, -192470.062500]
[255197.953125, 26788.257812, -192814.656250]
[255653.968750, 26836.105469, -193159.281250]
[256109.984375, 26883.958984, -193503.906250]
[256566.000000, 26931.800781, -193848.343750]
[257022.015625, 26979.673828, -194192.812500]
[257478.031250, 27027.550781, -194537.343750]
[257934.046875, 27075.414062, -194881.765625]
[258390.062500, 27123.287109, -195226.390625]
[258846.093750, 27171.173828, -195570.890625]
[259302.109375, 27219.027344, -195915.468750]
[259758.125000, 27266.855469, -196260.078125]
[260214.140625, 27314.685547, -196604.640625]
[260670.156250, 27362.589844, -196949.234375]
[261126.171875, 27410.455078, -197293.828125]
[261582.187500, 27458.314453, -197638.281250]
[262038.203125, 27506.167969, -197982.812500]
[262494.218750, 27554.021484, -198327.390625]
[262950.218750, 27601.878906, -198672.000000]
[263406.250000, 27649.714844, -199016.656250]
[263862.281250, 27697.583984, -199361.171875]
[264318.281250, 27745.468750, -199705.718750]
[264774.312500, 27793.318359, -200050.265625]
[265230.312500, 27841.183594, -200394.828125]
[265686.343750, 27889.046875, -200739.390625]
[266142.343750, 27936.912109, -201083.953125]
[266598.375000, 27984.802734, -201428.437500]
[267054.375000, 28032.673828, -201773.000000]
[267510.406250, 28080.574219, -202117.500000]
[267966.406250, 28128.451172, -202461.921875]
[268422.437500, 28176.355469, -202806.421875]
[268878.437500, 28224.242188, -203150.843750]
[269334.468750, 28272.105469, -203495.312500]
[269790.468750, 28320.017578, -203839.843750]
[270246.500000, 28367.890625, -204184.281250]
[270702.500000, 28415.750000, -204528.718750]
[271158.531250, 28463.613281, -204873.125000]
[271614.531250, 28511.470703, -205217.718750]
[272070.562500, 28559.316406, -205562.250000]
[272526.562500, 28607.185547, -205906.796875]
[272982.593750, 28655.044922, -206251.328125]
[273438.625000, 28702.904297, -206595.812500]