[433.973145, 100.308990, -181.912552]
[938.255249, 217.075409, -392.782501]
[1442.535767, 333.868073, -603.657349]
[1946.804321, 450.664398, -814.548462]
[2451.080811, 567.451477, -1025.431030]
[2955.323486, 684.224365, -1236.319458]
[3459.600342, 800.981689, -1447.228149]
[3963.872559, 917.763977, -1658.134644]
[4468.125000, 1034.570801, -1869.005371]
[4972.387207, 1151.357422, -2079.889893]
[5476.652344, 1268.161621, -2290.783936]
[5980.919922, 1384.940308, -2501.682617]
[6485.168457, 1501.723267, -2712.561523]
[6989.430176, 1618.517578, -2923.461182]
[7493.695312, 1735.355347, -3134.370117]
[7997.968750, 1852.137695, -3345.256836]
[8502.255859, 1968.920044, -3556.131836]
[9006.504883, 2085.726074, -3767.012695]
[9510.776367, 2202.535400, -3977.889648]
[10015.013672, 2319.344238, -4188.777832]
[10519.291992, 2436.156006, -4399.702637]
[11023.541992, 2552.962891, -4610.595215]
[11527.801758, 2669.757080, -4821.482910]
[12032.079102, 2786.564209, -5032.380859]
[12536.321289, 2903.359619, -5243.279297]
[13040.570312, 3020.099365, -5454.168945]
[13544.834961, 3136.888428, -5665.095215]
[14049.080078, 3253.655518, -5875.995605]
[14553.327148, 3370.442383, -6086.862305]
[15057.550781, 3487.241455, -6297.760254]
[15561.803711, 3604.045410, -6508.622559]
[16066.065430, 3720.812500, -6719.491211]
[16570.322266, 3837.602539, -6930.393555]
[17074.576172, 3954.391602, -7141.322754]
[17578.820312, 4071.169189, -7352.201660]
[18083.068359, 4187.941406, -7563.068359]
[18587.330078, 4304.716797, -7773.983887]
[19091.580078, 4421.494141, -7984.885254]
[19595.851562, 4538.291016, -8195.800781]
[20100.126953, 4655.079590, -8406.708008]
[20604.378906, 4771.868652, -8617.582031]
[21108.628906, 4888.655762, -8828.481445]
[21612.861328, 5005.450195, -9039.378906]
[22117.130859, 5122.253906, -9250.271484]
[22621.388672, 5239.045898, -9461.161133]
[23125.664062, 5355.841309, -9672.064453]
[23629.935547, 5472.626953, -9882.928711]
[24134.195312, 5589.407227, -10093.814453]
[24638.458984, 5706.217285, -10304.741211]
[25142.691406, 5823.025391, -10515.660156]
[25646.976562, 5939.797363, -10726.537109]
[26151.246094, 6056.588379, -10937.437500]
[26655.511719, 6173.358887, -11148.337891]
[27159.800781, 6290.145996, -11359.208008]
[27664.087891, 6406.955566, -11570.100586]
[28168.363281, 6523.734375, -11781.020508]
[28672.623047, 6640.518555, -11991.906250]
[29176.900391, 6757.303223, -12202.762695]
[29681.179688, 6874.070801, -12413.661133]
[30185.423828, 6990.838379, -12624.542969]
[30689.660156, 7107.617188, -12835.412109]
[31193.890625, 7224.406738, -13046.299805]
[31698.164062, 7341.208984, -13257.151367]
[32202.394531, 7458.009766, -13468.017578]
[32706.656250, 7574.800293, -13678.893555]
[33210.894531, 7691.586914, -13889.785156]
[33715.140625, 7808.407227, -14100.651367]
[34219.378906, 7925.234375, -14311.545898]
[34723.640625, 8042.026367, -14522.396484]
[35227.878906, 8158.822754, -14733.297852]
[35732.101562, 8275.618164, -14944.172852]
[36236.343750, 8392.416992, -15155.095703]
[36740.585938, 8509.227539, -15365.982422]
[37244.847656, 8625.993164, -15576.893555]
[37749.113281, 8742.786133, -15787.767578]
[38253.304688, 8859.571289, -15998.666992]
[38757.546875, 8976.346680, -16209.505859]
[39261.800781, 9093.141602, -16420.365234]
[39766.019531, 9209.906250, -16631.269531]
[40270.300781, 9326.701172, -16842.154297]
[40774.519531, 9443.497070, -17053.041016]
[41278.750000, 9560.291016, -17263.925781]
[41782.964844, 9677.073242, -17474.839844]
[42287.183594, 9793.846680, -17685.687500]
[42791.445312, 9910.616211, -17896.552734]
[43295.664062, 10027.415039, -18107.433594]
[43799.917969, 10144.192383, -18318.333984]
[44304.179688, 10260.968750, -18529.240234]
[44808.378906, 10377.771484, -18740.121094]
[45312.621094, 10494.583008, -18950.982422]
[45816.847656, 10611.375977, -19161.882812]
[46321.070312, 10728.173828, -19372.785156]
[46825.316406, 10844.947266, -19583.701172]
[47329.558594, 10961.724609, -19794.572266]
[47833.804688, 11078.539062, -20005.470703]
[48338.039062, 11195.333984, -20216.363281]
[48842.289062, 11312.132812, -20427.269531]
[49346.511719, 11428.938477, -20638.175781]
[49850.757812, 11545.720703, -20849.095703]
[50354.980469, 11662.503906, -21059.986328]
[50859.203125, 11779.290039, -21270.853516]
[51363.437500, 11896.052734, -21481.751953]
[51867.683594, 12012.835938, -21692.658203]
[52371.898438, 12129.620117, -21903.556641]
[52876.144531, 12246.407227, -22114.466797]
[53380.351562, 12363.195312, -22325.390625]
[53884.578125, 12479.974609, -22536.283203]
[54388.800781, 12596.767578, -22747.201172]
[54893.011719, 12713.569336, -22958.111328]
[55397.234375, 12830.360352, -23169.003906]
[55901.429688, 12947.178711, -23379.921875]
[56405.636719, 13063.987305, -23590.789062]
[56909.851562, 13180.767578, -23801.646484]
[57414.101562, 13297.550781, -24012.507812]
[57918.351562, 13414.370117, -24223.410156]
[58422.578125, 13531.198242, -24434.281250]
[58926.828125, 13647.980469, -24645.173828]
[59431.097656, 13764.783203, -24856.054688]
[59935.367188, 13881.592773, -25066.955078]
[60439.628906, 13998.388672, -25277.843750]
[60943.890625, 14115.214844, -25488.751953]
[61448.144531, 14232.009766, -25699.666016]
[61952.382812, 14348.822266, -25910.546875]
[62456.667969, 14465.632812, -26121.468750]
[62960.949219, 14582.386719, -26332.376953]
[63465.210938, 14699.166992, -26543.265625]
[63969.488281, 14815.970703, -26754.160156]
[64473.777344, 14932.763672, -26965.027344]
[64978.058594, 15049.541016, -27175.902344]
[65482.343750, 15166.330078, -27386.750000]
[65986.601562, 15283.114258, -27597.660156]
[66490.851562, 15399.920898, -27808.574219]
[66995.109375, 15516.702148, -28019.457031]
[67499.335938, 15633.512695, -28230.345703]
[68003.617188, 15750.328125, -28441.259766]
[68507.890625, 15867.121094, -28652.146484]
[69012.171875, 15983.924805, -28863.054688]
[69516.460938, 16100.715820, -29073.960938]
[70020.695312, 16217.488281, -29284.878906]
[70524.960938, 16334.283203, -29495.771484]
[71029.226562, 16451.078125, -29706.666016]
[71533.406250, 16567.847656, -29917.544922]
[72037.679688, 16684.658203, -30128.431641]
[72541.945312, 16801.427734, -30339.318359]
[73046.210938, 16918.222656, -30550.191406]
[73550.492188, 17035.023438, -30761.083984]
[74054.773438, 17151.798828, -30971.970703]
[74559.046875, 17268.599609, -31182.865234]
[75063.320312, 17385.412109, -31393.751953]
[75567.554688, 17502.238281, -31604.634766]
[76071.804688, 17619.031250, -31815.539062]
[76576.078125, 17735.853516, -32026.431641]
[77080.343750, 17852.671875, -32237.335938]
[77584.570312, 17969.462891, -32448.216797]
[78088.804688, 18086.248047, -32659.099609]
[78593.062500, 18203.056641, -32870.003906]
[79097.304688, 18319.824219, -33080.882812]
[79601.562500, 18436.597656, -33291.761719]
[80105.820312, 18553.404297, -33502.640625]
[80610.093750, 18670.164062, -33713.539062]
[81114.343750, 18786.929688, -33924.449219]
[81618.578125, 18903.710938, -34135.328125]
[82122.835938, 19020.476562, -34346.203125]
[82627.101562, 19137.261719, -34557.121094]
[83131.343750, 19254.058594, -34768.003906]
[83635.617188, 19370.839844, -34978.910156]
[84139.835938, 19487.650391, -35189.808594]
[84644.109375, 19604.429688, -35400.679688]
[85148.382812, 19721.199219, -35611.585938]
[85652.664062, 19837.986328, -35822.480469]
[86156.914062, 19954.748047, -36033.378906]
[86661.179688, 20071.521484, -36244.285156]
[87165.398438, 20188.300781, -36455.207031]
[87669.679688, 20305.085938, -36666.093750]
[88173.960938, 20421.876953, -36876.964844]
[88678.187500, 20538.658203, -37087.863281]
[89182.406250, 20655.423828, -37298.773438]
[89686.656250, 20772.191406, -37509.671875]
[90190.882812, 20888.974609, -37720.578125]
[90695.085938, 21005.775391, -37931.492188]
[91199.359375, 21122.560547, -38142.367188]
[91703.632812, 21239.337891, -38353.269531]
[92207.890625, 21356.111328, -38564.175781]
[92712.171875, 21472.884766, -38775.058594]
[93216.414062, 21589.681641, -38985.949219]
[93720.687500, 21706.460938, -39196.859375]
[94224.960938, 21823.234375, -39407.746094]
[94729.218750, 21940.019531, -39618.660156]
[95233.484375, 22056.820312, -39829.515625]
[95737.757812, 22173.611328, -40040.437500]
[96242.039062, 22290.394531, -40251.320312]
[96746.304688, 22407.193359, -40462.207031]
[97250.562500, 22523.962891, -40673.101562]
[97754.835938, 22640.757812, -40884.015625]
[98259.093750, 22757.533203, -41094.906250]
[98763.335938, 22874.310547, -41305.789062]
[99267.593750, 22991.105469, -41516.679688]
[99771.867188, 23107.878906, -41727.558594]
[100276.125000, 23224.669922, -41938.429688]
[100780.398438, 23341.447266, -42149.292969]
[101284.656250, 23458.222656, -42360.167969]
[101788.929688, 23575.017578, -42571.062500]
[102293.179688, 23691.794922, -42781.921875]
[102797.437500, 23808.582031, -42992.785156]
[103301.664062, 23925.345703, -43203.699219]
[103805.851562, 24042.146484, -43414.593750]
[104310.101562, 24158.957031, -43625.468750]
[104814.359375, 24275.714844, -43836.347656]
[105318.632812, 24392.503906, -44047.250000]
[105822.914062, 24509.312500, -44258.140625]
[106327.164062, 24626.125000, -44469.039062]
[106831.429688, 24742.906250, -44679.929688]
[107335.640625, 24859.695312, -44890.835938]
[107839.882812, 24976.478516, -45101.726562]
[108344.164062, 25093.263672, -45312.636719]
[108848.421875, 25210.060547, -45523.558594]
[109352.695312, 25326.826172, -45734.457031]
[109856.960938, 25443.605469, -45945.343750]
[110361.164062, 25560.388672, -46156.234375]
[110865.421875, 25677.179688, -46367.117188]
[111369.703125, 25793.982422, -46578.011719]
[111873.960938, 25910.759766, -46788.921875]
[112378.242188, 26027.533203, -46999.835938]
[112882.523438, 26144.345703, -47210.730469]
[113386.796875, 26261.160156, -47421.632812]
[113891.046875, 26377.966797, -47632.535156]
[114395.257812, 26494.757812, -47843.429688]
[114899.539062, 26611.550781, -48054.300781]
[115403.789062, 26728.363281, -48265.167969]
[115908.062500, 26845.148438, -48476.035156]
[116412.312500, 26961.945312, -48686.941406]
[116916.531250, 27078.755859, -48897.812500]
[117420.820312, 27195.533203, -49108.679688]
[117925.093750, 27312.310547, -49319.550781]
[118429.367188, 27429.097656, -49530.425781]
[118933.648438, 27545.880859, -49741.308594]
[119437.921875, 27662.683594, -49952.226562]
[119942.195312, 27779.492188, -50163.113281]
[120446.468750, 27896.279297, -50373.992188]
[120950.750000, 28013.082031, -50584.867188]
[121455.023438, 28129.886719, -50795.734375]
[121959.296875, 28246.687500, -51006.625000]
[122463.578125, 28363.505859, -51217.539062]
[122967.851562, 28480.257812, -51428.433594]
[123472.125000, 28597.056641, -51639.285156]
[123976.406250, 28713.833984, -51850.160156]
[124480.679688, 28830.625000, -52061.039062]
[124984.953125, 28947.435547, -52271.898438]
[125489.226562, 29064.212891, -52482.773438]
[125993.507812, 29180.992188, -52693.671875]
[126497.781250, 29297.781250, -52904.570312]
[127002.054688, 29414.587891, -53115.453125]
[127506.335938, 29531.390625, -53326.343750]
[128010.609375, 29648.191406, -53537.230469]
[128514.882812, 29765.009766, -53748.121094]
[129019.164062, 29881.816406, -53959.000000]
[129523.437500, 29998.617188, -54169.894531]
[130027.710938, 30115.419922, -54380.800781]
[130531.984375, 30232.220703, -54591.699219]
[131036.265625, 30349.019531, -54802.597656]
[131540.546875, 30465.818359, -55013.488281]
[132044.812500, 30582.615234, -55224.363281]
[132549.093750, 30699.421875, -55435.238281]
[133053.359375, 30816.232422, -55646.117188]
[133557.640625, 30933.035156, -55857.027344]
[134061.921875, 31049.826172, -56067.949219]
[134566.187500, 31166.617188, -56278.847656]
[135070.468750, 31283.406250, -56489.757812]
[135574.750000, 31400.185547, -56700.660156]
[136079.015625, 31516.984375, -56911.527344]
[136583.296875, 31633.789062, -57122.437500]
[137087.578125, 31750.587891, -57333.339844]
[137591.843750, 31867.388672, -57544.226562]
[138096.125000, 31984.195312, -57755.105469]
[138600.406250, 32101.007812, -57965.964844]
[139104.671875, 32217.812500, -58176.878906]
[139608.953125, 32334.599609, -58387.773438]
[140113.234375, 32451.406250, -58598.679688]
[140617.500000, 32568.197266, -58809.570312]
[141121.781250, 32684.994141, -59020.449219]
[141626.062500, 32801.792969, -59231.324219]
[142130.328125, 32918.585938, -59442.203125]
[142634.609375, 33035.390625, -59653.082031]
[143138.875000, 33152.195312, -59863.960938]
[143643.156250, 33268.996094, -60074.843750]
[144147.437500, 33385.785156, -60285.722656]
[144651.703125, 33502.585938, -60496.601562]
[145155.984375, 33619.390625, -60707.480469]
[145660.265625, 33736.187500, -60918.355469]
[146164.531250, 33852.992188, -61129.234375]
[146668.812500, 33969.796875, -61340.105469]
[147173.093750, 34086.613281, -61550.992188]
[147677.359375, 34203.414062, -61761.871094]
[148181.640625, 34320.207031, -61972.746094]
[148685.921875, 34437.003906, -62183.625000]
[149190.187500, 34553.804688, -62394.496094]
[149694.468750, 34670.601562, -62605.375000]
[150198.750000, 34787.402344, -62816.257812]
[150703.015625, 34904.183594, -63027.136719]
[151207.296875, 35020.984375, -63238.015625]
[151711.578125, 35137.777344, -63448.894531]
[152215.843750, 35254.585938, -63659.773438]
[152720.125000, 35371.382812, -63870.640625]
[153224.390625, 35488.175781, -64081.519531]
[153728.671875, 35604.980469, -64292.398438]
[154232.953125, 35721.781250, -64503.277344]
[154737.218750, 35838.582031, -64714.160156]
[155241.500000, 35955.382812, -64925.039062]
[155745.781250, 36072.187500, -65135.917969]
[156250.046875, 36188.988281, -65346.796875]
[156754.328125, 36305.804688, -65557.664062]
[157258.609375, 36422.617188, -65768.539062]
[157762.875000, 36539.417969, -65979.421875]
[158267.156250, 36656.234375, -66190.304688]
[158771.437500, 36773.035156, -66401.179688]
[159275.703125, 36889.828125, -66612.062500]
[159779.984375, 37006.632812, -66822.937500]
[160284.265625, 37123.433594, -67033.804688]
[160788.531250, 37240.230469, -67244.687500]
[161292.812500, 37357.031250, -67455.562500]
[161797.093750, 37473.839844, -67666.437500]
[162301.359375, 37590.648438, -67877.320312]
[162805.640625, 37707.449219, -68088.195312]
[163309.906250, 37824.253906, -68299.078125]
[163814.187500, 37941.050781, -68509.953125]
[164318.468750, 38057.851562, -68720.835938]
[164822.734375, 38174.652344, -68931.718750]
[165327.015625, 38291.453125, -69142.593750]
[165831.296875, 38408.218750, -69353.476562]
[166335.562500, 38525.019531, -69564.351562]
[166839.843750, 38641.820312, -69775.226562]
[167344.125000, 38758.621094, -69986.117188]
[167848.390625, 38875.429688, -70196.992188]
[168352.671875, 38992.238281, -70407.875000]
[168856.953125, 39109.042969, -70618.750000]
[169361.218750, 39225.832031, -70829.632812]
[169865.500000, 39342.632812, -71040.507812]
[170369.781250, 39459.437500, -71251.390625]
[170874.046875, 39576.253906, -71462.273438]
[171378.328125, 39693.046875, -71673.140625]
[171882.609375, 39809.847656, -71884.023438]
[172386.875000, 39926.625000, -72094.898438]
[172891.156250, 40043.433594, -72305.773438]
[173395.421875, 40160.234375, -72516.656250]
[173899.703125, 40277.003906, -72727.531250]
[174403.984375, 40393.816406, -72938.414062]
[174908.250000, 40510.617188, -73149.289062]
[175412.531250, 40627.417969, -73360.164062]
[175916.812500, 40744.214844, -73571.046875]
[176421.078125, 40860.996094, -73781.921875]
[176925.359375, 40977.792969, -73992.804688]
[177429.640625, 41094.589844, -74203.687500]
[177933.906250, 41211.390625, -74414.562500]
[178438.187500, 41328.195312, -74625.445312]
[178942.468750, 41445.000000, -74836.320312]
[179446.734375, 41561.800781, -75047.203125]
[179951.015625, 41678.605469, -75258.085938]
[180455.296875, 41795.402344, -75468.960938]
[180959.562500, 41912.203125, -75679.843750]
[181463.843750, 42029.007812, -75890.710938]
[181968.125000, 42145.812500, -76101.593750]
[182472.390625, 42262.613281, -76312.468750]
[182976.671875, 42379.375000, -76523.343750]
[183480.937500, 42496.175781, -76734.226562]
[183985.218750, 42612.976562, -76945.101562]
[184489.500000, 42729.781250, -77155.984375]
[184993.765625, 42846.582031, -77366.851562]
[185498.046875, 42963.386719, -77577.726562]
[186002.328125, 43080.183594, -77788.609375]
[186506.593750, 43196.992188, -77999.492188]
[187010.875000, 43313.796875, -78210.367188]
[187515.156250, 43430.589844, -78421.234375]
[188019.421875, 43547.390625, -78632.117188]
[188523.703125, 43664.191406, -78842.992188]
[189027.984375, 43780.992188, -79053.875000]
[189532.250000, 43897.792969, -79264.742188]
[190036.531250, 44014.589844, -79475.625000]
[190540.812500, 44131.390625, -79686.492188]
[191045.078125, 44248.175781, -79897.367188]
[191549.359375, 44364.960938, -80108.250000]
[192053.640625, 44481.746094, -80319.132812]
[192557.906250, 44598.535156, -80529.992188]
[193062.187500, 44715.339844, -80740.867188]
[193566.453125, 44832.140625, -80951.742188]
[194070.734375, 44948.941406, -81162.617188]
[194575.015625, 45065.746094, -81373.500000]
[195079.281250, 45182.539062, -81584.382812]
[195583.562500, 45299.339844, -81795.250000]
[196087.843750, 45416.109375, -82006.132812]
[196592.109375, 45532.906250, -82217.007812]
[197096.390625, 45649.707031, -82427.890625]
[197600.671875, 45766.511719, -82638.765625]
[198104.937500, 45883.292969, -82849.640625]
[198609.218750, 46000.082031, -83060.523438]
[199113.500000, 46116.878906, -83271.398438]
[199617.765625, 46233.679688, -83482.273438]
[200122.046875, 46350.480469, -83693.156250]
[200626.328125, 46467.273438, -83904.031250]
[201130.593750, 46584.062500, -84114.914062]
[201634.875000, 46700.851562, -84325.796875]
[202139.156250, 46817.652344, -84536.671875]
[202643.421875, 46934.464844, -84747.539062]
[203147.703125, 47051.257812, -84958.414062]
[203651.968750, 47168.050781, -85169.296875]
[204156.250000, 47284.851562, -85380.179688]
[204660.531250, 47401.660156, -85591.054688]
[205164.796875, 47518.476562, -85801.937500]
[205669.078125, 47635.277344, -86012.812500]
[206173.359375, 47752.058594, -86223.695312]
[206677.625000, 47868.855469, -86434.578125]
[207181.906250, 47985.656250, -86645.437500]
[207686.187500, 48102.457031, -86856.320312]
[208190.453125, 48219.273438, -87067.203125]
[208694.734375, 48336.074219, -87278.078125]
[209199.015625, 48452.875000, -87488.960938]
[209703.281250, 48569.679688, -87699.835938]
[210207.562500, 48686.492188, -87910.718750]
[210711.843750, 48803.273438, -88121.585938]
[211216.109375, 48920.078125, -88332.460938]
[211720.390625, 49036.878906, -88543.343750]
[212224.671875, 49153.679688, -88754.218750]
[212728.937500, 49270.484375, -88965.101562]
[213233.218750, 49387.285156, -89175.984375]
[213737.484375, 49504.085938, -89386.851562]
[214241.765625, 49620.878906, -89597.726562]
[214746.046875, 49737.699219, -89808.609375]
[215250.312500, 49854.500000, -90019.484375]
[215754.593750, 49971.300781, -90230.367188]
[216258.875000, 50088.109375, -90441.242188]
[216763.140625, 50204.890625, -90652.125000]
[217267.421875, 50321.687500, -90863.007812]
[217771.703125, 50438.488281, -91073.882812]
[218275.968750, 50555.296875, -91284.750000]
[218780.250000, 50672.093750, -91495.625000]
[219284.531250, 50788.898438, -91706.484375]
[219788.796875, 50905.703125, -91917.367188]
[220293.078125, 51022.503906, -92128.250000]
[220797.359375, 51139.308594, -92339.125000]
[221301.625000, 51256.109375, -92550.007812]
[221805.906250, 51372.910156, -92760.882812]
[222310.187500, 51489.710938, -92971.765625]
[222814.453125, 51606.503906, -93182.648438]
[223318.734375, 51723.285156, -93393.523438]
[223823.000000, 51840.093750, -93604.398438]
[224327.281250, 51956.878906, -93815.273438]
[224831.562500, 52073.679688, -94026.148438]
[225335.828125, 52190.480469, -94237.031250]
[225840.109375, 52307.281250, -94447.898438]
[226344.390625, 52424.093750, -94658.773438]
[226848.656250, 52540.886719, -94869.648438]
[227352.937500, 52657.691406, -95080.523438]
[227857.218750, 52774.484375, -95291.390625]
[228361.484375, 52891.285156, -95502.273438]
[228865.765625, 53008.085938, -95713.148438]
[229370.046875, 53124.875000, -95924.031250]
[229874.312500, 53241.675781, -96134.898438]
[230378.593750, 53358.476562, -96345.765625]
[230882.875000, 53475.277344, -96556.640625]
[231387.140625, 53592.078125, -96767.523438]
[231891.421875, 53708.878906, -96978.390625]
[232395.703125, 53825.683594, -97189.265625]
[232899.968750, 53942.472656, -97400.148438]
[233404.250000, 54059.277344, -97611.023438]
[233908.515625, 54176.089844, -97821.906250]
[234412.796875, 54292.894531, -98032.781250]
[234917.062500, 54409.679688, -98243.664062]
[235421.312500, 54526.484375, -98454.539062]
[235925.531250, 54643.285156, -98665.406250]
[236429.656250, 54760.085938, -98876.273438]
[236933.937500, 54876.855469, -99087.148438]
[237438.156250, 54993.660156, -99298.031250]
[237942.343750, 55110.457031, -99508.906250]
[238446.593750, 55227.257812, -99719.789062]
[238950.843750, 55344.058594, -99930.656250]
[239455.093750, 55460.855469, -100141.539062]
[239959.265625, 55577.652344, -100352.421875]
[240463.531250, 55694.433594, -100563.281250]
[240967.812500, 55811.234375, -100774.148438]
[241472.031250, 55928.039062, -100985.031250]
[241976.187500, 56044.835938, -101195.906250]
[242480.406250, 56161.628906, -101406.789062]
[242984.687500, 56278.417969, -101617.656250]
[243488.937500, 56395.214844, -101828.531250]
[243993.218750, 56512.023438, -102039.414062]
[244497.453125, 56628.824219, -102250.289062]
[245001.546875, 56745.617188, -102461.164062]
[245505.781250, 56862.421875, -102672.046875]
[246010.031250, 56979.222656, -102882.921875]
[246514.281250, 57096.007812, -103093.804688]
[247018.562500, 57212.816406, -103304.687500]
[247522.828125, 57329.621094, -103515.562500]
[248027.109375, 57446.433594, -103726.445312]
[248531.328125, 57563.226562, -103937.320312]
[249035.609375, 57680.027344, -104148.203125]
[249539.859375, 57796.820312, -104359.078125]
[250044.109375, 57913.617188, -104569.953125]
[250548.343750, 58030.414062, -104780.835938]
[251052.593750, 58147.195312, -104991.710938]
[251556.875000, 58263.988281, -105202.593750]
[252061.125000, 58380.785156, -105413.468750]
[252565.375000, 58497.585938, -105624.328125]
[253069.625000, 58614.394531, -105835.210938]
[253573.859375, 58731.179688, -106046.093750]
[254078.140625, 58847.984375, -106256.968750]
[254582.421875, 58964.777344, -106467.851562]
[255086.531250, 59081.574219, -106678.726562]
[255590.765625, 59198.375000, -106889.609375]
[256095.015625, 59315.175781, -107100.492188]
[256599.265625, 59431.976562, -107311.367188]
[257103.437500, 59548.781250, -107522.250000]
[257607.687500, 59665.582031, -107733.125000]
[258111.953125, 59782.382812, -107944.007812]
[258616.234375, 59899.183594, -108154.890625]
[259120.484375, 60015.988281, -108365.750000]
[259624.734375, 60132.789062, -108576.632812]
[260128.968750, 60249.589844, -108787.507812]
[260633.187500, 60366.390625, -108998.390625]
[261137.437500, 60483.195312, -109209.257812]
[261641.687500, 60599.996094, -109420.132812]
[262145.968750, 60716.796875, -109631.015625]
[262650.218750, 60833.597656, -109841.898438]
[263154.406250, 60950.406250, -110052.773438]
[263658.656250, 61067.214844, -110263.656250]
[264162.906250, 61184.019531, -110474.531250]
[264667.156250, 61300.820312, -110685.414062]
[265171.406250, 61417.621094, -110896.296875]
[265675.687500, 61534.421875, -111107.171875]
[266179.906250, 61651.230469, -111318.054688]
[266684.093750, 61768.027344, -111528.921875]
[267188.343750, 61884.820312, -111739.804688]
[267692.593750, 62001.625000, -111950.687500]
[268196.812500, 62118.417969, -112161.562500]
[268701.062500, 62235.218750, -112372.445312]
[269205.312500, 62352.015625, -112583.320312]
[269709.562500, 62468.808594, -112794.203125]
[270213.781250, 62585.617188, -113005.085938]
[270718.031250, 62702.425781, -113215.960938]
[271222.281250, 62819.226562, -113426.843750]
[271726.531250, 62936.031250, -113637.718750]
[272230.781250, 63052.832031, -113848.601562]
[272735.031250, 63169.632812, -114059.468750]
[273239.281250, 63286.433594, -114270.343750]
[273743.562500, 63403.238281, -114481.234375]
[274247.781250, 63520.039062, -114692.109375]
[274752.031250, 63636.839844, -114902.992188]
[275256.312500, 63753.640625, -115113.875000]
[275760.531250, 63870.445312, -115324.750000]
[276264.750000, 63987.253906, -115535.632812]
[276769.000000, 64104.054688, -115746.500000]
[277273.218750, 64220.855469, -115957.382812]
[277777.468750, 64337.656250, -116168.265625]
[278281.687500, 64454.460938, -116379.140625]
[278785.906250, 64571.269531, -116590.023438]
[279290.156250, 64688.062500, -116800.898438]
[279794.406250, 64804.863281, -117011.781250]
[280298.656250, 64921.667969, -117222.664062]
[280802.937500, 65038.468750, -117433.632812]
[281307.187500, 65155.261719, -117644.640625]
[281811.437500, 65272.070312, -117855.500000]
[282315.625000, 65388.875000, -118066.476562]
[282819.906250, 65505.667969, -118277.398438]
[283324.156250, 65622.476562, -118488.328125]
[283828.406250, 65739.281250, -118699.343750]
[284332.656250, 65856.078125, -118910.382812]
[284836.906250, 65972.882812, -119121.437500]
[285341.156250, 66089.687500, -119332.187500]
[285845.406250, 66206.492188, -119543.015625]
[286349.625000, 66323.296875, -119753.960938]
[286853.875000, 66440.093750, -119964.945312]
[287358.093750, 66556.890625, -120175.843750]
[287862.343750, 66673.687500, -120386.968750]
[288366.593750, 66790.484375, -120597.898438]
[288870.843750, 66907.296875, -120808.867188]
[289375.093750, 67024.101562, -121019.781250]
[289879.375000, 67140.906250, -121230.734375]
[290383.656250, 67257.710938, -121441.625000]
[290887.906250, 67374.507812, -121652.648438]
[291392.156250, 67491.312500, -121863.679688]
[291896.406250, 67608.117188, -122074.617188]
[292400.687500, 67724.914062, -122285.617188]
[292904.906250, 67841.718750, -122496.562500]
[293409.156250, 67958.515625, -122707.546875]
[293913.375000, 68075.320312, -122918.445312]
[294417.625000, 68192.117188, -123129.359375]
[294921.875000, 68308.914062, -123340.218750]
[295426.125000, 68425.718750, -123551.289062]
[295930.343750, 68542.531250, -123762.351562]
[296434.500000, 68659.328125, -123973.398438]
[296938.687500, 68776.132812, -124184.312500]
[297442.937500, 68892.937500, -124395.312500]
[297947.125000, 69009.742188, -124606.406250]
[298451.406250, 69126.546875, -124817.414062]
[298955.656250, 69243.359375, -125028.414062]
[299459.875000, 69360.164062, -125239.414062]
[299964.125000, 69476.968750, -125450.343750]
[300468.343750, 69593.773438, -125661.359375]
[300972.437500, 69710.570312, -125872.328125]
[301476.656250, 69827.375000, -126083.265625]
[301980.906250, 69944.179688, -126294.195312]
[302485.125000, 70060.984375, -126505.031250]